<?xml version="1.0" encoding="UTF-8"?>
<TestRun id="853be9cc-8cad-4423-b88f-109fc4528c77" name="joy@JOY-PC 2014-04-07 20:53:32" runUser="joy-PC\joy" xmlns="http://microsoft.com/schemas/VisualStudio/TeamTest/2010">
  <TestSettings name="本地" id="c0ebd4f5-5243-4811-ae81-3cf46aee3685">
    <Description>这些设置为本地测试运行的默认测试设置。</Description>
    <Deployment enabled="false" runDeploymentRoot="joy_JOY-PC 2014-04-07 20_53_32">
      <DeploymentItem filename="D:\VSworkspace\visual studio 2010\C# samples\GitHub\ParallelExtensionsExtras-master\ParallelExtensionsExtras-master\src\bin\Debug\ParallelExtensionsExtras.dll" />
    </Deployment>
    <Execution>
      <TestTypeSpecific />
      <AgentRule name="Execution Agents">
      </AgentRule>
    </Execution>
  </TestSettings>
  <Times creation="2014-04-07T20:53:32.8308335+08:00" queuing="2014-04-07T20:53:35.7799936+08:00" start="2014-04-07T20:53:36.0090061+08:00" finish="2014-04-07T20:53:37.1810697+08:00" />
  <ResultSummary outcome="Completed">
    <Counters total="1" executed="1" passed="1" error="0" failed="0" timeout="0" aborted="0" inconclusive="0" passedButRunAborted="0" notRunnable="0" notExecuted="0" disconnected="0" warning="0" completed="0" inProgress="0" pending="0" />
  </ResultSummary>
  <TestDefinitions>
    <UnitTest name="EnqueueTest" storage="d:\vsworkspace\visual studio 2010\c# samples\github\parallelextensionsextras-master\parallelextensionsextras-master\src\parallelextensionsunittest\bin\debug\parallelextensionsunittest.dll" id="a221281b-d6f4-4d91-e44e-41b8f1860310">
      <Execution id="91162c4c-3c72-40cd-ac26-08d39452a82f" />
      <TestMethod codeBase="D:/VSworkspace/visual studio 2010/C# samples/GitHub/ParallelExtensionsExtras-master/ParallelExtensionsExtras-master/src/ParallelExtensionsUnitTest/bin/Debug/ParallelExtensionsUnitTest.DLL" adapterTypeName="Microsoft.VisualStudio.TestTools.TestTypes.Unit.UnitTestAdapter, Microsoft.VisualStudio.QualityTools.Tips.UnitTest.Adapter, Version=10.0.0.0, Culture=neutral, PublicKeyToken=b03f5f7f11d50a3a" className="ParallelExtensionsUnitTest.SerialTaskQueueTest, ParallelExtensionsUnitTest, Version=1.0.0.0, Culture=neutral, PublicKeyToken=null" name="EnqueueTest" />
    </UnitTest>
  </TestDefinitions>
  <TestLists>
    <TestList name="列表中未列出的结果" id="8c84fa94-04c1-424b-9868-57a2d4851a1d" />
    <TestList name="所有已加载的结果" id="19431567-8539-422a-85d7-44ee4e166bda" />
  </TestLists>
  <TestEntries>
    <TestEntry testId="a221281b-d6f4-4d91-e44e-41b8f1860310" executionId="91162c4c-3c72-40cd-ac26-08d39452a82f" testListId="8c84fa94-04c1-424b-9868-57a2d4851a1d" />
  </TestEntries>
  <Results>
    <UnitTestResult executionId="91162c4c-3c72-40cd-ac26-08d39452a82f" testId="a221281b-d6f4-4d91-e44e-41b8f1860310" testName="EnqueueTest" computerName="JOY-PC" duration="00:00:00.1137690" startTime="2014-04-07T20:53:36.0810100+08:00" endTime="2014-04-07T20:53:37.1020654+08:00" testType="13cdc9d9-ddb5-4fa4-a97d-d965ccfc6d4b" outcome="Passed" testListId="8c84fa94-04c1-424b-9868-57a2d4851a1d" relativeResultsDirectory="91162c4c-3c72-40cd-ac26-08d39452a82f">
      <Output>
        <StdOut>0 in task t-0 on thread 15 0 in task t-1 on thread 17 1 in task t-1 on thread 17 
2 in task t-1 on thread 17 3 in task t-1 on thread 17 4 in task t-1 on thread 17 
5 in task t-1 on thread 17 6 in task t-1 on thread 17 7 in task t-1 on thread 17 
8 in task t-1 on thread 17 9 in task t-1 on thread 17 10 in task t-1 on thread 17 
11 in task t-1 on thread 17 12 in task t-1 on thread 17 13 in task t-1 on thread 17 
14 in task t-1 on thread 17 15 in task t-1 on thread 17 16 in task t-1 on thread 17 
17 in task t-1 on thread 17 18 in task t-1 on thread 17 19 in task t-1 on thread 17 
20 in task t-1 on thread 17 21 in task t-1 on thread 17 22 in task t-1 on thread 17 
23 in task t-1 on thread 17 24 in task t-1 on thread 17 25 in task t-1 on thread 17 
26 in task t-1 on thread 17 27 in task t-1 on thread 17 28 in task t-1 on thread 17 
29 in task t-1 on thread 17 30 in task t-1 on thread 17 31 in task t-1 on thread 17 
32 in task t-1 on thread 17 33 in task t-1 on thread 17 34 in task t-1 on thread 17 
35 in task t-1 on thread 17 36 in task t-1 on thread 17 37 in task t-1 on thread 17 
38 in task t-1 on thread 17 39 in task t-1 on thread 17 40 in task t-1 on thread 17 
41 in task t-1 on thread 17 42 in task t-1 on thread 17 43 in task t-1 on thread 17 
44 in task t-1 on thread 17 45 in task t-1 on thread 17 46 in task t-1 on thread 17 
47 in task t-1 on thread 17 48 in task t-1 on thread 17 49 in task t-1 on thread 17 
50 in task t-1 on thread 17 51 in task t-1 on thread 17 52 in task t-1 on thread 17 
53 in task t-1 on thread 17 54 in task t-1 on thread 17 55 in task t-1 on thread 17 
56 in task t-1 on thread 17 57 in task t-1 on thread 17 58 in task t-1 on thread 17 
59 in task t-1 on thread 17 60 in task t-1 on thread 17 61 in task t-1 on thread 17 
62 in task t-1 on thread 17 63 in task t-1 on thread 17 64 in task t-1 on thread 17 
65 in task t-1 on thread 17 66 in task t-1 on thread 17 67 in task t-1 on thread 17 
68 in task t-1 on thread 17 69 in task t-1 on thread 17 70 in task t-1 on thread 17 
71 in task t-1 on thread 17 72 in task t-1 on thread 17 73 in task t-1 on thread 17 
74 in task t-1 on thread 17 75 in task t-1 on thread 17 76 in task t-1 on thread 17 
77 in task t-1 on thread 17 78 in task t-1 on thread 17 79 in task t-1 on thread 17 
80 in task t-1 on thread 17 81 in task t-1 on thread 17 82 in task t-1 on thread 17 
83 in task t-1 on thread 17 84 in task t-1 on thread 17 85 in task t-1 on thread 17 
86 in task t-1 on thread 17 87 in task t-1 on thread 17 88 in task t-1 on thread 17 
89 in task t-1 on thread 17 90 in task t-1 on thread 17 91 in task t-1 on thread 17 
92 in task t-1 on thread 17 93 in task t-1 on thread 17 94 in task t-1 on thread 17 
95 in task t-1 on thread 17 96 in task t-1 on thread 17 97 in task t-1 on thread 17 
98 in task t-1 on thread 17 99 in task t-1 on thread 17 100 in task t-1 on thread 17 
101 in task t-1 on thread 17 102 in task t-1 on thread 17 103 in task t-1 on thread 17 
104 in task t-1 on thread 17 105 in task t-1 on thread 17 106 in task t-1 on thread 17 
107 in task t-1 on thread 17 108 in task t-1 on thread 17 109 in task t-1 on thread 17 
110 in task t-1 on thread 17 111 in task t-1 on thread 17 112 in task t-1 on thread 17 
113 in task t-1 on thread 17 114 in task t-1 on thread 17 115 in task t-1 on thread 17 
116 in task t-1 on thread 17 117 in task t-1 on thread 17 118 in task t-1 on thread 17 
119 in task t-1 on thread 17 120 in task t-1 on thread 17 121 in task t-1 on thread 17 
122 in task t-1 on thread 17 123 in task t-1 on thread 17 124 in task t-1 on thread 17 
125 in task t-1 on thread 17 126 in task t-1 on thread 17 127 in task t-1 on thread 17 
128 in task t-1 on thread 17 129 in task t-1 on thread 17 130 in task t-1 on thread 17 
131 in task t-1 on thread 17 132 in task t-1 on thread 17 133 in task t-1 on thread 17 
134 in task t-1 on thread 17 135 in task t-1 on thread 17 136 in task t-1 on thread 17 
137 in task t-1 on thread 17 138 in task t-1 on thread 17 139 in task t-1 on thread 17 
140 in task t-1 on thread 17 141 in task t-1 on thread 17 142 in task t-1 on thread 17 
143 in task t-1 on thread 17 144 in task t-1 on thread 17 145 in task t-1 on thread 17 
146 in task t-1 on thread 17 147 in task t-1 on thread 17 148 in task t-1 on thread 17 
149 in task t-1 on thread 17 150 in task t-1 on thread 17 151 in task t-1 on thread 17 
152 in task t-1 on thread 17 153 in task t-1 on thread 17 154 in task t-1 on thread 17 
155 in task t-1 on thread 17 156 in task t-1 on thread 17 157 in task t-1 on thread 17 
158 in task t-1 on thread 17 159 in task t-1 on thread 17 160 in task t-1 on thread 17 
161 in task t-1 on thread 17 162 in task t-1 on thread 17 163 in task t-1 on thread 17 
164 in task t-1 on thread 17 165 in task t-1 on thread 17 166 in task t-1 on thread 17 
167 in task t-1 on thread 17 168 in task t-1 on thread 17 169 in task t-1 on thread 17 
170 in task t-1 on thread 17 171 in task t-1 on thread 17 172 in task t-1 on thread 17 
173 in task t-1 on thread 17 174 in task t-1 on thread 17 175 in task t-1 on thread 17 
176 in task t-1 on thread 17 177 in task t-1 on thread 17 178 in task t-1 on thread 17 
179 in task t-1 on thread 17 180 in task t-1 on thread 17 181 in task t-1 on thread 17 
182 in task t-1 on thread 17 183 in task t-1 on thread 17 184 in task t-1 on thread 17 
185 in task t-1 on thread 17 186 in task t-1 on thread 17 187 in task t-1 on thread 17 
188 in task t-1 on thread 17 189 in task t-1 on thread 17 190 in task t-1 on thread 17 
191 in task t-1 on thread 17 192 in task t-1 on thread 17 193 in task t-1 on thread 17 
194 in task t-1 on thread 17 195 in task t-1 on thread 17 196 in task t-1 on thread 17 
197 in task t-1 on thread 17 198 in task t-1 on thread 17 199 in task t-1 on thread 17 
200 in task t-1 on thread 17 201 in task t-1 on thread 17 202 in task t-1 on thread 17 
203 in task t-1 on thread 17 204 in task t-1 on thread 17 205 in task t-1 on thread 17 
206 in task t-1 on thread 17 207 in task t-1 on thread 17 208 in task t-1 on thread 17 
209 in task t-1 on thread 17 210 in task t-1 on thread 17 211 in task t-1 on thread 17 
212 in task t-1 on thread 17 213 in task t-1 on thread 17 214 in task t-1 on thread 17 
215 in task t-1 on thread 17 216 in task t-1 on thread 17 217 in task t-1 on thread 17 
218 in task t-1 on thread 17 219 in task t-1 on thread 17 220 in task t-1 on thread 17 
221 in task t-1 on thread 17 222 in task t-1 on thread 17 223 in task t-1 on thread 17 
224 in task t-1 on thread 17 225 in task t-1 on thread 17 226 in task t-1 on thread 17 
227 in task t-1 on thread 17 228 in task t-1 on thread 17 229 in task t-1 on thread 17 
230 in task t-1 on thread 17 231 in task t-1 on thread 17 232 in task t-1 on thread 17 
233 in task t-1 on thread 17 234 in task t-1 on thread 17 235 in task t-1 on thread 17 
236 in task t-1 on thread 17 237 in task t-1 on thread 17 238 in task t-1 on thread 17 
239 in task t-1 on thread 17 240 in task t-1 on thread 17 241 in task t-1 on thread 17 
242 in task t-1 on thread 17 243 in task t-1 on thread 17 244 in task t-1 on thread 17 
245 in task t-1 on thread 17 246 in task t-1 on thread 17 247 in task t-1 on thread 17 
248 in task t-1 on thread 17 249 in task t-1 on thread 17 250 in task t-1 on thread 17 
251 in task t-1 on thread 17 252 in task t-1 on thread 17 253 in task t-1 on thread 17 
254 in task t-1 on thread 17 255 in task t-1 on thread 17 256 in task t-1 on thread 17 
257 in task t-1 on thread 17 258 in task t-1 on thread 17 259 in task t-1 on thread 17 
260 in task t-1 on thread 17 261 in task t-1 on thread 17 262 in task t-1 on thread 17 
263 in task t-1 on thread 17 264 in task t-1 on thread 17 265 in task t-1 on thread 17 
266 in task t-1 on thread 17 267 in task t-1 on thread 17 268 in task t-1 on thread 17 
269 in task t-1 on thread 17 270 in task t-1 on thread 17 271 in task t-1 on thread 17 
272 in task t-1 on thread 17 273 in task t-1 on thread 17 274 in task t-1 on thread 17 
275 in task t-1 on thread 17 276 in task t-1 on thread 17 277 in task t-1 on thread 17 
278 in task t-1 on thread 17 279 in task t-1 on thread 17 280 in task t-1 on thread 17 
281 in task t-1 on thread 17 282 in task t-1 on thread 17 283 in task t-1 on thread 17 
284 in task t-1 on thread 17 285 in task t-1 on thread 17 286 in task t-1 on thread 17 
287 in task t-1 on thread 17 288 in task t-1 on thread 17 289 in task t-1 on thread 17 
290 in task t-1 on thread 17 291 in task t-1 on thread 17 292 in task t-1 on thread 17 
293 in task t-1 on thread 17 294 in task t-1 on thread 17 295 in task t-1 on thread 17 
296 in task t-1 on thread 17 297 in task t-1 on thread 17 298 in task t-1 on thread 17 
299 in task t-1 on thread 17 300 in task t-1 on thread 17 301 in task t-1 on thread 17 
302 in task t-1 on thread 17 303 in task t-1 on thread 17 304 in task t-1 on thread 17 
305 in task t-1 on thread 17 306 in task t-1 on thread 17 307 in task t-1 on thread 17 
308 in task t-1 on thread 17 309 in task t-1 on thread 17 310 in task t-1 on thread 17 
311 in task t-1 on thread 17 312 in task t-1 on thread 17 313 in task t-1 on thread 17 
314 in task t-1 on thread 17 315 in task t-1 on thread 17 316 in task t-1 on thread 17 
317 in task t-1 on thread 17 318 in task t-1 on thread 17 319 in task t-1 on thread 17 
320 in task t-1 on thread 17 321 in task t-1 on thread 17 322 in task t-1 on thread 17 
323 in task t-1 on thread 17 324 in task t-1 on thread 17 325 in task t-1 on thread 17 
326 in task t-1 on thread 17 327 in task t-1 on thread 17 328 in task t-1 on thread 17 
329 in task t-1 on thread 17 330 in task t-1 on thread 17 331 in task t-1 on thread 17 
332 in task t-1 on thread 17 333 in task t-1 on thread 17 334 in task t-1 on thread 17 
335 in task t-1 on thread 17 336 in task t-1 on thread 17 337 in task t-1 on thread 17 
338 in task t-1 on thread 17 339 in task t-1 on thread 17 340 in task t-1 on thread 17 
341 in task t-1 on thread 17 342 in task t-1 on thread 17 343 in task t-1 on thread 17 
344 in task t-1 on thread 17 345 in task t-1 on thread 17 346 in task t-1 on thread 17 
347 in task t-1 on thread 17 348 in task t-1 on thread 17 349 in task t-1 on thread 17 
350 in task t-1 on thread 17 351 in task t-1 on thread 17 352 in task t-1 on thread 17 
353 in task t-1 on thread 17 354 in task t-1 on thread 17 355 in task t-1 on thread 17 
356 in task t-1 on thread 17 357 in task t-1 on thread 17 358 in task t-1 on thread 17 
359 in task t-1 on thread 17 360 in task t-1 on thread 17 361 in task t-1 on thread 17 
362 in task t-1 on thread 17 363 in task t-1 on thread 17 364 in task t-1 on thread 17 
365 in task t-1 on thread 17 366 in task t-1 on thread 17 367 in task t-1 on thread 17 
368 in task t-1 on thread 17 369 in task t-1 on thread 17 370 in task t-1 on thread 17 
371 in task t-1 on thread 17 372 in task t-1 on thread 17 373 in task t-1 on thread 17 
374 in task t-1 on thread 17 375 in task t-1 on thread 17 376 in task t-1 on thread 17 
377 in task t-1 on thread 17 378 in task t-1 on thread 17 379 in task t-1 on thread 17 
380 in task t-1 on thread 17 381 in task t-1 on thread 17 382 in task t-1 on thread 17 
383 in task t-1 on thread 17 384 in task t-1 on thread 17 385 in task t-1 on thread 17 
386 in task t-1 on thread 17 387 in task t-1 on thread 17 388 in task t-1 on thread 17 
389 in task t-1 on thread 17 390 in task t-1 on thread 17 391 in task t-1 on thread 17 
392 in task t-1 on thread 17 393 in task t-1 on thread 17 394 in task t-1 on thread 17 
395 in task t-1 on thread 17 396 in task t-1 on thread 17 397 in task t-1 on thread 17 
398 in task t-1 on thread 17 399 in task t-1 on thread 17 400 in task t-1 on thread 17 
401 in task t-1 on thread 17 402 in task t-1 on thread 17 403 in task t-1 on thread 17 
404 in task t-1 on thread 17 405 in task t-1 on thread 17 406 in task t-1 on thread 17 
407 in task t-1 on thread 17 408 in task t-1 on thread 17 409 in task t-1 on thread 17 
410 in task t-1 on thread 17 411 in task t-1 on thread 17 412 in task t-1 on thread 17 
413 in task t-1 on thread 17 414 in task t-1 on thread 17 415 in task t-1 on thread 17 
416 in task t-1 on thread 17 417 in task t-1 on thread 17 418 in task t-1 on thread 17 
419 in task t-1 on thread 17 420 in task t-1 on thread 17 421 in task t-1 on thread 17 
422 in task t-1 on thread 17 423 in task t-1 on thread 17 424 in task t-1 on thread 17 
425 in task t-1 on thread 17 426 in task t-1 on thread 17 427 in task t-1 on thread 17 
428 in task t-1 on thread 17 429 in task t-1 on thread 17 430 in task t-1 on thread 17 
431 in task t-1 on thread 17 432 in task t-1 on thread 17 433 in task t-1 on thread 17 
434 in task t-1 on thread 17 435 in task t-1 on thread 17 436 in task t-1 on thread 17 
437 in task t-1 on thread 17 438 in task t-1 on thread 17 439 in task t-1 on thread 17 
440 in task t-1 on thread 17 441 in task t-1 on thread 17 442 in task t-1 on thread 17 
443 in task t-1 on thread 17 444 in task t-1 on thread 17 445 in task t-1 on thread 17 
446 in task t-1 on thread 17 447 in task t-1 on thread 17 448 in task t-1 on thread 17 
449 in task t-1 on thread 17 450 in task t-1 on thread 17 451 in task t-1 on thread 17 
452 in task t-1 on thread 17 453 in task t-1 on thread 17 454 in task t-1 on thread 17 
455 in task t-1 on thread 17 456 in task t-1 on thread 17 457 in task t-1 on thread 17 
458 in task t-1 on thread 17 459 in task t-1 on thread 17 460 in task t-1 on thread 17 
461 in task t-1 on thread 17 462 in task t-1 on thread 17 463 in task t-1 on thread 17 
464 in task t-1 on thread 17 465 in task t-1 on thread 17 466 in task t-1 on thread 17 
467 in task t-1 on thread 17 468 in task t-1 on thread 17 469 in task t-1 on thread 17 
470 in task t-1 on thread 17 471 in task t-1 on thread 17 472 in task t-1 on thread 17 
473 in task t-1 on thread 17 474 in task t-1 on thread 17 475 in task t-1 on thread 17 
476 in task t-1 on thread 17 477 in task t-1 on thread 17 478 in task t-1 on thread 17 
479 in task t-1 on thread 17 480 in task t-1 on thread 17 481 in task t-1 on thread 17 
482 in task t-1 on thread 17 483 in task t-1 on thread 17 484 in task t-1 on thread 17 
485 in task t-1 on thread 17 486 in task t-1 on thread 17 487 in task t-1 on thread 17 
488 in task t-1 on thread 17 489 in task t-1 on thread 17 490 in task t-1 on thread 17 
491 in task t-1 on thread 17 492 in task t-1 on thread 17 493 in task t-1 on thread 17 
494 in task t-1 on thread 17 495 in task t-1 on thread 17 496 in task t-1 on thread 17 
497 in task t-1 on thread 17 498 in task t-1 on thread 17 499 in task t-1 on thread 17 
500 in task t-1 on thread 17 501 in task t-1 on thread 17 502 in task t-1 on thread 17 
503 in task t-1 on thread 17 504 in task t-1 on thread 17 505 in task t-1 on thread 17 
506 in task t-1 on thread 17 507 in task t-1 on thread 17 508 in task t-1 on thread 17 
509 in task t-1 on thread 17 510 in task t-1 on thread 17 511 in task t-1 on thread 17 
512 in task t-1 on thread 17 513 in task t-1 on thread 17 514 in task t-1 on thread 17 
515 in task t-1 on thread 17 516 in task t-1 on thread 17 517 in task t-1 on thread 17 
518 in task t-1 on thread 17 519 in task t-1 on thread 17 520 in task t-1 on thread 17 
521 in task t-1 on thread 17 522 in task t-1 on thread 17 523 in task t-1 on thread 17 
524 in task t-1 on thread 17 525 in task t-1 on thread 17 526 in task t-1 on thread 17 
527 in task t-1 on thread 17 528 in task t-1 on thread 17 529 in task t-1 on thread 17 
530 in task t-1 on thread 17 531 in task t-1 on thread 17 532 in task t-1 on thread 17 
533 in task t-1 on thread 17 534 in task t-1 on thread 17 535 in task t-1 on thread 17 
536 in task t-1 on thread 17 537 in task t-1 on thread 17 538 in task t-1 on thread 17 
539 in task t-1 on thread 17 540 in task t-1 on thread 17 541 in task t-1 on thread 17 
542 in task t-1 on thread 17 543 in task t-1 on thread 17 544 in task t-1 on thread 17 
545 in task t-1 on thread 17 546 in task t-1 on thread 17 547 in task t-1 on thread 17 
548 in task t-1 on thread 17 549 in task t-1 on thread 17 550 in task t-1 on thread 17 
551 in task t-1 on thread 17 552 in task t-1 on thread 17 553 in task t-1 on thread 17 
554 in task t-1 on thread 17 555 in task t-1 on thread 17 556 in task t-1 on thread 17 
557 in task t-1 on thread 17 558 in task t-1 on thread 17 559 in task t-1 on thread 17 
560 in task t-1 on thread 17 561 in task t-1 on thread 17 562 in task t-1 on thread 17 
563 in task t-1 on thread 17 564 in task t-1 on thread 17 565 in task t-1 on thread 17 
566 in task t-1 on thread 17 567 in task t-1 on thread 17 568 in task t-1 on thread 17 
569 in task t-1 on thread 17 570 in task t-1 on thread 17 571 in task t-1 on thread 17 
572 in task t-1 on thread 17 573 in task t-1 on thread 17 574 in task t-1 on thread 17 
575 in task t-1 on thread 17 576 in task t-1 on thread 17 577 in task t-1 on thread 17 
578 in task t-1 on thread 17 579 in task t-1 on thread 17 580 in task t-1 on thread 17 
581 in task t-1 on thread 17 582 in task t-1 on thread 17 583 in task t-1 on thread 17 
584 in task t-1 on thread 17 585 in task t-1 on thread 17 586 in task t-1 on thread 17 
587 in task t-1 on thread 17 588 in task t-1 on thread 17 589 in task t-1 on thread 17 
590 in task t-1 on thread 17 591 in task t-1 on thread 17 592 in task t-1 on thread 17 
593 in task t-1 on thread 17 594 in task t-1 on thread 17 595 in task t-1 on thread 17 
596 in task t-1 on thread 17 597 in task t-1 on thread 17 598 in task t-1 on thread 17 
599 in task t-1 on thread 17 600 in task t-1 on thread 17 601 in task t-1 on thread 17 
602 in task t-1 on thread 17 603 in task t-1 on thread 17 604 in task t-1 on thread 17 
605 in task t-1 on thread 17 606 in task t-1 on thread 17 607 in task t-1 on thread 17 
608 in task t-1 on thread 17 609 in task t-1 on thread 17 610 in task t-1 on thread 17 
611 in task t-1 on thread 17 612 in task t-1 on thread 17 613 in task t-1 on thread 17 
614 in task t-1 on thread 17 615 in task t-1 on thread 17 616 in task t-1 on thread 17 
617 in task t-1 on thread 17 618 in task t-1 on thread 17 619 in task t-1 on thread 17 
620 in task t-1 on thread 17 621 in task t-1 on thread 17 622 in task t-1 on thread 17 
623 in task t-1 on thread 17 624 in task t-1 on thread 17 625 in task t-1 on thread 17 
626 in task t-1 on thread 17 627 in task t-1 on thread 17 628 in task t-1 on thread 17 
629 in task t-1 on thread 17 630 in task t-1 on thread 17 631 in task t-1 on thread 17 
632 in task t-1 on thread 17 633 in task t-1 on thread 17 634 in task t-1 on thread 17 
635 in task t-1 on thread 17 636 in task t-1 on thread 17 637 in task t-1 on thread 17 
638 in task t-1 on thread 17 639 in task t-1 on thread 17 640 in task t-1 on thread 17 
641 in task t-1 on thread 17 642 in task t-1 on thread 17 643 in task t-1 on thread 17 
644 in task t-1 on thread 17 645 in task t-1 on thread 17 646 in task t-1 on thread 17 
647 in task t-1 on thread 17 648 in task t-1 on thread 17 649 in task t-1 on thread 17 
650 in task t-1 on thread 17 651 in task t-1 on thread 17 652 in task t-1 on thread 17 
653 in task t-1 on thread 17 654 in task t-1 on thread 17 655 in task t-1 on thread 17 
656 in task t-1 on thread 17 657 in task t-1 on thread 17 658 in task t-1 on thread 17 
659 in task t-1 on thread 17 660 in task t-1 on thread 17 661 in task t-1 on thread 17 
662 in task t-1 on thread 17 663 in task t-1 on thread 17 664 in task t-1 on thread 17 
665 in task t-1 on thread 17 666 in task t-1 on thread 17 667 in task t-1 on thread 17 
668 in task t-1 on thread 17 669 in task t-1 on thread 17 670 in task t-1 on thread 17 
671 in task t-1 on thread 17 672 in task t-1 on thread 17 673 in task t-1 on thread 17 
674 in task t-1 on thread 17 675 in task t-1 on thread 17 676 in task t-1 on thread 17 
677 in task t-1 on thread 17 678 in task t-1 on thread 17 679 in task t-1 on thread 17 
680 in task t-1 on thread 17 681 in task t-1 on thread 17 682 in task t-1 on thread 17 
683 in task t-1 on thread 17 684 in task t-1 on thread 17 685 in task t-1 on thread 17 
686 in task t-1 on thread 17 687 in task t-1 on thread 17 688 in task t-1 on thread 17 
689 in task t-1 on thread 17 690 in task t-1 on thread 17 691 in task t-1 on thread 17 
692 in task t-1 on thread 17 693 in task t-1 on thread 17 694 in task t-1 on thread 17 
695 in task t-1 on thread 17 696 in task t-1 on thread 17 697 in task t-1 on thread 17 
698 in task t-1 on thread 17 699 in task t-1 on thread 17 700 in task t-1 on thread 17 
701 in task t-1 on thread 17 702 in task t-1 on thread 17 703 in task t-1 on thread 17 
704 in task t-1 on thread 17 705 in task t-1 on thread 17 706 in task t-1 on thread 17 
707 in task t-1 on thread 17 708 in task t-1 on thread 17 709 in task t-1 on thread 17 
710 in task t-1 on thread 17 711 in task t-1 on thread 17 712 in task t-1 on thread 17 
713 in task t-1 on thread 17 714 in task t-1 on thread 17 715 in task t-1 on thread 17 
716 in task t-1 on thread 17 717 in task t-1 on thread 17 718 in task t-1 on thread 17 
719 in task t-1 on thread 17 720 in task t-1 on thread 17 721 in task t-1 on thread 17 
722 in task t-1 on thread 17 723 in task t-1 on thread 17 724 in task t-1 on thread 17 
725 in task t-1 on thread 17 726 in task t-1 on thread 17 727 in task t-1 on thread 17 
728 in task t-1 on thread 17 729 in task t-1 on thread 17 730 in task t-1 on thread 17 
731 in task t-1 on thread 17 732 in task t-1 on thread 17 733 in task t-1 on thread 17 
734 in task t-1 on thread 17 735 in task t-1 on thread 17 736 in task t-1 on thread 17 
737 in task t-1 on thread 17 738 in task t-1 on thread 17 739 in task t-1 on thread 17 
740 in task t-1 on thread 17 741 in task t-1 on thread 17 742 in task t-1 on thread 17 
743 in task t-1 on thread 17 744 in task t-1 on thread 17 745 in task t-1 on thread 17 
746 in task t-1 on thread 17 747 in task t-1 on thread 17 748 in task t-1 on thread 17 
749 in task t-1 on thread 17 750 in task t-1 on thread 17 751 in task t-1 on thread 17 
752 in task t-1 on thread 17 753 in task t-1 on thread 17 754 in task t-1 on thread 17 
755 in task t-1 on thread 17 756 in task t-1 on thread 17 757 in task t-1 on thread 17 
758 in task t-1 on thread 17 759 in task t-1 on thread 17 760 in task t-1 on thread 17 
761 in task t-1 on thread 17 762 in task t-1 on thread 17 763 in task t-1 on thread 17 
764 in task t-1 on thread 17 765 in task t-1 on thread 17 766 in task t-1 on thread 17 
767 in task t-1 on thread 17 768 in task t-1 on thread 17 769 in task t-1 on thread 17 
770 in task t-1 on thread 17 771 in task t-1 on thread 17 772 in task t-1 on thread 17 
773 in task t-1 on thread 17 774 in task t-1 on thread 17 775 in task t-1 on thread 17 
776 in task t-1 on thread 17 777 in task t-1 on thread 17 778 in task t-1 on thread 17 
779 in task t-1 on thread 17 780 in task t-1 on thread 17 781 in task t-1 on thread 17 
782 in task t-1 on thread 17 783 in task t-1 on thread 17 784 in task t-1 on thread 17 
785 in task t-1 on thread 17 786 in task t-1 on thread 17 787 in task t-1 on thread 17 
788 in task t-1 on thread 17 789 in task t-1 on thread 17 790 in task t-1 on thread 17 
791 in task t-1 on thread 17 792 in task t-1 on thread 17 793 in task t-1 on thread 17 
794 in task t-1 on thread 17 795 in task t-1 on thread 17 796 in task t-1 on thread 17 
797 in task t-1 on thread 17 798 in task t-1 on thread 17 799 in task t-1 on thread 17 
800 in task t-1 on thread 17 801 in task t-1 on thread 17 802 in task t-1 on thread 17 
803 in task t-1 on thread 17 804 in task t-1 on thread 17 805 in task t-1 on thread 17 
806 in task t-1 on thread 17 807 in task t-1 on thread 17 808 in task t-1 on thread 17 
809 in task t-1 on thread 17 810 in task t-1 on thread 17 811 in task t-1 on thread 17 
812 in task t-1 on thread 17 813 in task t-1 on thread 17 814 in task t-1 on thread 17 
815 in task t-1 on thread 17 816 in task t-1 on thread 17 817 in task t-1 on thread 17 
818 in task t-1 on thread 17 819 in task t-1 on thread 17 820 in task t-1 on thread 17 
821 in task t-1 on thread 17 822 in task t-1 on thread 17 823 in task t-1 on thread 17 
824 in task t-1 on thread 17 825 in task t-1 on thread 17 826 in task t-1 on thread 17 
827 in task t-1 on thread 17 828 in task t-1 on thread 17 829 in task t-1 on thread 17 
830 in task t-1 on thread 17 831 in task t-1 on thread 17 832 in task t-1 on thread 17 
833 in task t-1 on thread 17 834 in task t-1 on thread 17 835 in task t-1 on thread 17 
836 in task t-1 on thread 17 837 in task t-1 on thread 17 838 in task t-1 on thread 17 
839 in task t-1 on thread 17 840 in task t-1 on thread 17 841 in task t-1 on thread 17 
842 in task t-1 on thread 17 843 in task t-1 on thread 17 844 in task t-1 on thread 17 
845 in task t-1 on thread 17 846 in task t-1 on thread 17 847 in task t-1 on thread 17 
848 in task t-1 on thread 17 849 in task t-1 on thread 17 850 in task t-1 on thread 17 
851 in task t-1 on thread 17 852 in task t-1 on thread 17 853 in task t-1 on thread 17 
854 in task t-1 on thread 17 855 in task t-1 on thread 17 856 in task t-1 on thread 17 
857 in task t-1 on thread 17 858 in task t-1 on thread 17 859 in task t-1 on thread 17 
860 in task t-1 on thread 17 861 in task t-1 on thread 17 862 in task t-1 on thread 17 
863 in task t-1 on thread 17 864 in task t-1 on thread 17 865 in task t-1 on thread 17 
866 in task t-1 on thread 17 867 in task t-1 on thread 17 868 in task t-1 on thread 17 
869 in task t-1 on thread 17 870 in task t-1 on thread 17 871 in task t-1 on thread 17 
872 in task t-1 on thread 17 873 in task t-1 on thread 17 874 in task t-1 on thread 17 
875 in task t-1 on thread 17 876 in task t-1 on thread 17 877 in task t-1 on thread 17 
878 in task t-1 on thread 17 879 in task t-1 on thread 17 880 in task t-1 on thread 17 
881 in task t-1 on thread 17 882 in task t-1 on thread 17 883 in task t-1 on thread 17 
884 in task t-1 on thread 17 885 in task t-1 on thread 17 886 in task t-1 on thread 17 
887 in task t-1 on thread 17 888 in task t-1 on thread 17 889 in task t-1 on thread 17 
890 in task t-1 on thread 17 891 in task t-1 on thread 17 892 in task t-1 on thread 17 
893 in task t-1 on thread 17 894 in task t-1 on thread 17 895 in task t-1 on thread 17 
896 in task t-1 on thread 17 897 in task t-1 on thread 17 898 in task t-1 on thread 17 
899 in task t-1 on thread 17 900 in task t-1 on thread 17 901 in task t-1 on thread 17 
902 in task t-1 on thread 17 903 in task t-1 on thread 17 904 in task t-1 on thread 17 
905 in task t-1 on thread 17 906 in task t-1 on thread 17 907 in task t-1 on thread 17 
908 in task t-1 on thread 17 909 in task t-1 on thread 17 910 in task t-1 on thread 17 
911 in task t-1 on thread 17 912 in task t-1 on thread 17 913 in task t-1 on thread 17 
914 in task t-1 on thread 17 915 in task t-1 on thread 17 916 in task t-1 on thread 17 
917 in task t-1 on thread 17 918 in task t-1 on thread 17 919 in task t-1 on thread 17 
920 in task t-1 on thread 17 921 in task t-1 on thread 17 922 in task t-1 on thread 17 
923 in task t-1 on thread 17 924 in task t-1 on thread 17 925 in task t-1 on thread 17 
926 in task t-1 on thread 17 927 in task t-1 on thread 17 928 in task t-1 on thread 17 
929 in task t-1 on thread 17 930 in task t-1 on thread 17 931 in task t-1 on thread 17 
932 in task t-1 on thread 17 933 in task t-1 on thread 17 934 in task t-1 on thread 17 
935 in task t-1 on thread 17 936 in task t-1 on thread 17 937 in task t-1 on thread 17 
938 in task t-1 on thread 17 939 in task t-1 on thread 17 940 in task t-1 on thread 17 
941 in task t-1 on thread 17 942 in task t-1 on thread 17 943 in task t-1 on thread 17 
944 in task t-1 on thread 17 945 in task t-1 on thread 17 946 in task t-1 on thread 17 
947 in task t-1 on thread 17 948 in task t-1 on thread 17 949 in task t-1 on thread 17 
950 in task t-1 on thread 17 951 in task t-1 on thread 17 952 in task t-1 on thread 17 
953 in task t-1 on thread 17 954 in task t-1 on thread 17 955 in task t-1 on thread 17 
956 in task t-1 on thread 17 957 in task t-1 on thread 17 958 in task t-1 on thread 17 
959 in task t-1 on thread 17 960 in task t-1 on thread 17 961 in task t-1 on thread 17 
962 in task t-1 on thread 17 963 in task t-1 on thread 17 964 in task t-1 on thread 17 
965 in task t-1 on thread 17 966 in task t-1 on thread 17 967 in task t-1 on thread 17 
968 in task t-1 on thread 17 969 in task t-1 on thread 17 970 in task t-1 on thread 17 
971 in task t-1 on thread 17 972 in task t-1 on thread 17 973 in task t-1 on thread 17 
974 in task t-1 on thread 17 975 in task t-1 on thread 17 976 in task t-1 on thread 17 
977 in task t-1 on thread 17 978 in task t-1 on thread 17 979 in task t-1 on thread 17 
980 in task t-1 on thread 17 981 in task t-1 on thread 17 982 in task t-1 on thread 17 
983 in task t-1 on thread 17 984 in task t-1 on thread 17 985 in task t-1 on thread 17 
986 in task t-1 on thread 17 987 in task t-1 on thread 17 988 in task t-1 on thread 17 
989 in task t-1 on thread 17 990 in task t-1 on thread 17 991 in task t-1 on thread 17 
992 in task t-1 on thread 17 993 in task t-1 on thread 17 994 in task t-1 on thread 17 
995 in task t-1 on thread 17 996 in task t-1 on thread 17 997 in task t-1 on thread 17 
998 in task t-1 on thread 17 999 in task t-1 on thread 17 0 in task t-2 on thread 17 
1 in task t-2 on thread 17 2 in task t-2 on thread 17 3 in task t-2 on thread 17 
4 in task t-2 on thread 17 5 in task t-2 on thread 17 6 in task t-2 on thread 17 
7 in task t-2 on thread 17 8 in task t-2 on thread 17 9 in task t-2 on thread 17 
10 in task t-2 on thread 17 11 in task t-2 on thread 17 12 in task t-2 on thread 17 
13 in task t-2 on thread 17 14 in task t-2 on thread 17 15 in task t-2 on thread 17 
16 in task t-2 on thread 17 17 in task t-2 on thread 17 18 in task t-2 on thread 17 
19 in task t-2 on thread 17 20 in task t-2 on thread 17 21 in task t-2 on thread 17 
22 in task t-2 on thread 17 23 in task t-2 on thread 17 24 in task t-2 on thread 17 
25 in task t-2 on thread 17 26 in task t-2 on thread 17 27 in task t-2 on thread 17 
28 in task t-2 on thread 17 29 in task t-2 on thread 17 30 in task t-2 on thread 17 
31 in task t-2 on thread 17 32 in task t-2 on thread 17 33 in task t-2 on thread 17 
34 in task t-2 on thread 17 35 in task t-2 on thread 17 36 in task t-2 on thread 17 
37 in task t-2 on thread 17 38 in task t-2 on thread 17 39 in task t-2 on thread 17 
40 in task t-2 on thread 17 41 in task t-2 on thread 17 42 in task t-2 on thread 17 
43 in task t-2 on thread 17 44 in task t-2 on thread 17 45 in task t-2 on thread 17 
46 in task t-2 on thread 17 47 in task t-2 on thread 17 48 in task t-2 on thread 17 
49 in task t-2 on thread 17 50 in task t-2 on thread 17 51 in task t-2 on thread 17 
52 in task t-2 on thread 17 53 in task t-2 on thread 17 54 in task t-2 on thread 17 
55 in task t-2 on thread 17 56 in task t-2 on thread 17 57 in task t-2 on thread 17 
58 in task t-2 on thread 17 59 in task t-2 on thread 17 60 in task t-2 on thread 17 
61 in task t-2 on thread 17 62 in task t-2 on thread 17 63 in task t-2 on thread 17 
64 in task t-2 on thread 17 65 in task t-2 on thread 17 66 in task t-2 on thread 17 
67 in task t-2 on thread 17 68 in task t-2 on thread 17 69 in task t-2 on thread 17 
70 in task t-2 on thread 17 71 in task t-2 on thread 17 72 in task t-2 on thread 17 
73 in task t-2 on thread 17 74 in task t-2 on thread 17 75 in task t-2 on thread 17 
76 in task t-2 on thread 17 77 in task t-2 on thread 17 78 in task t-2 on thread 17 
79 in task t-2 on thread 17 80 in task t-2 on thread 17 81 in task t-2 on thread 17 
82 in task t-2 on thread 17 83 in task t-2 on thread 17 84 in task t-2 on thread 17 
85 in task t-2 on thread 17 86 in task t-2 on thread 17 87 in task t-2 on thread 17 
88 in task t-2 on thread 17 89 in task t-2 on thread 17 90 in task t-2 on thread 17 
91 in task t-2 on thread 17 92 in task t-2 on thread 17 93 in task t-2 on thread 17 
94 in task t-2 on thread 17 95 in task t-2 on thread 17 96 in task t-2 on thread 17 
97 in task t-2 on thread 17 98 in task t-2 on thread 17 99 in task t-2 on thread 17 
100 in task t-2 on thread 17 101 in task t-2 on thread 17 102 in task t-2 on thread 17 
103 in task t-2 on thread 17 104 in task t-2 on thread 17 105 in task t-2 on thread 17 
106 in task t-2 on thread 17 107 in task t-2 on thread 17 108 in task t-2 on thread 17 
109 in task t-2 on thread 17 110 in task t-2 on thread 17 111 in task t-2 on thread 17 
112 in task t-2 on thread 17 113 in task t-2 on thread 17 114 in task t-2 on thread 17 
115 in task t-2 on thread 17 116 in task t-2 on thread 17 117 in task t-2 on thread 17 
118 in task t-2 on thread 17 119 in task t-2 on thread 17 120 in task t-2 on thread 17 
121 in task t-2 on thread 17 122 in task t-2 on thread 17 123 in task t-2 on thread 17 
124 in task t-2 on thread 17 125 in task t-2 on thread 17 126 in task t-2 on thread 17 
127 in task t-2 on thread 17 128 in task t-2 on thread 17 129 in task t-2 on thread 17 
130 in task t-2 on thread 17 131 in task t-2 on thread 17 132 in task t-2 on thread 17 
133 in task t-2 on thread 17 134 in task t-2 on thread 17 135 in task t-2 on thread 17 
136 in task t-2 on thread 17 137 in task t-2 on thread 17 138 in task t-2 on thread 17 
139 in task t-2 on thread 17 140 in task t-2 on thread 17 141 in task t-2 on thread 17 
142 in task t-2 on thread 17 143 in task t-2 on thread 17 144 in task t-2 on thread 17 
145 in task t-2 on thread 17 146 in task t-2 on thread 17 147 in task t-2 on thread 17 
148 in task t-2 on thread 17 149 in task t-2 on thread 17 150 in task t-2 on thread 17 
151 in task t-2 on thread 17 152 in task t-2 on thread 17 153 in task t-2 on thread 17 
154 in task t-2 on thread 17 155 in task t-2 on thread 17 156 in task t-2 on thread 17 
157 in task t-2 on thread 17 158 in task t-2 on thread 17 159 in task t-2 on thread 17 
160 in task t-2 on thread 17 161 in task t-2 on thread 17 162 in task t-2 on thread 17 
163 in task t-2 on thread 17 164 in task t-2 on thread 17 165 in task t-2 on thread 17 
166 in task t-2 on thread 17 167 in task t-2 on thread 17 168 in task t-2 on thread 17 
169 in task t-2 on thread 17 170 in task t-2 on thread 17 171 in task t-2 on thread 17 
172 in task t-2 on thread 17 173 in task t-2 on thread 17 174 in task t-2 on thread 17 
175 in task t-2 on thread 17 176 in task t-2 on thread 17 177 in task t-2 on thread 17 
178 in task t-2 on thread 17 179 in task t-2 on thread 17 180 in task t-2 on thread 17 
181 in task t-2 on thread 17 182 in task t-2 on thread 17 183 in task t-2 on thread 17 
184 in task t-2 on thread 17 185 in task t-2 on thread 17 186 in task t-2 on thread 17 
187 in task t-2 on thread 17 188 in task t-2 on thread 17 189 in task t-2 on thread 17 
190 in task t-2 on thread 17 191 in task t-2 on thread 17 192 in task t-2 on thread 17 
193 in task t-2 on thread 17 194 in task t-2 on thread 17 195 in task t-2 on thread 17 
196 in task t-2 on thread 17 197 in task t-2 on thread 17 198 in task t-2 on thread 17 
199 in task t-2 on thread 17 200 in task t-2 on thread 17 201 in task t-2 on thread 17 
202 in task t-2 on thread 17 203 in task t-2 on thread 17 204 in task t-2 on thread 17 
205 in task t-2 on thread 17 206 in task t-2 on thread 17 207 in task t-2 on thread 17 
208 in task t-2 on thread 17 209 in task t-2 on thread 17 210 in task t-2 on thread 17 
211 in task t-2 on thread 17 212 in task t-2 on thread 17 213 in task t-2 on thread 17 
214 in task t-2 on thread 17 215 in task t-2 on thread 17 216 in task t-2 on thread 17 
217 in task t-2 on thread 17 218 in task t-2 on thread 17 219 in task t-2 on thread 17 
220 in task t-2 on thread 17 221 in task t-2 on thread 17 222 in task t-2 on thread 17 
223 in task t-2 on thread 17 224 in task t-2 on thread 17 225 in task t-2 on thread 17 
226 in task t-2 on thread 17 227 in task t-2 on thread 17 228 in task t-2 on thread 17 
229 in task t-2 on thread 17 230 in task t-2 on thread 17 231 in task t-2 on thread 17 
232 in task t-2 on thread 17 233 in task t-2 on thread 17 234 in task t-2 on thread 17 
235 in task t-2 on thread 17 236 in task t-2 on thread 17 237 in task t-2 on thread 17 
238 in task t-2 on thread 17 239 in task t-2 on thread 17 240 in task t-2 on thread 17 
241 in task t-2 on thread 17 242 in task t-2 on thread 17 243 in task t-2 on thread 17 
244 in task t-2 on thread 17 245 in task t-2 on thread 17 246 in task t-2 on thread 17 
247 in task t-2 on thread 17 248 in task t-2 on thread 17 249 in task t-2 on thread 17 
250 in task t-2 on thread 17 251 in task t-2 on thread 17 252 in task t-2 on thread 17 
253 in task t-2 on thread 17 254 in task t-2 on thread 17 255 in task t-2 on thread 17 
256 in task t-2 on thread 17 257 in task t-2 on thread 17 258 in task t-2 on thread 17 
259 in task t-2 on thread 17 260 in task t-2 on thread 17 261 in task t-2 on thread 17 
262 in task t-2 on thread 17 263 in task t-2 on thread 17 264 in task t-2 on thread 17 
265 in task t-2 on thread 17 266 in task t-2 on thread 17 267 in task t-2 on thread 17 
268 in task t-2 on thread 17 269 in task t-2 on thread 17 270 in task t-2 on thread 17 
271 in task t-2 on thread 17 272 in task t-2 on thread 17 273 in task t-2 on thread 17 
274 in task t-2 on thread 17 275 in task t-2 on thread 17 276 in task t-2 on thread 17 
277 in task t-2 on thread 17 278 in task t-2 on thread 17 279 in task t-2 on thread 17 
280 in task t-2 on thread 17 281 in task t-2 on thread 17 282 in task t-2 on thread 17 
283 in task t-2 on thread 17 284 in task t-2 on thread 17 285 in task t-2 on thread 17 
286 in task t-2 on thread 17 287 in task t-2 on thread 17 288 in task t-2 on thread 17 
289 in task t-2 on thread 17 290 in task t-2 on thread 17 291 in task t-2 on thread 17 
292 in task t-2 on thread 17 293 in task t-2 on thread 17 294 in task t-2 on thread 17 
295 in task t-2 on thread 17 296 in task t-2 on thread 17 297 in task t-2 on thread 17 
298 in task t-2 on thread 17 299 in task t-2 on thread 17 300 in task t-2 on thread 17 
301 in task t-2 on thread 17 302 in task t-2 on thread 17 303 in task t-2 on thread 17 
304 in task t-2 on thread 17 305 in task t-2 on thread 17 306 in task t-2 on thread 17 
307 in task t-2 on thread 17 308 in task t-2 on thread 17 309 in task t-2 on thread 17 
310 in task t-2 on thread 17 311 in task t-2 on thread 17 312 in task t-2 on thread 17 
313 in task t-2 on thread 17 314 in task t-2 on thread 17 315 in task t-2 on thread 17 
316 in task t-2 on thread 17 317 in task t-2 on thread 17 318 in task t-2 on thread 17 
319 in task t-2 on thread 17 320 in task t-2 on thread 17 321 in task t-2 on thread 17 
322 in task t-2 on thread 17 323 in task t-2 on thread 17 324 in task t-2 on thread 17 
325 in task t-2 on thread 17 326 in task t-2 on thread 17 327 in task t-2 on thread 17 
328 in task t-2 on thread 17 329 in task t-2 on thread 17 330 in task t-2 on thread 17 
331 in task t-2 on thread 17 332 in task t-2 on thread 17 333 in task t-2 on thread 17 
334 in task t-2 on thread 17 335 in task t-2 on thread 17 336 in task t-2 on thread 17 
337 in task t-2 on thread 17 338 in task t-2 on thread 17 339 in task t-2 on thread 17 
340 in task t-2 on thread 17 341 in task t-2 on thread 17 342 in task t-2 on thread 17 
343 in task t-2 on thread 17 344 in task t-2 on thread 17 345 in task t-2 on thread 17 
346 in task t-2 on thread 17 347 in task t-2 on thread 17 348 in task t-2 on thread 17 
349 in task t-2 on thread 17 350 in task t-2 on thread 17 351 in task t-2 on thread 17 
352 in task t-2 on thread 17 353 in task t-2 on thread 17 354 in task t-2 on thread 17 
355 in task t-2 on thread 17 356 in task t-2 on thread 17 357 in task t-2 on thread 17 
358 in task t-2 on thread 17 359 in task t-2 on thread 17 360 in task t-2 on thread 17 
361 in task t-2 on thread 17 362 in task t-2 on thread 17 363 in task t-2 on thread 17 
364 in task t-2 on thread 17 365 in task t-2 on thread 17 366 in task t-2 on thread 17 
367 in task t-2 on thread 17 368 in task t-2 on thread 17 369 in task t-2 on thread 17 
370 in task t-2 on thread 17 371 in task t-2 on thread 17 372 in task t-2 on thread 17 
373 in task t-2 on thread 17 374 in task t-2 on thread 17 375 in task t-2 on thread 17 
376 in task t-2 on thread 17 377 in task t-2 on thread 17 378 in task t-2 on thread 17 
379 in task t-2 on thread 17 380 in task t-2 on thread 17 381 in task t-2 on thread 17 
382 in task t-2 on thread 17 383 in task t-2 on thread 17 384 in task t-2 on thread 17 
385 in task t-2 on thread 17 386 in task t-2 on thread 17 387 in task t-2 on thread 17 
388 in task t-2 on thread 17 389 in task t-2 on thread 17 390 in task t-2 on thread 17 
391 in task t-2 on thread 17 392 in task t-2 on thread 17 393 in task t-2 on thread 17 
394 in task t-2 on thread 17 395 in task t-2 on thread 17 396 in task t-2 on thread 17 
397 in task t-2 on thread 17 398 in task t-2 on thread 17 399 in task t-2 on thread 17 
400 in task t-2 on thread 17 401 in task t-2 on thread 17 402 in task t-2 on thread 17 
403 in task t-2 on thread 17 404 in task t-2 on thread 17 405 in task t-2 on thread 17 
406 in task t-2 on thread 17 407 in task t-2 on thread 17 408 in task t-2 on thread 17 
409 in task t-2 on thread 17 410 in task t-2 on thread 17 411 in task t-2 on thread 17 
412 in task t-2 on thread 17 413 in task t-2 on thread 17 414 in task t-2 on thread 17 
415 in task t-2 on thread 17 416 in task t-2 on thread 17 417 in task t-2 on thread 17 
418 in task t-2 on thread 17 419 in task t-2 on thread 17 420 in task t-2 on thread 17 
421 in task t-2 on thread 17 422 in task t-2 on thread 17 423 in task t-2 on thread 17 
424 in task t-2 on thread 17 425 in task t-2 on thread 17 426 in task t-2 on thread 17 
427 in task t-2 on thread 17 428 in task t-2 on thread 17 429 in task t-2 on thread 17 
430 in task t-2 on thread 17 431 in task t-2 on thread 17 432 in task t-2 on thread 17 
433 in task t-2 on thread 17 434 in task t-2 on thread 17 435 in task t-2 on thread 17 
436 in task t-2 on thread 17 437 in task t-2 on thread 17 438 in task t-2 on thread 17 
439 in task t-2 on thread 17 440 in task t-2 on thread 17 441 in task t-2 on thread 17 
442 in task t-2 on thread 17 443 in task t-2 on thread 17 444 in task t-2 on thread 17 
445 in task t-2 on thread 17 446 in task t-2 on thread 17 447 in task t-2 on thread 17 
448 in task t-2 on thread 17 449 in task t-2 on thread 17 450 in task t-2 on thread 17 
451 in task t-2 on thread 17 452 in task t-2 on thread 17 453 in task t-2 on thread 17 
454 in task t-2 on thread 17 455 in task t-2 on thread 17 456 in task t-2 on thread 17 
457 in task t-2 on thread 17 458 in task t-2 on thread 17 459 in task t-2 on thread 17 
460 in task t-2 on thread 17 461 in task t-2 on thread 17 462 in task t-2 on thread 17 
463 in task t-2 on thread 17 464 in task t-2 on thread 17 465 in task t-2 on thread 17 
466 in task t-2 on thread 17 467 in task t-2 on thread 17 468 in task t-2 on thread 17 
469 in task t-2 on thread 17 470 in task t-2 on thread 17 471 in task t-2 on thread 17 
472 in task t-2 on thread 17 473 in task t-2 on thread 17 474 in task t-2 on thread 17 
475 in task t-2 on thread 17 476 in task t-2 on thread 17 477 in task t-2 on thread 17 
478 in task t-2 on thread 17 479 in task t-2 on thread 17 480 in task t-2 on thread 17 
481 in task t-2 on thread 17 482 in task t-2 on thread 17 483 in task t-2 on thread 17 
484 in task t-2 on thread 17 485 in task t-2 on thread 17 486 in task t-2 on thread 17 
487 in task t-2 on thread 17 488 in task t-2 on thread 17 489 in task t-2 on thread 17 
490 in task t-2 on thread 17 491 in task t-2 on thread 17 492 in task t-2 on thread 17 
493 in task t-2 on thread 17 494 in task t-2 on thread 17 495 in task t-2 on thread 17 
496 in task t-2 on thread 17 497 in task t-2 on thread 17 498 in task t-2 on thread 17 
499 in task t-2 on thread 17 500 in task t-2 on thread 17 501 in task t-2 on thread 17 
502 in task t-2 on thread 17 503 in task t-2 on thread 17 504 in task t-2 on thread 17 
505 in task t-2 on thread 17 506 in task t-2 on thread 17 507 in task t-2 on thread 17 
508 in task t-2 on thread 17 509 in task t-2 on thread 17 510 in task t-2 on thread 17 
511 in task t-2 on thread 17 512 in task t-2 on thread 17 513 in task t-2 on thread 17 
514 in task t-2 on thread 17 515 in task t-2 on thread 17 516 in task t-2 on thread 17 
517 in task t-2 on thread 17 518 in task t-2 on thread 17 519 in task t-2 on thread 17 
520 in task t-2 on thread 17 521 in task t-2 on thread 17 522 in task t-2 on thread 17 
523 in task t-2 on thread 17 524 in task t-2 on thread 17 525 in task t-2 on thread 17 
526 in task t-2 on thread 17 527 in task t-2 on thread 17 528 in task t-2 on thread 17 
529 in task t-2 on thread 17 530 in task t-2 on thread 17 531 in task t-2 on thread 17 
532 in task t-2 on thread 17 533 in task t-2 on thread 17 534 in task t-2 on thread 17 
535 in task t-2 on thread 17 536 in task t-2 on thread 17 537 in task t-2 on thread 17 
538 in task t-2 on thread 17 539 in task t-2 on thread 17 540 in task t-2 on thread 17 
541 in task t-2 on thread 17 542 in task t-2 on thread 17 543 in task t-2 on thread 17 
544 in task t-2 on thread 17 545 in task t-2 on thread 17 546 in task t-2 on thread 17 
547 in task t-2 on thread 17 548 in task t-2 on thread 17 549 in task t-2 on thread 17 
550 in task t-2 on thread 17 551 in task t-2 on thread 17 552 in task t-2 on thread 17 
553 in task t-2 on thread 17 554 in task t-2 on thread 17 555 in task t-2 on thread 17 
556 in task t-2 on thread 17 557 in task t-2 on thread 17 558 in task t-2 on thread 17 
559 in task t-2 on thread 17 560 in task t-2 on thread 17 561 in task t-2 on thread 17 
562 in task t-2 on thread 17 563 in task t-2 on thread 17 564 in task t-2 on thread 17 
565 in task t-2 on thread 17 566 in task t-2 on thread 17 567 in task t-2 on thread 17 
568 in task t-2 on thread 17 569 in task t-2 on thread 17 570 in task t-2 on thread 17 
571 in task t-2 on thread 17 572 in task t-2 on thread 17 573 in task t-2 on thread 17 
574 in task t-2 on thread 17 575 in task t-2 on thread 17 576 in task t-2 on thread 17 
577 in task t-2 on thread 17 578 in task t-2 on thread 17 579 in task t-2 on thread 17 
580 in task t-2 on thread 17 581 in task t-2 on thread 17 582 in task t-2 on thread 17 
583 in task t-2 on thread 17 584 in task t-2 on thread 17 585 in task t-2 on thread 17 
586 in task t-2 on thread 17 587 in task t-2 on thread 17 588 in task t-2 on thread 17 
589 in task t-2 on thread 17 590 in task t-2 on thread 17 591 in task t-2 on thread 17 
592 in task t-2 on thread 17 593 in task t-2 on thread 17 594 in task t-2 on thread 17 
595 in task t-2 on thread 17 596 in task t-2 on thread 17 597 in task t-2 on thread 17 
598 in task t-2 on thread 17 599 in task t-2 on thread 17 600 in task t-2 on thread 17 
601 in task t-2 on thread 17 602 in task t-2 on thread 17 603 in task t-2 on thread 17 
604 in task t-2 on thread 17 605 in task t-2 on thread 17 606 in task t-2 on thread 17 
607 in task t-2 on thread 17 608 in task t-2 on thread 17 609 in task t-2 on thread 17 
610 in task t-2 on thread 17 611 in task t-2 on thread 17 612 in task t-2 on thread 17 
613 in task t-2 on thread 17 614 in task t-2 on thread 17 615 in task t-2 on thread 17 
616 in task t-2 on thread 17 617 in task t-2 on thread 17 618 in task t-2 on thread 17 
619 in task t-2 on thread 17 620 in task t-2 on thread 17 621 in task t-2 on thread 17 
622 in task t-2 on thread 17 623 in task t-2 on thread 17 624 in task t-2 on thread 17 
625 in task t-2 on thread 17 626 in task t-2 on thread 17 627 in task t-2 on thread 17 
628 in task t-2 on thread 17 629 in task t-2 on thread 17 630 in task t-2 on thread 17 
631 in task t-2 on thread 17 632 in task t-2 on thread 17 633 in task t-2 on thread 17 
634 in task t-2 on thread 17 635 in task t-2 on thread 17 636 in task t-2 on thread 17 
637 in task t-2 on thread 17 638 in task t-2 on thread 17 639 in task t-2 on thread 17 
640 in task t-2 on thread 17 641 in task t-2 on thread 17 642 in task t-2 on thread 17 
643 in task t-2 on thread 17 644 in task t-2 on thread 17 645 in task t-2 on thread 17 
646 in task t-2 on thread 17 647 in task t-2 on thread 17 648 in task t-2 on thread 17 
649 in task t-2 on thread 17 650 in task t-2 on thread 17 651 in task t-2 on thread 17 
652 in task t-2 on thread 17 653 in task t-2 on thread 17 654 in task t-2 on thread 17 
655 in task t-2 on thread 17 656 in task t-2 on thread 17 657 in task t-2 on thread 17 
658 in task t-2 on thread 17 659 in task t-2 on thread 17 660 in task t-2 on thread 17 
661 in task t-2 on thread 17 662 in task t-2 on thread 17 663 in task t-2 on thread 17 
664 in task t-2 on thread 17 665 in task t-2 on thread 17 666 in task t-2 on thread 17 
667 in task t-2 on thread 17 668 in task t-2 on thread 17 669 in task t-2 on thread 17 
670 in task t-2 on thread 17 671 in task t-2 on thread 17 672 in task t-2 on thread 17 
673 in task t-2 on thread 17 674 in task t-2 on thread 17 675 in task t-2 on thread 17 
676 in task t-2 on thread 17 677 in task t-2 on thread 17 678 in task t-2 on thread 17 
679 in task t-2 on thread 17 680 in task t-2 on thread 17 681 in task t-2 on thread 17 
682 in task t-2 on thread 17 683 in task t-2 on thread 17 684 in task t-2 on thread 17 
685 in task t-2 on thread 17 686 in task t-2 on thread 17 687 in task t-2 on thread 17 
688 in task t-2 on thread 17 689 in task t-2 on thread 17 690 in task t-2 on thread 17 
691 in task t-2 on thread 17 692 in task t-2 on thread 17 693 in task t-2 on thread 17 
694 in task t-2 on thread 17 695 in task t-2 on thread 17 696 in task t-2 on thread 17 
697 in task t-2 on thread 17 698 in task t-2 on thread 17 699 in task t-2 on thread 17 
700 in task t-2 on thread 17 701 in task t-2 on thread 17 702 in task t-2 on thread 17 
703 in task t-2 on thread 17 704 in task t-2 on thread 17 705 in task t-2 on thread 17 
706 in task t-2 on thread 17 707 in task t-2 on thread 17 708 in task t-2 on thread 17 
709 in task t-2 on thread 17 710 in task t-2 on thread 17 711 in task t-2 on thread 17 
712 in task t-2 on thread 17 713 in task t-2 on thread 17 714 in task t-2 on thread 17 
715 in task t-2 on thread 17 716 in task t-2 on thread 17 717 in task t-2 on thread 17 
718 in task t-2 on thread 17 719 in task t-2 on thread 17 720 in task t-2 on thread 17 
721 in task t-2 on thread 17 722 in task t-2 on thread 17 723 in task t-2 on thread 17 
724 in task t-2 on thread 17 725 in task t-2 on thread 17 726 in task t-2 on thread 17 
727 in task t-2 on thread 17 728 in task t-2 on thread 17 729 in task t-2 on thread 17 
730 in task t-2 on thread 17 731 in task t-2 on thread 17 732 in task t-2 on thread 17 
733 in task t-2 on thread 17 734 in task t-2 on thread 17 735 in task t-2 on thread 17 
736 in task t-2 on thread 17 737 in task t-2 on thread 17 738 in task t-2 on thread 17 
739 in task t-2 on thread 17 740 in task t-2 on thread 17 741 in task t-2 on thread 17 
742 in task t-2 on thread 17 743 in task t-2 on thread 17 744 in task t-2 on thread 17 
745 in task t-2 on thread 17 746 in task t-2 on thread 17 747 in task t-2 on thread 17 
748 in task t-2 on thread 17 749 in task t-2 on thread 17 750 in task t-2 on thread 17 
751 in task t-2 on thread 17 752 in task t-2 on thread 17 753 in task t-2 on thread 17 
754 in task t-2 on thread 17 755 in task t-2 on thread 17 756 in task t-2 on thread 17 
757 in task t-2 on thread 17 758 in task t-2 on thread 17 759 in task t-2 on thread 17 
760 in task t-2 on thread 17 761 in task t-2 on thread 17 762 in task t-2 on thread 17 
763 in task t-2 on thread 17 764 in task t-2 on thread 17 765 in task t-2 on thread 17 
766 in task t-2 on thread 17 767 in task t-2 on thread 17 768 in task t-2 on thread 17 
769 in task t-2 on thread 17 770 in task t-2 on thread 17 771 in task t-2 on thread 17 
772 in task t-2 on thread 17 773 in task t-2 on thread 17 774 in task t-2 on thread 17 
775 in task t-2 on thread 17 776 in task t-2 on thread 17 777 in task t-2 on thread 17 
778 in task t-2 on thread 17 779 in task t-2 on thread 17 780 in task t-2 on thread 17 
781 in task t-2 on thread 17 782 in task t-2 on thread 17 783 in task t-2 on thread 17 
784 in task t-2 on thread 17 785 in task t-2 on thread 17 786 in task t-2 on thread 17 
787 in task t-2 on thread 17 788 in task t-2 on thread 17 789 in task t-2 on thread 17 
790 in task t-2 on thread 17 791 in task t-2 on thread 17 792 in task t-2 on thread 17 
793 in task t-2 on thread 17 794 in task t-2 on thread 17 795 in task t-2 on thread 17 
796 in task t-2 on thread 17 797 in task t-2 on thread 17 798 in task t-2 on thread 17 
799 in task t-2 on thread 17 800 in task t-2 on thread 17 801 in task t-2 on thread 17 
802 in task t-2 on thread 17 803 in task t-2 on thread 17 804 in task t-2 on thread 17 
805 in task t-2 on thread 17 806 in task t-2 on thread 17 807 in task t-2 on thread 17 
808 in task t-2 on thread 17 809 in task t-2 on thread 17 810 in task t-2 on thread 17 
811 in task t-2 on thread 17 812 in task t-2 on thread 17 813 in task t-2 on thread 17 
814 in task t-2 on thread 17 815 in task t-2 on thread 17 816 in task t-2 on thread 17 
817 in task t-2 on thread 17 818 in task t-2 on thread 17 819 in task t-2 on thread 17 
820 in task t-2 on thread 17 821 in task t-2 on thread 17 822 in task t-2 on thread 17 
823 in task t-2 on thread 17 824 in task t-2 on thread 17 825 in task t-2 on thread 17 
826 in task t-2 on thread 17 827 in task t-2 on thread 17 828 in task t-2 on thread 17 
829 in task t-2 on thread 17 830 in task t-2 on thread 17 831 in task t-2 on thread 17 
832 in task t-2 on thread 17 833 in task t-2 on thread 17 834 in task t-2 on thread 17 
835 in task t-2 on thread 17 836 in task t-2 on thread 17 837 in task t-2 on thread 17 
838 in task t-2 on thread 17 839 in task t-2 on thread 17 840 in task t-2 on thread 17 
841 in task t-2 on thread 17 842 in task t-2 on thread 17 843 in task t-2 on thread 17 
844 in task t-2 on thread 17 845 in task t-2 on thread 17 846 in task t-2 on thread 17 
847 in task t-2 on thread 17 848 in task t-2 on thread 17 849 in task t-2 on thread 17 
850 in task t-2 on thread 17 851 in task t-2 on thread 17 852 in task t-2 on thread 17 
853 in task t-2 on thread 17 854 in task t-2 on thread 17 855 in task t-2 on thread 17 
856 in task t-2 on thread 17 857 in task t-2 on thread 17 858 in task t-2 on thread 17 
859 in task t-2 on thread 17 860 in task t-2 on thread 17 861 in task t-2 on thread 17 
862 in task t-2 on thread 17 863 in task t-2 on thread 17 864 in task t-2 on thread 17 
865 in task t-2 on thread 17 866 in task t-2 on thread 17 867 in task t-2 on thread 17 
868 in task t-2 on thread 17 869 in task t-2 on thread 17 870 in task t-2 on thread 17 
871 in task t-2 on thread 17 872 in task t-2 on thread 17 873 in task t-2 on thread 17 
874 in task t-2 on thread 17 875 in task t-2 on thread 17 876 in task t-2 on thread 17 
877 in task t-2 on thread 17 878 in task t-2 on thread 17 879 in task t-2 on thread 17 
880 in task t-2 on thread 17 881 in task t-2 on thread 17 882 in task t-2 on thread 17 
883 in task t-2 on thread 17 884 in task t-2 on thread 17 885 in task t-2 on thread 17 
886 in task t-2 on thread 17 887 in task t-2 on thread 17 888 in task t-2 on thread 17 
889 in task t-2 on thread 17 890 in task t-2 on thread 17 891 in task t-2 on thread 17 
892 in task t-2 on thread 17 893 in task t-2 on thread 17 894 in task t-2 on thread 17 
895 in task t-2 on thread 17 896 in task t-2 on thread 17 897 in task t-2 on thread 17 
898 in task t-2 on thread 17 899 in task t-2 on thread 17 900 in task t-2 on thread 17 
901 in task t-2 on thread 17 902 in task t-2 on thread 17 903 in task t-2 on thread 17 
904 in task t-2 on thread 17 905 in task t-2 on thread 17 906 in task t-2 on thread 17 
907 in task t-2 on thread 17 908 in task t-2 on thread 17 909 in task t-2 on thread 17 
910 in task t-2 on thread 17 911 in task t-2 on thread 17 912 in task t-2 on thread 17 
913 in task t-2 on thread 17 914 in task t-2 on thread 17 915 in task t-2 on thread 17 
916 in task t-2 on thread 17 917 in task t-2 on thread 17 918 in task t-2 on thread 17 
919 in task t-2 on thread 17 920 in task t-2 on thread 17 921 in task t-2 on thread 17 
922 in task t-2 on thread 17 923 in task t-2 on thread 17 924 in task t-2 on thread 17 
925 in task t-2 on thread 17 926 in task t-2 on thread 17 927 in task t-2 on thread 17 
928 in task t-2 on thread 17 929 in task t-2 on thread 17 930 in task t-2 on thread 17 
931 in task t-2 on thread 17 932 in task t-2 on thread 17 933 in task t-2 on thread 17 
934 in task t-2 on thread 17 935 in task t-2 on thread 17 936 in task t-2 on thread 17 
937 in task t-2 on thread 17 938 in task t-2 on thread 17 939 in task t-2 on thread 17 
940 in task t-2 on thread 17 941 in task t-2 on thread 17 942 in task t-2 on thread 17 
943 in task t-2 on thread 17 944 in task t-2 on thread 17 945 in task t-2 on thread 17 
946 in task t-2 on thread 17 947 in task t-2 on thread 17 948 in task t-2 on thread 17 
949 in task t-2 on thread 17 950 in task t-2 on thread 17 951 in task t-2 on thread 17 
952 in task t-2 on thread 17 953 in task t-2 on thread 17 954 in task t-2 on thread 17 
955 in task t-2 on thread 17 956 in task t-2 on thread 17 957 in task t-2 on thread 17 
958 in task t-2 on thread 17 959 in task t-2 on thread 17 960 in task t-2 on thread 17 
961 in task t-2 on thread 17 962 in task t-2 on thread 17 963 in task t-2 on thread 17 
964 in task t-2 on thread 17 965 in task t-2 on thread 17 966 in task t-2 on thread 17 
967 in task t-2 on thread 17 968 in task t-2 on thread 17 969 in task t-2 on thread 17 
970 in task t-2 on thread 17 971 in task t-2 on thread 17 972 in task t-2 on thread 17 
973 in task t-2 on thread 17 974 in task t-2 on thread 17 975 in task t-2 on thread 17 
976 in task t-2 on thread 17 977 in task t-2 on thread 17 978 in task t-2 on thread 17 
979 in task t-2 on thread 17 980 in task t-2 on thread 17 981 in task t-2 on thread 17 
982 in task t-2 on thread 17 983 in task t-2 on thread 17 984 in task t-2 on thread 17 
985 in task t-2 on thread 17 986 in task t-2 on thread 17 987 in task t-2 on thread 17 
988 in task t-2 on thread 17 989 in task t-2 on thread 17 990 in task t-2 on thread 17 
991 in task t-2 on thread 17 992 in task t-2 on thread 17 993 in task t-2 on thread 17 
994 in task t-2 on thread 17 995 in task t-2 on thread 17 996 in task t-2 on thread 17 
997 in task t-2 on thread 17 998 in task t-2 on thread 17 999 in task t-2 on thread 17 
0 in task t-3 on thread 17 1 in task t-3 on thread 17 2 in task t-3 on thread 17 
3 in task t-3 on thread 17 4 in task t-3 on thread 17 5 in task t-3 on thread 17 
6 in task t-3 on thread 17 7 in task t-3 on thread 17 8 in task t-3 on thread 17 
9 in task t-3 on thread 17 10 in task t-3 on thread 17 11 in task t-3 on thread 17 
12 in task t-3 on thread 17 13 in task t-3 on thread 17 14 in task t-3 on thread 17 
15 in task t-3 on thread 17 16 in task t-3 on thread 17 17 in task t-3 on thread 17 
18 in task t-3 on thread 17 19 in task t-3 on thread 17 20 in task t-3 on thread 17 
21 in task t-3 on thread 17 22 in task t-3 on thread 17 23 in task t-3 on thread 17 
24 in task t-3 on thread 17 25 in task t-3 on thread 17 26 in task t-3 on thread 17 
27 in task t-3 on thread 17 28 in task t-3 on thread 17 29 in task t-3 on thread 17 
30 in task t-3 on thread 17 31 in task t-3 on thread 17 32 in task t-3 on thread 17 
33 in task t-3 on thread 17 34 in task t-3 on thread 17 35 in task t-3 on thread 17 
36 in task t-3 on thread 17 37 in task t-3 on thread 17 38 in task t-3 on thread 17 
39 in task t-3 on thread 17 40 in task t-3 on thread 17 41 in task t-3 on thread 17 
42 in task t-3 on thread 17 43 in task t-3 on thread 17 44 in task t-3 on thread 17 
45 in task t-3 on thread 17 46 in task t-3 on thread 17 47 in task t-3 on thread 17 
48 in task t-3 on thread 17 49 in task t-3 on thread 17 50 in task t-3 on thread 17 
51 in task t-3 on thread 17 52 in task t-3 on thread 17 53 in task t-3 on thread 17 
54 in task t-3 on thread 17 55 in task t-3 on thread 17 56 in task t-3 on thread 17 
57 in task t-3 on thread 17 58 in task t-3 on thread 17 59 in task t-3 on thread 17 
60 in task t-3 on thread 17 61 in task t-3 on thread 17 62 in task t-3 on thread 17 
63 in task t-3 on thread 17 64 in task t-3 on thread 17 65 in task t-3 on thread 17 
66 in task t-3 on thread 17 67 in task t-3 on thread 17 68 in task t-3 on thread 17 
69 in task t-3 on thread 17 70 in task t-3 on thread 17 71 in task t-3 on thread 17 
72 in task t-3 on thread 17 73 in task t-3 on thread 17 74 in task t-3 on thread 17 
75 in task t-3 on thread 17 76 in task t-3 on thread 17 77 in task t-3 on thread 17 
78 in task t-3 on thread 17 79 in task t-3 on thread 17 80 in task t-3 on thread 17 
81 in task t-3 on thread 17 82 in task t-3 on thread 17 83 in task t-3 on thread 17 
84 in task t-3 on thread 17 85 in task t-3 on thread 17 86 in task t-3 on thread 17 
87 in task t-3 on thread 17 88 in task t-3 on thread 17 89 in task t-3 on thread 17 
90 in task t-3 on thread 17 91 in task t-3 on thread 17 92 in task t-3 on thread 17 
93 in task t-3 on thread 17 94 in task t-3 on thread 17 95 in task t-3 on thread 17 
96 in task t-3 on thread 17 97 in task t-3 on thread 17 98 in task t-3 on thread 17 
99 in task t-3 on thread 17 100 in task t-3 on thread 17 101 in task t-3 on thread 17 
102 in task t-3 on thread 17 103 in task t-3 on thread 17 104 in task t-3 on thread 17 
105 in task t-3 on thread 17 106 in task t-3 on thread 17 107 in task t-3 on thread 17 
108 in task t-3 on thread 17 109 in task t-3 on thread 17 110 in task t-3 on thread 17 
111 in task t-3 on thread 17 112 in task t-3 on thread 17 113 in task t-3 on thread 17 
114 in task t-3 on thread 17 115 in task t-3 on thread 17 116 in task t-3 on thread 17 
117 in task t-3 on thread 17 118 in task t-3 on thread 17 119 in task t-3 on thread 17 
120 in task t-3 on thread 17 121 in task t-3 on thread 17 122 in task t-3 on thread 17 
123 in task t-3 on thread 17 124 in task t-3 on thread 17 125 in task t-3 on thread 17 
126 in task t-3 on thread 17 127 in task t-3 on thread 17 128 in task t-3 on thread 17 
129 in task t-3 on thread 17 130 in task t-3 on thread 17 131 in task t-3 on thread 17 
132 in task t-3 on thread 17 133 in task t-3 on thread 17 134 in task t-3 on thread 17 
135 in task t-3 on thread 17 136 in task t-3 on thread 17 137 in task t-3 on thread 17 
138 in task t-3 on thread 17 139 in task t-3 on thread 17 140 in task t-3 on thread 17 
141 in task t-3 on thread 17 142 in task t-3 on thread 17 143 in task t-3 on thread 17 
144 in task t-3 on thread 17 145 in task t-3 on thread 17 146 in task t-3 on thread 17 
147 in task t-3 on thread 17 148 in task t-3 on thread 17 149 in task t-3 on thread 17 
150 in task t-3 on thread 17 151 in task t-3 on thread 17 152 in task t-3 on thread 17 
153 in task t-3 on thread 17 154 in task t-3 on thread 17 155 in task t-3 on thread 17 
156 in task t-3 on thread 17 157 in task t-3 on thread 17 158 in task t-3 on thread 17 
159 in task t-3 on thread 17 160 in task t-3 on thread 17 161 in task t-3 on thread 17 
162 in task t-3 on thread 17 163 in task t-3 on thread 17 164 in task t-3 on thread 17 
165 in task t-3 on thread 17 166 in task t-3 on thread 17 167 in task t-3 on thread 17 
168 in task t-3 on thread 17 169 in task t-3 on thread 17 170 in task t-3 on thread 17 
171 in task t-3 on thread 17 172 in task t-3 on thread 17 173 in task t-3 on thread 17 
174 in task t-3 on thread 17 175 in task t-3 on thread 17 176 in task t-3 on thread 17 
177 in task t-3 on thread 17 178 in task t-3 on thread 17 179 in task t-3 on thread 17 
180 in task t-3 on thread 17 181 in task t-3 on thread 17 182 in task t-3 on thread 17 
183 in task t-3 on thread 17 184 in task t-3 on thread 17 185 in task t-3 on thread 17 
186 in task t-3 on thread 17 187 in task t-3 on thread 17 188 in task t-3 on thread 17 
189 in task t-3 on thread 17 190 in task t-3 on thread 17 191 in task t-3 on thread 17 
192 in task t-3 on thread 17 193 in task t-3 on thread 17 194 in task t-3 on thread 17 
195 in task t-3 on thread 17 196 in task t-3 on thread 17 197 in task t-3 on thread 17 
198 in task t-3 on thread 17 199 in task t-3 on thread 17 200 in task t-3 on thread 17 
201 in task t-3 on thread 17 202 in task t-3 on thread 17 203 in task t-3 on thread 17 
204 in task t-3 on thread 17 205 in task t-3 on thread 17 206 in task t-3 on thread 17 
207 in task t-3 on thread 17 208 in task t-3 on thread 17 209 in task t-3 on thread 17 
210 in task t-3 on thread 17 211 in task t-3 on thread 17 212 in task t-3 on thread 17 
213 in task t-3 on thread 17 214 in task t-3 on thread 17 215 in task t-3 on thread 17 
216 in task t-3 on thread 17 217 in task t-3 on thread 17 218 in task t-3 on thread 17 
219 in task t-3 on thread 17 220 in task t-3 on thread 17 221 in task t-3 on thread 17 
222 in task t-3 on thread 17 223 in task t-3 on thread 17 224 in task t-3 on thread 17 
225 in task t-3 on thread 17 226 in task t-3 on thread 17 227 in task t-3 on thread 17 
228 in task t-3 on thread 17 229 in task t-3 on thread 17 230 in task t-3 on thread 17 
231 in task t-3 on thread 17 232 in task t-3 on thread 17 233 in task t-3 on thread 17 
234 in task t-3 on thread 17 235 in task t-3 on thread 17 236 in task t-3 on thread 17 
237 in task t-3 on thread 17 238 in task t-3 on thread 17 239 in task t-3 on thread 17 
240 in task t-3 on thread 17 241 in task t-3 on thread 17 242 in task t-3 on thread 17 
243 in task t-3 on thread 17 244 in task t-3 on thread 17 245 in task t-3 on thread 17 
246 in task t-3 on thread 17 247 in task t-3 on thread 17 248 in task t-3 on thread 17 
249 in task t-3 on thread 17 250 in task t-3 on thread 17 251 in task t-3 on thread 17 
252 in task t-3 on thread 17 253 in task t-3 on thread 17 254 in task t-3 on thread 17 
255 in task t-3 on thread 17 256 in task t-3 on thread 17 257 in task t-3 on thread 17 
258 in task t-3 on thread 17 259 in task t-3 on thread 17 260 in task t-3 on thread 17 
261 in task t-3 on thread 17 262 in task t-3 on thread 17 263 in task t-3 on thread 17 
264 in task t-3 on thread 17 265 in task t-3 on thread 17 266 in task t-3 on thread 17 
267 in task t-3 on thread 17 268 in task t-3 on thread 17 269 in task t-3 on thread 17 
270 in task t-3 on thread 17 271 in task t-3 on thread 17 272 in task t-3 on thread 17 
273 in task t-3 on thread 17 274 in task t-3 on thread 17 275 in task t-3 on thread 17 
276 in task t-3 on thread 17 277 in task t-3 on thread 17 278 in task t-3 on thread 17 
279 in task t-3 on thread 17 280 in task t-3 on thread 17 281 in task t-3 on thread 17 
282 in task t-3 on thread 17 283 in task t-3 on thread 17 284 in task t-3 on thread 17 
285 in task t-3 on thread 17 286 in task t-3 on thread 17 287 in task t-3 on thread 17 
288 in task t-3 on thread 17 289 in task t-3 on thread 17 290 in task t-3 on thread 17 
291 in task t-3 on thread 17 292 in task t-3 on thread 17 293 in task t-3 on thread 17 
294 in task t-3 on thread 17 295 in task t-3 on thread 17 296 in task t-3 on thread 17 
297 in task t-3 on thread 17 298 in task t-3 on thread 17 299 in task t-3 on thread 17 
300 in task t-3 on thread 17 301 in task t-3 on thread 17 302 in task t-3 on thread 17 
303 in task t-3 on thread 17 304 in task t-3 on thread 17 305 in task t-3 on thread 17 
306 in task t-3 on thread 17 307 in task t-3 on thread 17 308 in task t-3 on thread 17 
309 in task t-3 on thread 17 310 in task t-3 on thread 17 311 in task t-3 on thread 17 
312 in task t-3 on thread 17 313 in task t-3 on thread 17 314 in task t-3 on thread 17 
315 in task t-3 on thread 17 316 in task t-3 on thread 17 317 in task t-3 on thread 17 
318 in task t-3 on thread 17 319 in task t-3 on thread 17 320 in task t-3 on thread 17 
321 in task t-3 on thread 17 322 in task t-3 on thread 17 323 in task t-3 on thread 17 
324 in task t-3 on thread 17 325 in task t-3 on thread 17 326 in task t-3 on thread 17 
327 in task t-3 on thread 17 328 in task t-3 on thread 17 329 in task t-3 on thread 17 
330 in task t-3 on thread 17 331 in task t-3 on thread 17 332 in task t-3 on thread 17 
333 in task t-3 on thread 17 334 in task t-3 on thread 17 335 in task t-3 on thread 17 
336 in task t-3 on thread 17 337 in task t-3 on thread 17 338 in task t-3 on thread 17 
339 in task t-3 on thread 17 340 in task t-3 on thread 17 341 in task t-3 on thread 17 
342 in task t-3 on thread 17 343 in task t-3 on thread 17 344 in task t-3 on thread 17 
345 in task t-3 on thread 17 346 in task t-3 on thread 17 347 in task t-3 on thread 17 
348 in task t-3 on thread 17 349 in task t-3 on thread 17 350 in task t-3 on thread 17 
351 in task t-3 on thread 17 352 in task t-3 on thread 17 353 in task t-3 on thread 17 
354 in task t-3 on thread 17 355 in task t-3 on thread 17 356 in task t-3 on thread 17 
357 in task t-3 on thread 17 358 in task t-3 on thread 17 359 in task t-3 on thread 17 
360 in task t-3 on thread 17 361 in task t-3 on thread 17 362 in task t-3 on thread 17 
363 in task t-3 on thread 17 364 in task t-3 on thread 17 365 in task t-3 on thread 17 
366 in task t-3 on thread 17 367 in task t-3 on thread 17 368 in task t-3 on thread 17 
369 in task t-3 on thread 17 370 in task t-3 on thread 17 371 in task t-3 on thread 17 
372 in task t-3 on thread 17 373 in task t-3 on thread 17 374 in task t-3 on thread 17 
375 in task t-3 on thread 17 376 in task t-3 on thread 17 377 in task t-3 on thread 17 
378 in task t-3 on thread 17 379 in task t-3 on thread 17 380 in task t-3 on thread 17 
381 in task t-3 on thread 17 382 in task t-3 on thread 17 383 in task t-3 on thread 17 
384 in task t-3 on thread 17 385 in task t-3 on thread 17 386 in task t-3 on thread 17 
387 in task t-3 on thread 17 388 in task t-3 on thread 17 389 in task t-3 on thread 17 
390 in task t-3 on thread 17 391 in task t-3 on thread 17 392 in task t-3 on thread 17 
393 in task t-3 on thread 17 394 in task t-3 on thread 17 395 in task t-3 on thread 17 
396 in task t-3 on thread 17 397 in task t-3 on thread 17 398 in task t-3 on thread 17 
399 in task t-3 on thread 17 400 in task t-3 on thread 17 401 in task t-3 on thread 17 
402 in task t-3 on thread 17 403 in task t-3 on thread 17 404 in task t-3 on thread 17 
405 in task t-3 on thread 17 406 in task t-3 on thread 17 407 in task t-3 on thread 17 
408 in task t-3 on thread 17 409 in task t-3 on thread 17 410 in task t-3 on thread 17 
411 in task t-3 on thread 17 412 in task t-3 on thread 17 413 in task t-3 on thread 17 
414 in task t-3 on thread 17 415 in task t-3 on thread 17 416 in task t-3 on thread 17 
417 in task t-3 on thread 17 418 in task t-3 on thread 17 419 in task t-3 on thread 17 
420 in task t-3 on thread 17 421 in task t-3 on thread 17 422 in task t-3 on thread 17 
423 in task t-3 on thread 17 424 in task t-3 on thread 17 425 in task t-3 on thread 17 
426 in task t-3 on thread 17 427 in task t-3 on thread 17 428 in task t-3 on thread 17 
429 in task t-3 on thread 17 430 in task t-3 on thread 17 431 in task t-3 on thread 17 
432 in task t-3 on thread 17 433 in task t-3 on thread 17 434 in task t-3 on thread 17 
435 in task t-3 on thread 17 436 in task t-3 on thread 17 437 in task t-3 on thread 17 
438 in task t-3 on thread 17 439 in task t-3 on thread 17 440 in task t-3 on thread 17 
441 in task t-3 on thread 17 442 in task t-3 on thread 17 443 in task t-3 on thread 17 
444 in task t-3 on thread 17 445 in task t-3 on thread 17 446 in task t-3 on thread 17 
447 in task t-3 on thread 17 448 in task t-3 on thread 17 449 in task t-3 on thread 17 
450 in task t-3 on thread 17 451 in task t-3 on thread 17 452 in task t-3 on thread 17 
453 in task t-3 on thread 17 454 in task t-3 on thread 17 455 in task t-3 on thread 17 
456 in task t-3 on thread 17 457 in task t-3 on thread 17 458 in task t-3 on thread 17 
459 in task t-3 on thread 17 460 in task t-3 on thread 17 461 in task t-3 on thread 17 
462 in task t-3 on thread 17 463 in task t-3 on thread 17 464 in task t-3 on thread 17 
465 in task t-3 on thread 17 466 in task t-3 on thread 17 467 in task t-3 on thread 17 
468 in task t-3 on thread 17 469 in task t-3 on thread 17 470 in task t-3 on thread 17 
471 in task t-3 on thread 17 472 in task t-3 on thread 17 473 in task t-3 on thread 17 
474 in task t-3 on thread 17 475 in task t-3 on thread 17 476 in task t-3 on thread 17 
477 in task t-3 on thread 17 478 in task t-3 on thread 17 479 in task t-3 on thread 17 
480 in task t-3 on thread 17 481 in task t-3 on thread 17 482 in task t-3 on thread 17 
483 in task t-3 on thread 17 484 in task t-3 on thread 17 485 in task t-3 on thread 17 
486 in task t-3 on thread 17 487 in task t-3 on thread 17 488 in task t-3 on thread 17 
489 in task t-3 on thread 17 490 in task t-3 on thread 17 491 in task t-3 on thread 17 
492 in task t-3 on thread 17 493 in task t-3 on thread 17 494 in task t-3 on thread 17 
495 in task t-3 on thread 17 496 in task t-3 on thread 17 497 in task t-3 on thread 17 
498 in task t-3 on thread 17 499 in task t-3 on thread 17 500 in task t-3 on thread 17 
501 in task t-3 on thread 17 502 in task t-3 on thread 17 503 in task t-3 on thread 17 
504 in task t-3 on thread 17 505 in task t-3 on thread 17 506 in task t-3 on thread 17 
507 in task t-3 on thread 17 508 in task t-3 on thread 17 509 in task t-3 on thread 17 
510 in task t-3 on thread 17 511 in task t-3 on thread 17 512 in task t-3 on thread 17 
513 in task t-3 on thread 17 514 in task t-3 on thread 17 515 in task t-3 on thread 17 
516 in task t-3 on thread 17 517 in task t-3 on thread 17 518 in task t-3 on thread 17 
519 in task t-3 on thread 17 520 in task t-3 on thread 17 521 in task t-3 on thread 17 
522 in task t-3 on thread 17 523 in task t-3 on thread 17 524 in task t-3 on thread 17 
525 in task t-3 on thread 17 526 in task t-3 on thread 17 527 in task t-3 on thread 17 
528 in task t-3 on thread 17 529 in task t-3 on thread 17 530 in task t-3 on thread 17 
531 in task t-3 on thread 17 532 in task t-3 on thread 17 533 in task t-3 on thread 17 
534 in task t-3 on thread 17 535 in task t-3 on thread 17 536 in task t-3 on thread 17 
537 in task t-3 on thread 17 538 in task t-3 on thread 17 539 in task t-3 on thread 17 
540 in task t-3 on thread 17 541 in task t-3 on thread 17 542 in task t-3 on thread 17 
543 in task t-3 on thread 17 544 in task t-3 on thread 17 545 in task t-3 on thread 17 
546 in task t-3 on thread 17 547 in task t-3 on thread 17 548 in task t-3 on thread 17 
549 in task t-3 on thread 17 550 in task t-3 on thread 17 551 in task t-3 on thread 17 
552 in task t-3 on thread 17 553 in task t-3 on thread 17 554 in task t-3 on thread 17 
555 in task t-3 on thread 17 556 in task t-3 on thread 17 557 in task t-3 on thread 17 
558 in task t-3 on thread 17 559 in task t-3 on thread 17 560 in task t-3 on thread 17 
561 in task t-3 on thread 17 562 in task t-3 on thread 17 563 in task t-3 on thread 17 
564 in task t-3 on thread 17 565 in task t-3 on thread 17 566 in task t-3 on thread 17 
567 in task t-3 on thread 17 568 in task t-3 on thread 17 569 in task t-3 on thread 17 
570 in task t-3 on thread 17 571 in task t-3 on thread 17 572 in task t-3 on thread 17 
573 in task t-3 on thread 17 574 in task t-3 on thread 17 575 in task t-3 on thread 17 
576 in task t-3 on thread 17 577 in task t-3 on thread 17 578 in task t-3 on thread 17 
579 in task t-3 on thread 17 580 in task t-3 on thread 17 581 in task t-3 on thread 17 
582 in task t-3 on thread 17 583 in task t-3 on thread 17 584 in task t-3 on thread 17 
585 in task t-3 on thread 17 586 in task t-3 on thread 17 587 in task t-3 on thread 17 
588 in task t-3 on thread 17 1 in task t-0 on thread 15 2 in task t-0 on thread 15 
3 in task t-0 on thread 15 4 in task t-0 on thread 15 5 in task t-0 on thread 15 
6 in task t-0 on thread 15 7 in task t-0 on thread 15 8 in task t-0 on thread 15 
9 in task t-0 on thread 15 10 in task t-0 on thread 15 11 in task t-0 on thread 15 
12 in task t-0 on thread 15 13 in task t-0 on thread 15 14 in task t-0 on thread 15 
15 in task t-0 on thread 15 16 in task t-0 on thread 15 17 in task t-0 on thread 15 
18 in task t-0 on thread 15 19 in task t-0 on thread 15 20 in task t-0 on thread 15 
21 in task t-0 on thread 15 22 in task t-0 on thread 15 23 in task t-0 on thread 15 
24 in task t-0 on thread 15 25 in task t-0 on thread 15 26 in task t-0 on thread 15 
27 in task t-0 on thread 15 28 in task t-0 on thread 15 29 in task t-0 on thread 15 
30 in task t-0 on thread 15 31 in task t-0 on thread 15 32 in task t-0 on thread 15 
33 in task t-0 on thread 15 34 in task t-0 on thread 15 35 in task t-0 on thread 15 
36 in task t-0 on thread 15 37 in task t-0 on thread 15 38 in task t-0 on thread 15 
39 in task t-0 on thread 15 40 in task t-0 on thread 15 41 in task t-0 on thread 15 
42 in task t-0 on thread 15 43 in task t-0 on thread 15 44 in task t-0 on thread 15 
[...]
'A' in task t1-2 on thread 17 'B' in task t1-2 on thread 17 'C' in task t1-2 on thread 17 
'D' in task t1-2 on thread 17 'E' in task t1-2 on thread 17 'F' in task t1-2 on thread 17 
'G' in task t1-2 on thread 17 'H' in task t1-2 on thread 17 'I' in task t1-2 on thread 17 
'J' in task t1-2 on thread 17 'K' in task t1-2 on thread 17 'L' in task t1-2 on thread 17 
'M' in task t1-2 on thread 17 'N' in task t1-2 on thread 17 'O' in task t1-2 on thread 17 
'P' in task t1-2 on thread 17 'Q' in task t1-2 on thread 17 'R' in task t1-2 on thread 17 
'S' in task t1-2 on thread 17 'T' in task t1-2 on thread 17 'U' in task t1-2 on thread 17 
'V' in task t1-2 on thread 17 'W' in task t1-2 on thread 17 'X' in task t1-2 on thread 17 
'Y' in task t1-2 on thread 17 'Z' in task t1-2 on thread 17 '[' in task t1-2 on thread 17 
'\' in task t1-2 on thread 17 ']' in task t1-2 on thread 17 '^' in task t1-2 on thread 17 
'_' in task t1-2 on thread 17 '`' in task t1-2 on thread 17 'a' in task t1-2 on thread 17 
'b' in task t1-2 on thread 17 'c' in task t1-2 on thread 17 'd' in task t1-2 on thread 17 
'e' in task t1-2 on thread 17 'f' in task t1-2 on thread 17 'g' in task t1-2 on thread 17 
'h' in task t1-2 on thread 17 'i' in task t1-2 on thread 17 'j' in task t1-2 on thread 17 
'k' in task t1-2 on thread 17 'l' in task t1-2 on thread 17 'm' in task t1-2 on thread 17 
'n' in task t1-2 on thread 17 'o' in task t1-2 on thread 17 'p' in task t1-2 on thread 17 
'q' in task t1-2 on thread 17 'r' in task t1-2 on thread 17 's' in task t1-2 on thread 17 
't' in task t1-2 on thread 17 'u' in task t1-2 on thread 17 'v' in task t1-2 on thread 17 
'w' in task t1-2 on thread 17 'x' in task t1-2 on thread 17 'y' in task t1-2 on thread 17 
'z' in task t1-2 on thread 17 '{' in task t1-2 on thread 17 '|' in task t1-2 on thread 17 
'}' in task t1-2 on thread 17 '~' in task t1-2 on thread 17 '!' in task t1-2 on thread 17 
'"' in task t1-2 on thread 17 '#' in task t1-2 on thread 17 '$' in task t1-2 on thread 17 
'%' in task t1-2 on thread 17 '&amp;' in task t1-2 on thread 17 ''' in task t1-2 on thread 17 
'(' in task t1-2 on thread 17 ')' in task t1-2 on thread 17 '*' in task t1-2 on thread 17 
'+' in task t1-2 on thread 17 ',' in task t1-2 on thread 17 '-' in task t1-2 on thread 17 
'.' in task t1-2 on thread 17 '/' in task t1-2 on thread 17 '0' in task t1-2 on thread 17 
'1' in task t1-2 on thread 17 '2' in task t1-2 on thread 17 '3' in task t1-2 on thread 17 
'4' in task t1-2 on thread 17 '5' in task t1-2 on thread 17 '6' in task t1-2 on thread 17 
'7' in task t1-2 on thread 17 '8' in task t1-2 on thread 17 '9' in task t1-2 on thread 17 
':' in task t1-2 on thread 17 ';' in task t1-2 on thread 17 '&lt;' in task t1-2 on thread 17 
'=' in task t1-2 on thread 17 '&gt;' in task t1-2 on thread 17 '?' in task t1-2 on thread 17 
'@' in task t1-2 on thread 17 'A' in task t1-2 on thread 17 'B' in task t1-2 on thread 17 
'C' in task t1-2 on thread 17 'D' in task t1-2 on thread 17 'E' in task t1-2 on thread 17 
'F' in task t1-2 on thread 17 'G' in task t1-2 on thread 17 'H' in task t1-2 on thread 17 
'I' in task t1-2 on thread 17 'J' in task t1-2 on thread 17 'K' in task t1-2 on thread 17 
'L' in task t1-2 on thread 17 'M' in task t1-2 on thread 17 'N' in task t1-2 on thread 17 
'O' in task t1-2 on thread 17 'P' in task t1-2 on thread 17 'Q' in task t1-2 on thread 17 
'R' in task t1-2 on thread 17 'S' in task t1-2 on thread 17 'T' in task t1-2 on thread 17 
'U' in task t1-2 on thread 17 'V' in task t1-2 on thread 17 'W' in task t1-2 on thread 17 
'X' in task t1-2 on thread 17 'Y' in task t1-2 on thread 17 'Z' in task t1-2 on thread 17 
'[' in task t1-2 on thread 17 '\' in task t1-2 on thread 17 ']' in task t1-2 on thread 17 
'^' in task t1-2 on thread 17 '_' in task t1-2 on thread 17 '`' in task t1-2 on thread 17 
'a' in task t1-2 on thread 17 'b' in task t1-2 on thread 17 'c' in task t1-2 on thread 17 
'd' in task t1-2 on thread 17 'e' in task t1-2 on thread 17 'f' in task t1-2 on thread 17 
'g' in task t1-2 on thread 17 'h' in task t1-2 on thread 17 'i' in task t1-2 on thread 17 
'j' in task t1-2 on thread 17 'k' in task t1-2 on thread 17 'l' in task t1-2 on thread 17 
'm' in task t1-2 on thread 17 'n' in task t1-2 on thread 17 'o' in task t1-2 on thread 17 
'p' in task t1-2 on thread 17 'q' in task t1-2 on thread 17 'r' in task t1-2 on thread 17 
'e' in task t1-3 on thread 15 'f' in task t1-3 on thread 15 'g' in task t1-3 on thread 15 
'h' in task t1-3 on thread 15 'i' in task t1-3 on thread 15 'j' in task t1-3 on thread 15 
'k' in task t1-3 on thread 15 'l' in task t1-3 on thread 15 'm' in task t1-3 on thread 15 
'n' in task t1-3 on thread 15 'o' in task t1-3 on thread 15 'p' in task t1-3 on thread 15 
'q' in task t1-3 on thread 15 'r' in task t1-3 on thread 15 's' in task t1-3 on thread 15 
't' in task t1-3 on thread 15 'u' in task t1-3 on thread 15 'v' in task t1-3 on thread 15 
'w' in task t1-3 on thread 15 'x' in task t1-3 on thread 15 'y' in task t1-3 on thread 15 
'z' in task t1-3 on thread 15 '{' in task t1-3 on thread 15 '|' in task t1-3 on thread 15 
'}' in task t1-3 on thread 15 '~' in task t1-3 on thread 15 '!' in task t1-3 on thread 15 
'"' in task t1-3 on thread 15 '#' in task t1-3 on thread 15 '$' in task t1-3 on thread 15 
'%' in task t1-3 on thread 15 '&amp;' in task t1-3 on thread 15 ''' in task t1-3 on thread 15 
'(' in task t1-3 on thread 15 ')' in task t1-3 on thread 15 '*' in task t1-3 on thread 15 
'+' in task t1-3 on thread 15 ',' in task t1-3 on thread 15 '-' in task t1-3 on thread 15 
'.' in task t1-3 on thread 15 '/' in task t1-3 on thread 15 '0' in task t1-3 on thread 15 
'1' in task t1-3 on thread 15 '2' in task t1-3 on thread 15 '3' in task t1-3 on thread 15 
'4' in task t1-3 on thread 15 '5' in task t1-3 on thread 15 '6' in task t1-3 on thread 15 
'7' in task t1-3 on thread 15 '8' in task t1-3 on thread 15 '9' in task t1-3 on thread 15 
':' in task t1-3 on thread 15 ';' in task t1-3 on thread 15 '&lt;' in task t1-3 on thread 15 
'=' in task t1-3 on thread 15 '&gt;' in task t1-3 on thread 15 '?' in task t1-3 on thread 15 
'@' in task t1-3 on thread 15 'A' in task t1-3 on thread 15 'B' in task t1-3 on thread 15 
'C' in task t1-3 on thread 15 'D' in task t1-3 on thread 15 'E' in task t1-3 on thread 15 
'F' in task t1-3 on thread 15 'G' in task t1-3 on thread 15 'H' in task t1-3 on thread 15 
'I' in task t1-3 on thread 15 'J' in task t1-3 on thread 15 'K' in task t1-3 on thread 15 
'L' in task t1-3 on thread 15 'M' in task t1-3 on thread 15 'N' in task t1-3 on thread 15 
'O' in task t1-3 on thread 15 'P' in task t1-3 on thread 15 'Q' in task t1-3 on thread 15 
'R' in task t1-3 on thread 15 'S' in task t1-3 on thread 15 'T' in task t1-3 on thread 15 
'U' in task t1-3 on thread 15 'V' in task t1-3 on thread 15 'W' in task t1-3 on thread 15 
'X' in task t1-3 on thread 15 'Y' in task t1-3 on thread 15 'Z' in task t1-3 on thread 15 
'[' in task t1-3 on thread 15 '\' in task t1-3 on thread 15 ']' in task t1-3 on thread 15 
'^' in task t1-3 on thread 15 '_' in task t1-3 on thread 15 '`' in task t1-3 on thread 15 
'a' in task t1-3 on thread 15 'b' in task t1-3 on thread 15 'c' in task t1-3 on thread 15 
'd' in task t1-3 on thread 15 'e' in task t1-3 on thread 15 'f' in task t1-3 on thread 15 
'g' in task t1-3 on thread 15 'h' in task t1-3 on thread 15 'i' in task t1-3 on thread 15 
'j' in task t1-3 on thread 15 'k' in task t1-3 on thread 15 'l' in task t1-3 on thread 15 
'm' in task t1-3 on thread 15 'n' in task t1-3 on thread 15 'o' in task t1-3 on thread 15 
'p' in task t1-3 on thread 15 'q' in task t1-3 on thread 15 'r' in task t1-3 on thread 15 
's' in task t1-3 on thread 15 't' in task t1-3 on thread 15 'u' in task t1-3 on thread 15 
'v' in task t1-3 on thread 15 'w' in task t1-3 on thread 15 'x' in task t1-3 on thread 15 
'y' in task t1-3 on thread 15 'z' in task t1-3 on thread 15 '{' in task t1-3 on thread 15 
'|' in task t1-3 on thread 15 '}' in task t1-3 on thread 15 '~' in task t1-3 on thread 15 
'!' in task t1-3 on thread 15 '"' in task t1-3 on thread 15 '#' in task t1-3 on thread 15 
'$' in task t1-3 on thread 15 '%' in task t1-3 on thread 15 '&amp;' in task t1-3 on thread 15 
''' in task t1-3 on thread 15 '(' in task t1-3 on thread 15 ')' in task t1-3 on thread 15 
'*' in task t1-3 on thread 15 '+' in task t1-3 on thread 15 ',' in task t1-3 on thread 15 
'-' in task t1-3 on thread 15 '.' in task t1-3 on thread 15 '/' in task t1-3 on thread 15 
'0' in task t1-3 on thread 15 '1' in task t1-3 on thread 15 '2' in task t1-3 on thread 15 
'3' in task t1-3 on thread 15 '4' in task t1-3 on thread 15 '5' in task t1-3 on thread 15 
'6' in task t1-3 on thread 15 '7' in task t1-3 on thread 15 '8' in task t1-3 on thread 15 
'9' in task t1-3 on thread 15 ':' in task t1-3 on thread 15 ';' in task t1-3 on thread 15 
'&lt;' in task t1-3 on thread 15 '=' in task t1-3 on thread 15 '&gt;' in task t1-3 on thread 15 
'?' in task t1-3 on thread 15 '@' in task t1-3 on thread 15 'A' in task t1-3 on thread 15 
'B' in task t1-3 on thread 15 'C' in task t1-3 on thread 15 'D' in task t1-3 on thread 15 
'E' in task t1-3 on thread 15 'F' in task t1-3 on thread 15 'G' in task t1-3 on thread 15 
'H' in task t1-3 on thread 15 'I' in task t1-3 on thread 15 'J' in task t1-3 on thread 15 
'K' in task t1-3 on thread 15 'L' in task t1-3 on thread 15 'M' in task t1-3 on thread 15 
'N' in task t1-3 on thread 15 'O' in task t1-3 on thread 15 'P' in task t1-3 on thread 15 
'Q' in task t1-3 on thread 15 'R' in task t1-3 on thread 15 'S' in task t1-3 on thread 15 
'T' in task t1-3 on thread 15 'U' in task t1-3 on thread 15 'V' in task t1-3 on thread 15 
'W' in task t1-3 on thread 15 'X' in task t1-3 on thread 15 'Y' in task t1-3 on thread 15 
'Z' in task t1-3 on thread 15 '[' in task t1-3 on thread 15 '\' in task t1-3 on thread 15 
']' in task t1-3 on thread 15 '^' in task t1-3 on thread 15 '_' in task t1-3 on thread 15 
'`' in task t1-3 on thread 15 'a' in task t1-3 on thread 15 'b' in task t1-3 on thread 15 
'c' in task t1-3 on thread 15 'd' in task t1-3 on thread 15 'e' in task t1-3 on thread 15 
'f' in task t1-3 on thread 15 'g' in task t1-3 on thread 15 'h' in task t1-3 on thread 15 
'i' in task t1-3 on thread 15 'j' in task t1-3 on thread 15 'k' in task t1-3 on thread 15 
'l' in task t1-3 on thread 15 'm' in task t1-3 on thread 15 'n' in task t1-3 on thread 15 
'o' in task t1-3 on thread 15 'p' in task t1-3 on thread 15 'q' in task t1-3 on thread 15 
'r' in task t1-3 on thread 15 's' in task t1-3 on thread 15 't' in task t1-3 on thread 15 
'u' in task t1-3 on thread 15 'v' in task t1-3 on thread 15 'w' in task t1-3 on thread 15 
'x' in task t1-3 on thread 15 'y' in task t1-3 on thread 15 'z' in task t1-3 on thread 15 
'{' in task t1-3 on thread 15 '|' in task t1-3 on thread 15 '}' in task t1-3 on thread 15 
'~' in task t1-3 on thread 15 '!' in task t1-3 on thread 15 '"' in task t1-3 on thread 15 
'#' in task t1-3 on thread 15 '$' in task t1-3 on thread 15 '%' in task t1-3 on thread 15 
'&amp;' in task t1-3 on thread 15 ''' in task t1-3 on thread 15 '(' in task t1-3 on thread 15 
')' in task t1-3 on thread 15 '*' in task t1-3 on thread 15 '+' in task t1-3 on thread 15 
',' in task t1-3 on thread 15 '-' in task t1-3 on thread 15 '.' in task t1-3 on thread 15 
'/' in task t1-3 on thread 15 '0' in task t1-3 on thread 15 '1' in task t1-3 on thread 15 
'2' in task t1-3 on thread 15 '3' in task t1-3 on thread 15 '4' in task t1-3 on thread 15 
'5' in task t1-3 on thread 15 '6' in task t1-3 on thread 15 '7' in task t1-3 on thread 15 
'8' in task t1-3 on thread 15 '9' in task t1-3 on thread 15 ':' in task t1-3 on thread 15 
';' in task t1-3 on thread 15 '&lt;' in task t1-3 on thread 15 '=' in task t1-3 on thread 15 
'&gt;' in task t1-3 on thread 15 '?' in task t1-3 on thread 15 '@' in task t1-3 on thread 15 
'A' in task t1-3 on thread 15 'B' in task t1-3 on thread 15 'C' in task t1-3 on thread 15 
'D' in task t1-3 on thread 15 'E' in task t1-3 on thread 15 'F' in task t1-3 on thread 15 
'G' in task t1-3 on thread 15 'H' in task t1-3 on thread 15 'I' in task t1-3 on thread 15 
'J' in task t1-3 on thread 15 'K' in task t1-3 on thread 15 'L' in task t1-3 on thread 15 
'M' in task t1-3 on thread 15 'N' in task t1-3 on thread 15 'O' in task t1-3 on thread 15 
'P' in task t1-3 on thread 15 'Q' in task t1-3 on thread 15 'R' in task t1-3 on thread 15 
'S' in task t1-3 on thread 15 'T' in task t1-3 on thread 15 'U' in task t1-3 on thread 15 
'V' in task t1-3 on thread 15 'W' in task t1-3 on thread 15 'X' in task t1-3 on thread 15 
'Y' in task t1-3 on thread 15 'Z' in task t1-3 on thread 15 '[' in task t1-3 on thread 15 
'\' in task t1-3 on thread 15 ']' in task t1-3 on thread 15 '^' in task t1-3 on thread 15 
'_' in task t1-3 on thread 15 '`' in task t1-3 on thread 15 'a' in task t1-3 on thread 15 
'b' in task t1-3 on thread 15 'c' in task t1-3 on thread 15 'd' in task t1-3 on thread 15 
'e' in task t1-3 on thread 15 'f' in task t1-3 on thread 15 'g' in task t1-3 on thread 15 
'h' in task t1-3 on thread 15 'i' in task t1-3 on thread 15 'j' in task t1-3 on thread 15 
'k' in task t1-3 on thread 15 'l' in task t1-3 on thread 15 'm' in task t1-3 on thread 15 
'n' in task t1-3 on thread 15 'o' in task t1-3 on thread 15 'p' in task t1-3 on thread 15 
'q' in task t1-3 on thread 15 'r' in task t1-3 on thread 15 's' in task t1-3 on thread 15 
't' in task t1-3 on thread 15 'u' in task t1-3 on thread 15 'v' in task t1-3 on thread 15 
'w' in task t1-3 on thread 15 'x' in task t1-3 on thread 15 'y' in task t1-3 on thread 15 
'z' in task t1-3 on thread 15 '{' in task t1-3 on thread 15 '|' in task t1-3 on thread 15 
'}' in task t1-3 on thread 15 '~' in task t1-3 on thread 15 's' in task t1-2 on thread 17 
't' in task t1-2 on thread 17 'u' in task t1-2 on thread 17 'v' in task t1-2 on thread 17 
'w' in task t1-2 on thread 17 'x' in task t1-2 on thread 17 'y' in task t1-2 on thread 17 
'z' in task t1-2 on thread 17 '{' in task t1-2 on thread 17 '|' in task t1-2 on thread 17 
'}' in task t1-2 on thread 17 '~' in task t1-2 on thread 17 '!' in task t1-2 on thread 17 
'"' in task t1-2 on thread 17 '#' in task t1-2 on thread 17 '$' in task t1-2 on thread 17 
'%' in task t1-2 on thread 17 '&amp;' in task t1-2 on thread 17 ''' in task t1-2 on thread 17 
'(' in task t1-2 on thread 17 ')' in task t1-2 on thread 17 '*' in task t1-2 on thread 17 
'+' in task t1-2 on thread 17 ',' in task t1-2 on thread 17 '-' in task t1-2 on thread 17 
'.' in task t1-2 on thread 17 '/' in task t1-2 on thread 17 '0' in task t1-2 on thread 17 
'1' in task t1-2 on thread 17 '2' in task t1-2 on thread 17 '3' in task t1-2 on thread 17 
'4' in task t1-2 on thread 17 '5' in task t1-2 on thread 17 '6' in task t1-2 on thread 17 
'7' in task t1-2 on thread 17 '8' in task t1-2 on thread 17 '9' in task t1-2 on thread 17 
':' in task t1-2 on thread 17 ';' in task t1-2 on thread 17 '&lt;' in task t1-2 on thread 17 
'=' in task t1-2 on thread 17 '&gt;' in task t1-2 on thread 17 '?' in task t1-2 on thread 17 
'@' in task t1-2 on thread 17 'A' in task t1-2 on thread 17 'B' in task t1-2 on thread 17 
'C' in task t1-2 on thread 17 'D' in task t1-2 on thread 17 'E' in task t1-2 on thread 17 
'F' in task t1-2 on thread 17 'G' in task t1-2 on thread 17 'H' in task t1-2 on thread 17 
'I' in task t1-2 on thread 17 'J' in task t1-2 on thread 17 'K' in task t1-2 on thread 17 
'L' in task t1-2 on thread 17 'M' in task t1-2 on thread 17 'N' in task t1-2 on thread 17 
'O' in task t1-2 on thread 17 'P' in task t1-2 on thread 17 'Q' in task t1-2 on thread 17 
'R' in task t1-2 on thread 17 'S' in task t1-2 on thread 17 'T' in task t1-2 on thread 17 
'U' in task t1-2 on thread 17 'V' in task t1-2 on thread 17 'W' in task t1-2 on thread 17 
'X' in task t1-2 on thread 17 'Y' in task t1-2 on thread 17 'Z' in task t1-2 on thread 17 
'[' in task t1-2 on thread 17 '\' in task t1-2 on thread 17 ']' in task t1-2 on thread 17 
'^' in task t1-2 on thread 17 '_' in task t1-2 on thread 17 '`' in task t1-2 on thread 17 
'a' in task t1-2 on thread 17 'b' in task t1-2 on thread 17 'c' in task t1-2 on thread 17 
'd' in task t1-2 on thread 17 'e' in task t1-2 on thread 17 'f' in task t1-2 on thread 17 
'g' in task t1-2 on thread 17 'h' in task t1-2 on thread 17 'i' in task t1-2 on thread 17 
'j' in task t1-2 on thread 17 'k' in task t1-2 on thread 17 'l' in task t1-2 on thread 17 
'm' in task t1-2 on thread 17 'n' in task t1-2 on thread 17 'o' in task t1-2 on thread 17 
'p' in task t1-2 on thread 17 'q' in task t1-2 on thread 17 'r' in task t1-2 on thread 17 
's' in task t1-2 on thread 17 't' in task t1-2 on thread 17 'u' in task t1-2 on thread 17 
'v' in task t1-2 on thread 17 'w' in task t1-2 on thread 17 'x' in task t1-2 on thread 17 
'y' in task t1-2 on thread 17 'z' in task t1-2 on thread 17 '{' in task t1-2 on thread 17 
'|' in task t1-2 on thread 17 '}' in task t1-2 on thread 17 '~' in task t1-2 on thread 17 
'!' in task t1-2 on thread 17 '"' in task t1-2 on thread 17 '#' in task t1-2 on thread 17 
'$' in task t1-2 on thread 17 '%' in task t1-2 on thread 17 '&amp;' in task t1-2 on thread 17 
''' in task t1-2 on thread 17 '(' in task t1-2 on thread 17 ')' in task t1-2 on thread 17 
'*' in task t1-2 on thread 17 '+' in task t1-2 on thread 17 ',' in task t1-2 on thread 17 
'-' in task t1-2 on thread 17 '.' in task t1-2 on thread 17 '/' in task t1-2 on thread 17 
'0' in task t1-2 on thread 17 '1' in task t1-2 on thread 17 '2' in task t1-2 on thread 17 
'3' in task t1-2 on thread 17 '4' in task t1-2 on thread 17 '5' in task t1-2 on thread 17 
'6' in task t1-2 on thread 17 '7' in task t1-2 on thread 17 '8' in task t1-2 on thread 17 
'9' in task t1-2 on thread 17 ':' in task t1-2 on thread 17 ';' in task t1-2 on thread 17 
'&lt;' in task t1-2 on thread 17 '=' in task t1-2 on thread 17 '&gt;' in task t1-2 on thread 17 
'?' in task t1-2 on thread 17 '@' in task t1-2 on thread 17 'A' in task t1-2 on thread 17 
'B' in task t1-2 on thread 17 'C' in task t1-2 on thread 17 'D' in task t1-2 on thread 17 
'E' in task t1-2 on thread 17 'F' in task t1-2 on thread 17 'G' in task t1-2 on thread 17 
'H' in task t1-2 on thread 17 'I' in task t1-2 on thread 17 'J' in task t1-2 on thread 17 
'K' in task t1-2 on thread 17 'L' in task t1-2 on thread 17 'M' in task t1-2 on thread 17 
'N' in task t1-2 on thread 17 'O' in task t1-2 on thread 17 'P' in task t1-2 on thread 17 
'Q' in task t1-2 on thread 17 'R' in task t1-2 on thread 17 'S' in task t1-2 on thread 17 
'T' in task t1-2 on thread 17 'U' in task t1-2 on thread 17 'V' in task t1-2 on thread 17 
'W' in task t1-2 on thread 17 'X' in task t1-2 on thread 17 'Y' in task t1-2 on thread 17 
'Z' in task t1-2 on thread 17 '[' in task t1-2 on thread 17 '\' in task t1-2 on thread 17 
']' in task t1-2 on thread 17 '^' in task t1-2 on thread 17 '_' in task t1-2 on thread 17 
'`' in task t1-2 on thread 17 'a' in task t1-2 on thread 17 'b' in task t1-2 on thread 17 
'c' in task t1-2 on thread 17 'd' in task t1-2 on thread 17 'e' in task t1-2 on thread 17 
'f' in task t1-2 on thread 17 'g' in task t1-2 on thread 17 'h' in task t1-2 on thread 17 
'i' in task t1-2 on thread 17 'j' in task t1-2 on thread 17 'k' in task t1-2 on thread 17 
'l' in task t1-2 on thread 17 'm' in task t1-2 on thread 17 'n' in task t1-2 on thread 17 
'o' in task t1-2 on thread 17 'p' in task t1-2 on thread 17 'q' in task t1-2 on thread 17 
'r' in task t1-2 on thread 17 's' in task t1-2 on thread 17 't' in task t1-2 on thread 17 
'u' in task t1-2 on thread 17 'v' in task t1-2 on thread 17 'w' in task t1-2 on thread 17 
'x' in task t1-2 on thread 17 'y' in task t1-2 on thread 17 'z' in task t1-2 on thread 17 
'{' in task t1-2 on thread 17 '|' in task t1-2 on thread 17 '}' in task t1-2 on thread 17 
'~' in task t1-2 on thread 17 

Successful completion.</StdOut>
      </Output>
    </UnitTestResult>
  </Results>
</TestRun>