<?xml version="1.0" encoding="UTF-8"?>
<TestRun id="db377f00-f303-4b13-8ab9-20ee7028ff11" name="joy@JOY-PC 2014-04-07 20:59:18" runUser="joy-PC\joy" xmlns="http://microsoft.com/schemas/VisualStudio/TeamTest/2010">
  <TestSettings name="本地" id="c0ebd4f5-5243-4811-ae81-3cf46aee3685">
    <Description>这些设置为本地测试运行的默认测试设置。</Description>
    <Deployment enabled="false" runDeploymentRoot="joy_JOY-PC 2014-04-07 20_59_18">
      <DeploymentItem filename="D:\VSworkspace\visual studio 2010\C# samples\GitHub\ParallelExtensionsExtras-master\ParallelExtensionsExtras-master\src\bin\Debug\ParallelExtensionsExtras.dll" />
    </Deployment>
    <Execution>
      <TestTypeSpecific />
      <AgentRule name="Execution Agents">
      </AgentRule>
    </Execution>
  </TestSettings>
  <Times creation="2014-04-07T20:59:18.4195980+08:00" queuing="2014-04-07T20:59:18.4355988+08:00" start="2014-04-07T20:59:18.4916019+08:00" finish="2014-04-07T20:59:19.0856341+08:00" />
  <ResultSummary outcome="Completed">
    <Counters total="1" executed="1" passed="1" error="0" failed="0" timeout="0" aborted="0" inconclusive="0" passedButRunAborted="0" notRunnable="0" notExecuted="0" disconnected="0" warning="0" completed="0" inProgress="0" pending="0" />
  </ResultSummary>
  <TestDefinitions>
    <UnitTest name="EnqueueTest" storage="d:\vsworkspace\visual studio 2010\c# samples\github\parallelextensionsextras-master\parallelextensionsextras-master\src\parallelextensionsunittest\bin\debug\parallelextensionsunittest.dll" id="a221281b-d6f4-4d91-e44e-41b8f1860310">
      <Execution id="21499018-d2ba-463e-8a87-04bc39b37ce3" />
      <TestMethod codeBase="D:/VSworkspace/visual studio 2010/C# samples/GitHub/ParallelExtensionsExtras-master/ParallelExtensionsExtras-master/src/ParallelExtensionsUnitTest/bin/Debug/ParallelExtensionsUnitTest.DLL" adapterTypeName="Microsoft.VisualStudio.TestTools.TestTypes.Unit.UnitTestAdapter, Microsoft.VisualStudio.QualityTools.Tips.UnitTest.Adapter, Version=10.0.0.0, Culture=neutral, PublicKeyToken=b03f5f7f11d50a3a" className="ParallelExtensionsUnitTest.SerialTaskQueueTest, ParallelExtensionsUnitTest, Version=1.0.0.0, Culture=neutral, PublicKeyToken=null" name="EnqueueTest" />
    </UnitTest>
  </TestDefinitions>
  <TestLists>
    <TestList name="列表中未列出的结果" id="8c84fa94-04c1-424b-9868-57a2d4851a1d" />
    <TestList name="所有已加载的结果" id="19431567-8539-422a-85d7-44ee4e166bda" />
  </TestLists>
  <TestEntries>
    <TestEntry testId="a221281b-d6f4-4d91-e44e-41b8f1860310" executionId="21499018-d2ba-463e-8a87-04bc39b37ce3" testListId="8c84fa94-04c1-424b-9868-57a2d4851a1d" />
  </TestEntries>
  <Results>
    <UnitTestResult executionId="21499018-d2ba-463e-8a87-04bc39b37ce3" testId="a221281b-d6f4-4d91-e44e-41b8f1860310" testName="EnqueueTest" computerName="JOY-PC" duration="00:00:00.2009814" startTime="2014-04-07T20:59:18.4956021+08:00" endTime="2014-04-07T20:59:19.0376315+08:00" testType="13cdc9d9-ddb5-4fa4-a97d-d965ccfc6d4b" outcome="Passed" testListId="8c84fa94-04c1-424b-9868-57a2d4851a1d" relativeResultsDirectory="21499018-d2ba-463e-8a87-04bc39b37ce3">
      <Output>
        <DebugTrace>0 in task t-0 on thread 34 
1 in task t-0 on thread 34 
2 in task t-0 on thread 34 
3 in task t-0 on thread 34 
4 in task t-0 on thread 34 
5 in task t-0 on thread 34 
6 in task t-0 on thread 34 
7 in task t-0 on thread 34 
8 in task t-0 on thread 34 
9 in task t-0 on thread 34 
10 in task t-0 on thread 34 
11 in task t-0 on thread 34 
12 in task t-0 on thread 34 
13 in task t-0 on thread 34 
14 in task t-0 on thread 34 
15 in task t-0 on thread 34 
16 in task t-0 on thread 34 
17 in task t-0 on thread 34 
18 in task t-0 on thread 34 
19 in task t-0 on thread 34 
20 in task t-0 on thread 34 
21 in task t-0 on thread 34 
22 in task t-0 on thread 34 
23 in task t-0 on thread 34 
24 in task t-0 on thread 34 
25 in task t-0 on thread 34 
26 in task t-0 on thread 34 
27 in task t-0 on thread 34 
28 in task t-0 on thread 34 
29 in task t-0 on thread 34 
30 in task t-0 on thread 34 
31 in task t-0 on thread 34 
32 in task t-0 on thread 34 
33 in task t-0 on thread 34 
34 in task t-0 on thread 34 
35 in task t-0 on thread 34 
36 in task t-0 on thread 34 
37 in task t-0 on thread 34 
38 in task t-0 on thread 34 
39 in task t-0 on thread 34 
40 in task t-0 on thread 34 
41 in task t-0 on thread 34 
42 in task t-0 on thread 34 
43 in task t-0 on thread 34 
44 in task t-0 on thread 34 
45 in task t-0 on thread 34 
46 in task t-0 on thread 34 
47 in task t-0 on thread 34 
48 in task t-0 on thread 34 
49 in task t-0 on thread 34 
50 in task t-0 on thread 34 
51 in task t-0 on thread 34 
52 in task t-0 on thread 34 
53 in task t-0 on thread 34 
54 in task t-0 on thread 34 
55 in task t-0 on thread 34 
56 in task t-0 on thread 34 
57 in task t-0 on thread 34 
58 in task t-0 on thread 34 
59 in task t-0 on thread 34 
60 in task t-0 on thread 34 
61 in task t-0 on thread 34 
62 in task t-0 on thread 34 
63 in task t-0 on thread 34 
64 in task t-0 on thread 34 
65 in task t-0 on thread 34 
66 in task t-0 on thread 34 
67 in task t-0 on thread 34 
68 in task t-0 on thread 34 
69 in task t-0 on thread 34 
70 in task t-0 on thread 34 
71 in task t-0 on thread 34 
72 in task t-0 on thread 34 
73 in task t-0 on thread 34 
74 in task t-0 on thread 34 
75 in task t-0 on thread 34 
76 in task t-0 on thread 34 
77 in task t-0 on thread 34 
78 in task t-0 on thread 34 
79 in task t-0 on thread 34 
80 in task t-0 on thread 34 
81 in task t-0 on thread 34 
82 in task t-0 on thread 34 
83 in task t-0 on thread 34 
84 in task t-0 on thread 34 
85 in task t-0 on thread 34 
86 in task t-0 on thread 34 
87 in task t-0 on thread 34 
88 in task t-0 on thread 34 
89 in task t-0 on thread 34 
90 in task t-0 on thread 34 
91 in task t-0 on thread 34 
92 in task t-0 on thread 34 
93 in task t-0 on thread 34 
94 in task t-0 on thread 34 
95 in task t-0 on thread 34 
96 in task t-0 on thread 34 
97 in task t-0 on thread 34 
98 in task t-0 on thread 34 
99 in task t-0 on thread 34 
100 in task t-0 on thread 34 
101 in task t-0 on thread 34 
102 in task t-0 on thread 34 
103 in task t-0 on thread 34 
104 in task t-0 on thread 34 
105 in task t-0 on thread 34 
106 in task t-0 on thread 34 
107 in task t-0 on thread 34 
108 in task t-0 on thread 34 
109 in task t-0 on thread 34 
110 in task t-0 on thread 34 
111 in task t-0 on thread 34 
112 in task t-0 on thread 34 
113 in task t-0 on thread 34 
114 in task t-0 on thread 34 
115 in task t-0 on thread 34 
116 in task t-0 on thread 34 
117 in task t-0 on thread 34 
118 in task t-0 on thread 34 
119 in task t-0 on thread 34 
120 in task t-0 on thread 34 
121 in task t-0 on thread 34 
122 in task t-0 on thread 34 
123 in task t-0 on thread 34 
124 in task t-0 on thread 34 
125 in task t-0 on thread 34 
126 in task t-0 on thread 34 
127 in task t-0 on thread 34 
128 in task t-0 on thread 34 
129 in task t-0 on thread 34 
130 in task t-0 on thread 34 
131 in task t-0 on thread 34 
132 in task t-0 on thread 34 
133 in task t-0 on thread 34 
134 in task t-0 on thread 34 
135 in task t-0 on thread 34 
136 in task t-0 on thread 34 
137 in task t-0 on thread 34 
138 in task t-0 on thread 34 
139 in task t-0 on thread 34 
140 in task t-0 on thread 34 
141 in task t-0 on thread 34 
142 in task t-0 on thread 34 
143 in task t-0 on thread 34 
144 in task t-0 on thread 34 
145 in task t-0 on thread 34 
146 in task t-0 on thread 34 
147 in task t-0 on thread 34 
148 in task t-0 on thread 34 
149 in task t-0 on thread 34 
150 in task t-0 on thread 34 
151 in task t-0 on thread 34 
152 in task t-0 on thread 34 
153 in task t-0 on thread 34 
154 in task t-0 on thread 34 
155 in task t-0 on thread 34 
156 in task t-0 on thread 34 
157 in task t-0 on thread 34 
158 in task t-0 on thread 34 
159 in task t-0 on thread 34 
160 in task t-0 on thread 34 
161 in task t-0 on thread 34 
162 in task t-0 on thread 34 
163 in task t-0 on thread 34 
164 in task t-0 on thread 34 
165 in task t-0 on thread 34 
166 in task t-0 on thread 34 
167 in task t-0 on thread 34 
168 in task t-0 on thread 34 
169 in task t-0 on thread 34 
170 in task t-0 on thread 34 
171 in task t-0 on thread 34 
172 in task t-0 on thread 34 
173 in task t-0 on thread 34 
174 in task t-0 on thread 34 
175 in task t-0 on thread 34 
176 in task t-0 on thread 34 
177 in task t-0 on thread 34 
178 in task t-0 on thread 34 
179 in task t-0 on thread 34 
180 in task t-0 on thread 34 
181 in task t-0 on thread 34 
182 in task t-0 on thread 34 
183 in task t-0 on thread 34 
184 in task t-0 on thread 34 
185 in task t-0 on thread 34 
186 in task t-0 on thread 34 
187 in task t-0 on thread 34 
188 in task t-0 on thread 34 
189 in task t-0 on thread 34 
190 in task t-0 on thread 34 
191 in task t-0 on thread 34 
192 in task t-0 on thread 34 
193 in task t-0 on thread 34 
194 in task t-0 on thread 34 
195 in task t-0 on thread 34 
196 in task t-0 on thread 34 
197 in task t-0 on thread 34 
198 in task t-0 on thread 34 
199 in task t-0 on thread 34 
200 in task t-0 on thread 34 
201 in task t-0 on thread 34 
202 in task t-0 on thread 34 
203 in task t-0 on thread 34 
204 in task t-0 on thread 34 
205 in task t-0 on thread 34 
206 in task t-0 on thread 34 
207 in task t-0 on thread 34 
208 in task t-0 on thread 34 
209 in task t-0 on thread 34 
210 in task t-0 on thread 34 
211 in task t-0 on thread 34 
212 in task t-0 on thread 34 
213 in task t-0 on thread 34 
214 in task t-0 on thread 34 
215 in task t-0 on thread 34 
216 in task t-0 on thread 34 
217 in task t-0 on thread 34 
218 in task t-0 on thread 34 
219 in task t-0 on thread 34 
220 in task t-0 on thread 34 
221 in task t-0 on thread 34 
222 in task t-0 on thread 34 
223 in task t-0 on thread 34 
224 in task t-0 on thread 34 
225 in task t-0 on thread 34 
226 in task t-0 on thread 34 
227 in task t-0 on thread 34 
228 in task t-0 on thread 34 
229 in task t-0 on thread 34 
230 in task t-0 on thread 34 
231 in task t-0 on thread 34 
232 in task t-0 on thread 34 
233 in task t-0 on thread 34 
234 in task t-0 on thread 34 
235 in task t-0 on thread 34 
236 in task t-0 on thread 34 
237 in task t-0 on thread 34 
238 in task t-0 on thread 34 
239 in task t-0 on thread 34 
240 in task t-0 on thread 34 
241 in task t-0 on thread 34 
242 in task t-0 on thread 34 
243 in task t-0 on thread 34 
244 in task t-0 on thread 34 
245 in task t-0 on thread 34 
246 in task t-0 on thread 34 
247 in task t-0 on thread 34 
248 in task t-0 on thread 34 
249 in task t-0 on thread 34 
250 in task t-0 on thread 34 
251 in task t-0 on thread 34 
252 in task t-0 on thread 34 
253 in task t-0 on thread 34 
254 in task t-0 on thread 34 
255 in task t-0 on thread 34 
256 in task t-0 on thread 34 
257 in task t-0 on thread 34 
258 in task t-0 on thread 34 
259 in task t-0 on thread 34 
260 in task t-0 on thread 34 
261 in task t-0 on thread 34 
262 in task t-0 on thread 34 
263 in task t-0 on thread 34 
264 in task t-0 on thread 34 
265 in task t-0 on thread 34 
266 in task t-0 on thread 34 
267 in task t-0 on thread 34 
268 in task t-0 on thread 34 
269 in task t-0 on thread 34 
270 in task t-0 on thread 34 
271 in task t-0 on thread 34 
272 in task t-0 on thread 34 
273 in task t-0 on thread 34 
274 in task t-0 on thread 34 
275 in task t-0 on thread 34 
276 in task t-0 on thread 34 
277 in task t-0 on thread 34 
278 in task t-0 on thread 34 
279 in task t-0 on thread 34 
280 in task t-0 on thread 34 
281 in task t-0 on thread 34 
282 in task t-0 on thread 34 
283 in task t-0 on thread 34 
284 in task t-0 on thread 34 
285 in task t-0 on thread 34 
286 in task t-0 on thread 34 
287 in task t-0 on thread 34 
288 in task t-0 on thread 34 
289 in task t-0 on thread 34 
290 in task t-0 on thread 34 
291 in task t-0 on thread 34 
292 in task t-0 on thread 34 
293 in task t-0 on thread 34 
294 in task t-0 on thread 34 
295 in task t-0 on thread 34 
296 in task t-0 on thread 34 
297 in task t-0 on thread 34 
298 in task t-0 on thread 34 
299 in task t-0 on thread 34 
300 in task t-0 on thread 34 
301 in task t-0 on thread 34 
302 in task t-0 on thread 34 
303 in task t-0 on thread 34 
304 in task t-0 on thread 34 
305 in task t-0 on thread 34 
306 in task t-0 on thread 34 
307 in task t-0 on thread 34 
308 in task t-0 on thread 34 
309 in task t-0 on thread 34 
310 in task t-0 on thread 34 
311 in task t-0 on thread 34 
312 in task t-0 on thread 34 
313 in task t-0 on thread 34 
314 in task t-0 on thread 34 
315 in task t-0 on thread 34 
316 in task t-0 on thread 34 
317 in task t-0 on thread 34 
318 in task t-0 on thread 34 
319 in task t-0 on thread 34 
320 in task t-0 on thread 34 
321 in task t-0 on thread 34 
322 in task t-0 on thread 34 
323 in task t-0 on thread 34 
324 in task t-0 on thread 34 
325 in task t-0 on thread 34 
326 in task t-0 on thread 34 
327 in task t-0 on thread 34 
328 in task t-0 on thread 34 
329 in task t-0 on thread 34 
330 in task t-0 on thread 34 
331 in task t-0 on thread 34 
332 in task t-0 on thread 34 
333 in task t-0 on thread 34 
334 in task t-0 on thread 34 
335 in task t-0 on thread 34 
336 in task t-0 on thread 34 
337 in task t-0 on thread 34 
338 in task t-0 on thread 34 
339 in task t-0 on thread 34 
340 in task t-0 on thread 34 
341 in task t-0 on thread 34 
342 in task t-0 on thread 34 
343 in task t-0 on thread 34 
344 in task t-0 on thread 34 
345 in task t-0 on thread 34 
346 in task t-0 on thread 34 
347 in task t-0 on thread 34 
348 in task t-0 on thread 34 
349 in task t-0 on thread 34 
350 in task t-0 on thread 34 
351 in task t-0 on thread 34 
352 in task t-0 on thread 34 
353 in task t-0 on thread 34 
354 in task t-0 on thread 34 
355 in task t-0 on thread 34 
356 in task t-0 on thread 34 
357 in task t-0 on thread 34 
358 in task t-0 on thread 34 
359 in task t-0 on thread 34 
360 in task t-0 on thread 34 
361 in task t-0 on thread 34 
362 in task t-0 on thread 34 
363 in task t-0 on thread 34 
364 in task t-0 on thread 34 
365 in task t-0 on thread 34 
366 in task t-0 on thread 34 
367 in task t-0 on thread 34 
368 in task t-0 on thread 34 
369 in task t-0 on thread 34 
370 in task t-0 on thread 34 
371 in task t-0 on thread 34 
372 in task t-0 on thread 34 
373 in task t-0 on thread 34 
374 in task t-0 on thread 34 
375 in task t-0 on thread 34 
376 in task t-0 on thread 34 
377 in task t-0 on thread 34 
378 in task t-0 on thread 34 
379 in task t-0 on thread 34 
380 in task t-0 on thread 34 
381 in task t-0 on thread 34 
382 in task t-0 on thread 34 
383 in task t-0 on thread 34 
384 in task t-0 on thread 34 
385 in task t-0 on thread 34 
386 in task t-0 on thread 34 
387 in task t-0 on thread 34 
388 in task t-0 on thread 34 
389 in task t-0 on thread 34 
390 in task t-0 on thread 34 
391 in task t-0 on thread 34 
392 in task t-0 on thread 34 
393 in task t-0 on thread 34 
394 in task t-0 on thread 34 
395 in task t-0 on thread 34 
396 in task t-0 on thread 34 
397 in task t-0 on thread 34 
398 in task t-0 on thread 34 
399 in task t-0 on thread 34 
400 in task t-0 on thread 34 
401 in task t-0 on thread 34 
402 in task t-0 on thread 34 
403 in task t-0 on thread 34 
404 in task t-0 on thread 34 
405 in task t-0 on thread 34 
406 in task t-0 on thread 34 
407 in task t-0 on thread 34 
408 in task t-0 on thread 34 
409 in task t-0 on thread 34 
410 in task t-0 on thread 34 
411 in task t-0 on thread 34 
412 in task t-0 on thread 34 
413 in task t-0 on thread 34 
414 in task t-0 on thread 34 
415 in task t-0 on thread 34 
416 in task t-0 on thread 34 
417 in task t-0 on thread 34 
418 in task t-0 on thread 34 
419 in task t-0 on thread 34 
420 in task t-0 on thread 34 
421 in task t-0 on thread 34 
422 in task t-0 on thread 34 
423 in task t-0 on thread 34 
424 in task t-0 on thread 34 
425 in task t-0 on thread 34 
426 in task t-0 on thread 34 
427 in task t-0 on thread 34 
428 in task t-0 on thread 34 
429 in task t-0 on thread 34 
430 in task t-0 on thread 34 
431 in task t-0 on thread 34 
432 in task t-0 on thread 34 
433 in task t-0 on thread 34 
434 in task t-0 on thread 34 
435 in task t-0 on thread 34 
436 in task t-0 on thread 34 
437 in task t-0 on thread 34 
438 in task t-0 on thread 34 
439 in task t-0 on thread 34 
440 in task t-0 on thread 34 
441 in task t-0 on thread 34 
442 in task t-0 on thread 34 
443 in task t-0 on thread 34 
444 in task t-0 on thread 34 
445 in task t-0 on thread 34 
446 in task t-0 on thread 34 
447 in task t-0 on thread 34 
448 in task t-0 on thread 34 
449 in task t-0 on thread 34 
450 in task t-0 on thread 34 
451 in task t-0 on thread 34 
452 in task t-0 on thread 34 
453 in task t-0 on thread 34 
454 in task t-0 on thread 34 
455 in task t-0 on thread 34 
456 in task t-0 on thread 34 
457 in task t-0 on thread 34 
458 in task t-0 on thread 34 
459 in task t-0 on thread 34 
460 in task t-0 on thread 34 
461 in task t-0 on thread 34 
462 in task t-0 on thread 34 
463 in task t-0 on thread 34 
464 in task t-0 on thread 34 
465 in task t-0 on thread 34 
466 in task t-0 on thread 34 
467 in task t-0 on thread 34 
468 in task t-0 on thread 34 
469 in task t-0 on thread 34 
470 in task t-0 on thread 34 
471 in task t-0 on thread 34 
472 in task t-0 on thread 34 
473 in task t-0 on thread 34 
474 in task t-0 on thread 34 
475 in task t-0 on thread 34 
476 in task t-0 on thread 34 
477 in task t-0 on thread 34 
478 in task t-0 on thread 34 
479 in task t-0 on thread 34 
480 in task t-0 on thread 34 
481 in task t-0 on thread 34 
482 in task t-0 on thread 34 
483 in task t-0 on thread 34 
484 in task t-0 on thread 34 
485 in task t-0 on thread 34 
486 in task t-0 on thread 34 
487 in task t-0 on thread 34 
488 in task t-0 on thread 34 
489 in task t-0 on thread 34 
490 in task t-0 on thread 34 
491 in task t-0 on thread 34 
492 in task t-0 on thread 34 
493 in task t-0 on thread 34 
494 in task t-0 on thread 34 
495 in task t-0 on thread 34 
496 in task t-0 on thread 34 
497 in task t-0 on thread 34 
498 in task t-0 on thread 34 
499 in task t-0 on thread 34 
500 in task t-0 on thread 34 
501 in task t-0 on thread 34 
502 in task t-0 on thread 34 
503 in task t-0 on thread 34 
504 in task t-0 on thread 34 
505 in task t-0 on thread 34 
506 in task t-0 on thread 34 
507 in task t-0 on thread 34 
508 in task t-0 on thread 34 
509 in task t-0 on thread 34 
510 in task t-0 on thread 34 
511 in task t-0 on thread 34 
512 in task t-0 on thread 34 
513 in task t-0 on thread 34 
514 in task t-0 on thread 34 
515 in task t-0 on thread 34 
516 in task t-0 on thread 34 
517 in task t-0 on thread 34 
518 in task t-0 on thread 34 
519 in task t-0 on thread 34 
520 in task t-0 on thread 34 
521 in task t-0 on thread 34 
522 in task t-0 on thread 34 
523 in task t-0 on thread 34 
524 in task t-0 on thread 34 
525 in task t-0 on thread 34 
526 in task t-0 on thread 34 
527 in task t-0 on thread 34 
528 in task t-0 on thread 34 
529 in task t-0 on thread 34 
530 in task t-0 on thread 34 
531 in task t-0 on thread 34 
532 in task t-0 on thread 34 
533 in task t-0 on thread 34 
534 in task t-0 on thread 34 
535 in task t-0 on thread 34 
536 in task t-0 on thread 34 
537 in task t-0 on thread 34 
538 in task t-0 on thread 34 
539 in task t-0 on thread 34 
540 in task t-0 on thread 34 
541 in task t-0 on thread 34 
542 in task t-0 on thread 34 
543 in task t-0 on thread 34 
544 in task t-0 on thread 34 
545 in task t-0 on thread 34 
546 in task t-0 on thread 34 
547 in task t-0 on thread 34 
548 in task t-0 on thread 34 
549 in task t-0 on thread 34 
550 in task t-0 on thread 34 
551 in task t-0 on thread 34 
552 in task t-0 on thread 34 
553 in task t-0 on thread 34 
554 in task t-0 on thread 34 
555 in task t-0 on thread 34 
556 in task t-0 on thread 34 
557 in task t-0 on thread 34 
558 in task t-0 on thread 34 
559 in task t-0 on thread 34 
560 in task t-0 on thread 34 
561 in task t-0 on thread 34 
562 in task t-0 on thread 34 
563 in task t-0 on thread 34 
564 in task t-0 on thread 34 
565 in task t-0 on thread 34 
566 in task t-0 on thread 34 
567 in task t-0 on thread 34 
568 in task t-0 on thread 34 
569 in task t-0 on thread 34 
570 in task t-0 on thread 34 
571 in task t-0 on thread 34 
572 in task t-0 on thread 34 
573 in task t-0 on thread 34 
574 in task t-0 on thread 34 
575 in task t-0 on thread 34 
576 in task t-0 on thread 34 
577 in task t-0 on thread 34 
578 in task t-0 on thread 34 
579 in task t-0 on thread 34 
580 in task t-0 on thread 34 
581 in task t-0 on thread 34 
582 in task t-0 on thread 34 
583 in task t-0 on thread 34 
584 in task t-0 on thread 34 
585 in task t-0 on thread 34 
586 in task t-0 on thread 34 
587 in task t-0 on thread 34 
588 in task t-0 on thread 34 
589 in task t-0 on thread 34 
590 in task t-0 on thread 34 
591 in task t-0 on thread 34 
592 in task t-0 on thread 34 
593 in task t-0 on thread 34 
594 in task t-0 on thread 34 
595 in task t-0 on thread 34 
596 in task t-0 on thread 34 
597 in task t-0 on thread 34 
598 in task t-0 on thread 34 
599 in task t-0 on thread 34 
600 in task t-0 on thread 34 
601 in task t-0 on thread 34 
602 in task t-0 on thread 34 
603 in task t-0 on thread 34 
604 in task t-0 on thread 34 
605 in task t-0 on thread 34 
606 in task t-0 on thread 34 
607 in task t-0 on thread 34 
608 in task t-0 on thread 34 
609 in task t-0 on thread 34 
610 in task t-0 on thread 34 
611 in task t-0 on thread 34 
612 in task t-0 on thread 34 
613 in task t-0 on thread 34 
614 in task t-0 on thread 34 
615 in task t-0 on thread 34 
616 in task t-0 on thread 34 
617 in task t-0 on thread 34 
618 in task t-0 on thread 34 
619 in task t-0 on thread 34 
620 in task t-0 on thread 34 
621 in task t-0 on thread 34 
622 in task t-0 on thread 34 
623 in task t-0 on thread 34 
624 in task t-0 on thread 34 
625 in task t-0 on thread 34 
626 in task t-0 on thread 34 
627 in task t-0 on thread 34 
628 in task t-0 on thread 34 
629 in task t-0 on thread 34 
630 in task t-0 on thread 34 
631 in task t-0 on thread 34 
632 in task t-0 on thread 34 
633 in task t-0 on thread 34 
634 in task t-0 on thread 34 
635 in task t-0 on thread 34 
636 in task t-0 on thread 34 
637 in task t-0 on thread 34 
638 in task t-0 on thread 34 
639 in task t-0 on thread 34 
640 in task t-0 on thread 34 
641 in task t-0 on thread 34 
642 in task t-0 on thread 34 
643 in task t-0 on thread 34 
644 in task t-0 on thread 34 
645 in task t-0 on thread 34 
646 in task t-0 on thread 34 
647 in task t-0 on thread 34 
648 in task t-0 on thread 34 
649 in task t-0 on thread 34 
650 in task t-0 on thread 34 
651 in task t-0 on thread 34 
652 in task t-0 on thread 34 
653 in task t-0 on thread 34 
654 in task t-0 on thread 34 
655 in task t-0 on thread 34 
656 in task t-0 on thread 34 
657 in task t-0 on thread 34 
658 in task t-0 on thread 34 
659 in task t-0 on thread 34 
660 in task t-0 on thread 34 
661 in task t-0 on thread 34 
662 in task t-0 on thread 34 
663 in task t-0 on thread 34 
664 in task t-0 on thread 34 
665 in task t-0 on thread 34 
666 in task t-0 on thread 34 
667 in task t-0 on thread 34 
668 in task t-0 on thread 34 
669 in task t-0 on thread 34 
670 in task t-0 on thread 34 
671 in task t-0 on thread 34 
672 in task t-0 on thread 34 
673 in task t-0 on thread 34 
674 in task t-0 on thread 34 
675 in task t-0 on thread 34 
676 in task t-0 on thread 34 
677 in task t-0 on thread 34 
678 in task t-0 on thread 34 
679 in task t-0 on thread 34 
680 in task t-0 on thread 34 
681 in task t-0 on thread 34 
682 in task t-0 on thread 34 
683 in task t-0 on thread 34 
684 in task t-0 on thread 34 
685 in task t-0 on thread 34 
686 in task t-0 on thread 34 
687 in task t-0 on thread 34 
688 in task t-0 on thread 34 
689 in task t-0 on thread 34 
690 in task t-0 on thread 34 
691 in task t-0 on thread 34 
692 in task t-0 on thread 34 
693 in task t-0 on thread 34 
694 in task t-0 on thread 34 
695 in task t-0 on thread 34 
696 in task t-0 on thread 34 
697 in task t-0 on thread 34 
698 in task t-0 on thread 34 
699 in task t-0 on thread 34 
700 in task t-0 on thread 34 
701 in task t-0 on thread 34 
702 in task t-0 on thread 34 
703 in task t-0 on thread 34 
704 in task t-0 on thread 34 
705 in task t-0 on thread 34 
706 in task t-0 on thread 34 
707 in task t-0 on thread 34 
708 in task t-0 on thread 34 
709 in task t-0 on thread 34 
710 in task t-0 on thread 34 
711 in task t-0 on thread 34 
712 in task t-0 on thread 34 
713 in task t-0 on thread 34 
714 in task t-0 on thread 34 
715 in task t-0 on thread 34 
716 in task t-0 on thread 34 
717 in task t-0 on thread 34 
718 in task t-0 on thread 34 
719 in task t-0 on thread 34 
720 in task t-0 on thread 34 
721 in task t-0 on thread 34 
722 in task t-0 on thread 34 
723 in task t-0 on thread 34 
724 in task t-0 on thread 34 
725 in task t-0 on thread 34 
726 in task t-0 on thread 34 
727 in task t-0 on thread 34 
728 in task t-0 on thread 34 
729 in task t-0 on thread 34 
730 in task t-0 on thread 34 
731 in task t-0 on thread 34 
732 in task t-0 on thread 34 
733 in task t-0 on thread 34 
734 in task t-0 on thread 34 
735 in task t-0 on thread 34 
736 in task t-0 on thread 34 
737 in task t-0 on thread 34 
738 in task t-0 on thread 34 
739 in task t-0 on thread 34 
740 in task t-0 on thread 34 
741 in task t-0 on thread 34 
742 in task t-0 on thread 34 
743 in task t-0 on thread 34 
744 in task t-0 on thread 34 
745 in task t-0 on thread 34 
746 in task t-0 on thread 34 
747 in task t-0 on thread 34 
748 in task t-0 on thread 34 
749 in task t-0 on thread 34 
750 in task t-0 on thread 34 
751 in task t-0 on thread 34 
752 in task t-0 on thread 34 
753 in task t-0 on thread 34 
754 in task t-0 on thread 34 
755 in task t-0 on thread 34 
756 in task t-0 on thread 34 
757 in task t-0 on thread 34 
758 in task t-0 on thread 34 
759 in task t-0 on thread 34 
760 in task t-0 on thread 34 
761 in task t-0 on thread 34 
762 in task t-0 on thread 34 
763 in task t-0 on thread 34 
764 in task t-0 on thread 34 
765 in task t-0 on thread 34 
766 in task t-0 on thread 34 
767 in task t-0 on thread 34 
768 in task t-0 on thread 34 
769 in task t-0 on thread 34 
770 in task t-0 on thread 34 
771 in task t-0 on thread 34 
772 in task t-0 on thread 34 
773 in task t-0 on thread 34 
774 in task t-0 on thread 34 
775 in task t-0 on thread 34 
776 in task t-0 on thread 34 
777 in task t-0 on thread 34 
778 in task t-0 on thread 34 
779 in task t-0 on thread 34 
780 in task t-0 on thread 34 
781 in task t-0 on thread 34 
782 in task t-0 on thread 34 
783 in task t-0 on thread 34 
784 in task t-0 on thread 34 
785 in task t-0 on thread 34 
786 in task t-0 on thread 34 
787 in task t-0 on thread 34 
788 in task t-0 on thread 34 
789 in task t-0 on thread 34 
790 in task t-0 on thread 34 
791 in task t-0 on thread 34 
792 in task t-0 on thread 34 
793 in task t-0 on thread 34 
794 in task t-0 on thread 34 
795 in task t-0 on thread 34 
796 in task t-0 on thread 34 
797 in task t-0 on thread 34 
798 in task t-0 on thread 34 
799 in task t-0 on thread 34 
800 in task t-0 on thread 34 
801 in task t-0 on thread 34 
802 in task t-0 on thread 34 
803 in task t-0 on thread 34 
804 in task t-0 on thread 34 
805 in task t-0 on thread 34 
806 in task t-0 on thread 34 
807 in task t-0 on thread 34 
808 in task t-0 on thread 34 
809 in task t-0 on thread 34 
810 in task t-0 on thread 34 
811 in task t-0 on thread 34 
812 in task t-0 on thread 34 
813 in task t-0 on thread 34 
814 in task t-0 on thread 34 
815 in task t-0 on thread 34 
816 in task t-0 on thread 34 
817 in task t-0 on thread 34 
818 in task t-0 on thread 34 
819 in task t-0 on thread 34 
820 in task t-0 on thread 34 
821 in task t-0 on thread 34 
822 in task t-0 on thread 34 
823 in task t-0 on thread 34 
824 in task t-0 on thread 34 
825 in task t-0 on thread 34 
826 in task t-0 on thread 34 
827 in task t-0 on thread 34 
828 in task t-0 on thread 34 
829 in task t-0 on thread 34 
830 in task t-0 on thread 34 
831 in task t-0 on thread 34 
832 in task t-0 on thread 34 
833 in task t-0 on thread 34 
834 in task t-0 on thread 34 
835 in task t-0 on thread 34 
836 in task t-0 on thread 34 
837 in task t-0 on thread 34 
838 in task t-0 on thread 34 
0 in task t-1 on thread 41 
1 in task t-1 on thread 41 
839 in task t-0 on thread 34 
840 in task t-0 on thread 34 
841 in task t-0 on thread 34 
842 in task t-0 on thread 34 
843 in task t-0 on thread 34 
844 in task t-0 on thread 34 
845 in task t-0 on thread 34 
846 in task t-0 on thread 34 
847 in task t-0 on thread 34 
848 in task t-0 on thread 34 
849 in task t-0 on thread 34 
850 in task t-0 on thread 34 
851 in task t-0 on thread 34 
852 in task t-0 on thread 34 
853 in task t-0 on thread 34 
854 in task t-0 on thread 34 
855 in task t-0 on thread 34 
856 in task t-0 on thread 34 
857 in task t-0 on thread 34 
858 in task t-0 on thread 34 
859 in task t-0 on thread 34 
860 in task t-0 on thread 34 
861 in task t-0 on thread 34 
862 in task t-0 on thread 34 
863 in task t-0 on thread 34 
864 in task t-0 on thread 34 
865 in task t-0 on thread 34 
866 in task t-0 on thread 34 
867 in task t-0 on thread 34 
868 in task t-0 on thread 34 
869 in task t-0 on thread 34 
870 in task t-0 on thread 34 
871 in task t-0 on thread 34 
872 in task t-0 on thread 34 
873 in task t-0 on thread 34 
874 in task t-0 on thread 34 
875 in task t-0 on thread 34 
876 in task t-0 on thread 34 
877 in task t-0 on thread 34 
878 in task t-0 on thread 34 
879 in task t-0 on thread 34 
880 in task t-0 on thread 34 
881 in task t-0 on thread 34 
882 in task t-0 on thread 34 
883 in task t-0 on thread 34 
884 in task t-0 on thread 34 
885 in task t-0 on thread 34 
886 in task t-0 on thread 34 
887 in task t-0 on thread 34 
888 in task t-0 on thread 34 
889 in task t-0 on thread 34 
890 in task t-0 on thread 34 
891 in task t-0 on thread 34 
892 in task t-0 on thread 34 
893 in task t-0 on thread 34 
894 in task t-0 on thread 34 
895 in task t-0 on thread 34 
896 in task t-0 on thread 34 
897 in task t-0 on thread 34 
898 in task t-0 on thread 34 
899 in task t-0 on thread 34 
900 in task t-0 on thread 34 
901 in task t-0 on thread 34 
902 in task t-0 on thread 34 
903 in task t-0 on thread 34 
904 in task t-0 on thread 34 
905 in task t-0 on thread 34 
906 in task t-0 on thread 34 
907 in task t-0 on thread 34 
908 in task t-0 on thread 34 
909 in task t-0 on thread 34 
2 in task t-1 on thread 41 
3 in task t-1 on thread 41 
4 in task t-1 on thread 41 
5 in task t-1 on thread 41 
6 in task t-1 on thread 41 
7 in task t-1 on thread 41 
8 in task t-1 on thread 41 
910 in task t-0 on thread 34 
9 in task t-1 on thread 41 
911 in task t-0 on thread 34 
912 in task t-0 on thread 34 
913 in task t-0 on thread 34 
914 in task t-0 on thread 34 
915 in task t-0 on thread 34 
916 in task t-0 on thread 34 
917 in task t-0 on thread 34 
918 in task t-0 on thread 34 
919 in task t-0 on thread 34 
920 in task t-0 on thread 34 
921 in task t-0 on thread 34 
922 in task t-0 on thread 34 
923 in task t-0 on thread 34 
924 in task t-0 on thread 34 
925 in task t-0 on thread 34 
926 in task t-0 on thread 34 
927 in task t-0 on thread 34 
928 in task t-0 on thread 34 
929 in task t-0 on thread 34 
930 in task t-0 on thread 34 
931 in task t-0 on thread 34 
932 in task t-0 on thread 34 
933 in task t-0 on thread 34 
934 in task t-0 on thread 34 
935 in task t-0 on thread 34 
936 in task t-0 on thread 34 
937 in task t-0 on thread 34 
938 in task t-0 on thread 34 
939 in task t-0 on thread 34 
940 in task t-0 on thread 34 
941 in task t-0 on thread 34 
942 in task t-0 on thread 34 
943 in task t-0 on thread 34 
944 in task t-0 on thread 34 
945 in task t-0 on thread 34 
946 in task t-0 on thread 34 
947 in task t-0 on thread 34 
948 in task t-0 on thread 34 
949 in task t-0 on thread 34 
950 in task t-0 on thread 34 
951 in task t-0 on thread 34 
952 in task t-0 on thread 34 
953 in task t-0 on thread 34 
954 in task t-0 on thread 34 
955 in task t-0 on thread 34 
956 in task t-0 on thread 34 
957 in task t-0 on thread 34 
958 in task t-0 on thread 34 
959 in task t-0 on thread 34 
960 in task t-0 on thread 34 
961 in task t-0 on thread 34 
962 in task t-0 on thread 34 
963 in task t-0 on thread 34 
964 in task t-0 on thread 34 
965 in task t-0 on thread 34 
966 in task t-0 on thread 34 
967 in task t-0 on thread 34 
968 in task t-0 on thread 34 
969 in task t-0 on thread 34 
970 in task t-0 on thread 34 
971 in task t-0 on thread 34 
972 in task t-0 on thread 34 
973 in task t-0 on thread 34 
974 in task t-0 on thread 34 
975 in task t-0 on thread 34 
976 in task t-0 on thread 34 
977 in task t-0 on thread 34 
978 in task t-0 on thread 34 
979 in task t-0 on thread 34 
980 in task t-0 on thread 34 
981 in task t-0 on thread 34 
982 in task t-0 on thread 34 
983 in task t-0 on thread 34 
984 in task t-0 on thread 34 
985 in task t-0 on thread 34 
986 in task t-0 on thread 34 
987 in task t-0 on thread 34 
988 in task t-0 on thread 34 
989 in task t-0 on thread 34 
990 in task t-0 on thread 34 
991 in task t-0 on thread 34 
992 in task t-0 on thread 34 
993 in task t-0 on thread 34 
994 in task t-0 on thread 34 
995 in task t-0 on thread 34 
996 in task t-0 on thread 34 
997 in task t-0 on thread 34 
998 in task t-0 on thread 34 
999 in task t-0 on thread 34 
0 in task t-2 on thread 34 
1 in task t-2 on thread 34 
2 in task t-2 on thread 34 
3 in task t-2 on thread 34 
4 in task t-2 on thread 34 
5 in task t-2 on thread 34 
6 in task t-2 on thread 34 
7 in task t-2 on thread 34 
8 in task t-2 on thread 34 
9 in task t-2 on thread 34 
10 in task t-2 on thread 34 
11 in task t-2 on thread 34 
12 in task t-2 on thread 34 
13 in task t-2 on thread 34 
14 in task t-2 on thread 34 
15 in task t-2 on thread 34 
16 in task t-2 on thread 34 
17 in task t-2 on thread 34 
18 in task t-2 on thread 34 
19 in task t-2 on thread 34 
20 in task t-2 on thread 34 
21 in task t-2 on thread 34 
22 in task t-2 on thread 34 
10 in task t-1 on thread 41 
23 in task t-2 on thread 34 
24 in task t-2 on thread 34 
25 in task t-2 on thread 34 
26 in task t-2 on thread 34 
27 in task t-2 on thread 34 
28 in task t-2 on thread 34 
29 in task t-2 on thread 34 
30 in task t-2 on thread 34 
31 in task t-2 on thread 34 
32 in task t-2 on thread 34 
33 in task t-2 on thread 34 
34 in task t-2 on thread 34 
35 in task t-2 on thread 34 
36 in task t-2 on thread 34 
37 in task t-2 on thread 34 
38 in task t-2 on thread 34 
39 in task t-2 on thread 34 
40 in task t-2 on thread 34 
41 in task t-2 on thread 34 
42 in task t-2 on thread 34 
43 in task t-2 on thread 34 
44 in task t-2 on thread 34 
45 in task t-2 on thread 34 
46 in task t-2 on thread 34 
47 in task t-2 on thread 34 
48 in task t-2 on thread 34 
49 in task t-2 on thread 34 
50 in task t-2 on thread 34 
51 in task t-2 on thread 34 
52 in task t-2 on thread 34 
53 in task t-2 on thread 34 
54 in task t-2 on thread 34 
55 in task t-2 on thread 34 
56 in task t-2 on thread 34 
57 in task t-2 on thread 34 
58 in task t-2 on thread 34 
59 in task t-2 on thread 34 
60 in task t-2 on thread 34 
61 in task t-2 on thread 34 
62 in task t-2 on thread 34 
63 in task t-2 on thread 34 
64 in task t-2 on thread 34 
65 in task t-2 on thread 34 
66 in task t-2 on thread 34 
67 in task t-2 on thread 34 
68 in task t-2 on thread 34 
69 in task t-2 on thread 34 
70 in task t-2 on thread 34 
71 in task t-2 on thread 34 
72 in task t-2 on thread 34 
73 in task t-2 on thread 34 
74 in task t-2 on thread 34 
75 in task t-2 on thread 34 
76 in task t-2 on thread 34 
77 in task t-2 on thread 34 
78 in task t-2 on thread 34 
79 in task t-2 on thread 34 
80 in task t-2 on thread 34 
81 in task t-2 on thread 34 
82 in task t-2 on thread 34 
83 in task t-2 on thread 34 
84 in task t-2 on thread 34 
85 in task t-2 on thread 34 
86 in task t-2 on thread 34 
87 in task t-2 on thread 34 
88 in task t-2 on thread 34 
89 in task t-2 on thread 34 
90 in task t-2 on thread 34 
91 in task t-2 on thread 34 
92 in task t-2 on thread 34 
93 in task t-2 on thread 34 
94 in task t-2 on thread 34 
95 in task t-2 on thread 34 
96 in task t-2 on thread 34 
97 in task t-2 on thread 34 
98 in task t-2 on thread 34 
99 in task t-2 on thread 34 
100 in task t-2 on thread 34 
101 in task t-2 on thread 34 
102 in task t-2 on thread 34 
103 in task t-2 on thread 34 
104 in task t-2 on thread 34 
105 in task t-2 on thread 34 
106 in task t-2 on thread 34 
107 in task t-2 on thread 34 
108 in task t-2 on thread 34 
109 in task t-2 on thread 34 
110 in task t-2 on thread 34 
111 in task t-2 on thread 34 
112 in task t-2 on thread 34 
113 in task t-2 on thread 34 
114 in task t-2 on thread 34 
115 in task t-2 on thread 34 
116 in task t-2 on thread 34 
117 in task t-2 on thread 34 
118 in task t-2 on thread 34 
119 in task t-2 on thread 34 
120 in task t-2 on thread 34 
121 in task t-2 on thread 34 
122 in task t-2 on thread 34 
123 in task t-2 on thread 34 
124 in task t-2 on thread 34 
125 in task t-2 on thread 34 
126 in task t-2 on thread 34 
127 in task t-2 on thread 34 
128 in task t-2 on thread 34 
129 in task t-2 on thread 34 
130 in task t-2 on thread 34 
131 in task t-2 on thread 34 
132 in task t-2 on thread 34 
133 in task t-2 on thread 34 
134 in task t-2 on thread 34 
135 in task t-2 on thread 34 
136 in task t-2 on thread 34 
137 in task t-2 on thread 34 
138 in task t-2 on thread 34 
139 in task t-2 on thread 34 
140 in task t-2 on thread 34 
141 in task t-2 on thread 34 
142 in task t-2 on thread 34 
143 in task t-2 on thread 34 
144 in task t-2 on thread 34 
145 in task t-2 on thread 34 
146 in task t-2 on thread 34 
147 in task t-2 on thread 34 
148 in task t-2 on thread 34 
149 in task t-2 on thread 34 
150 in task t-2 on thread 34 
151 in task t-2 on thread 34 
152 in task t-2 on thread 34 
153 in task t-2 on thread 34 
154 in task t-2 on thread 34 
155 in task t-2 on thread 34 
156 in task t-2 on thread 34 
157 in task t-2 on thread 34 
158 in task t-2 on thread 34 
159 in task t-2 on thread 34 
160 in task t-2 on thread 34 
161 in task t-2 on thread 34 
162 in task t-2 on thread 34 
163 in task t-2 on thread 34 
164 in task t-2 on thread 34 
165 in task t-2 on thread 34 
166 in task t-2 on thread 34 
167 in task t-2 on thread 34 
168 in task t-2 on thread 34 
169 in task t-2 on thread 34 
170 in task t-2 on thread 34 
171 in task t-2 on thread 34 
172 in task t-2 on thread 34 
173 in task t-2 on thread 34 
174 in task t-2 on thread 34 
175 in task t-2 on thread 34 
176 in task t-2 on thread 34 
177 in task t-2 on thread 34 
178 in task t-2 on thread 34 
179 in task t-2 on thread 34 
180 in task t-2 on thread 34 
181 in task t-2 on thread 34 
182 in task t-2 on thread 34 
183 in task t-2 on thread 34 
184 in task t-2 on thread 34 
185 in task t-2 on thread 34 
186 in task t-2 on thread 34 
187 in task t-2 on thread 34 
188 in task t-2 on thread 34 
189 in task t-2 on thread 34 
190 in task t-2 on thread 34 
191 in task t-2 on thread 34 
192 in task t-2 on thread 34 
193 in task t-2 on thread 34 
194 in task t-2 on thread 34 
195 in task t-2 on thread 34 
196 in task t-2 on thread 34 
197 in task t-2 on thread 34 
198 in task t-2 on thread 34 
199 in task t-2 on thread 34 
200 in task t-2 on thread 34 
201 in task t-2 on thread 34 
202 in task t-2 on thread 34 
203 in task t-2 on thread 34 
204 in task t-2 on thread 34 
205 in task t-2 on thread 34 
206 in task t-2 on thread 34 
207 in task t-2 on thread 34 
208 in task t-2 on thread 34 
209 in task t-2 on thread 34 
210 in task t-2 on thread 34 
211 in task t-2 on thread 34 
212 in task t-2 on thread 34 
213 in task t-2 on thread 34 
214 in task t-2 on thread 34 
215 in task t-2 on thread 34 
216 in task t-2 on thread 34 
217 in task t-2 on thread 34 
218 in task t-2 on thread 34 
219 in task t-2 on thread 34 
220 in task t-2 on thread 34 
221 in task t-2 on thread 34 
222 in task t-2 on thread 34 
223 in task t-2 on thread 34 
224 in task t-2 on thread 34 
225 in task t-2 on thread 34 
226 in task t-2 on thread 34 
227 in task t-2 on thread 34 
228 in task t-2 on thread 34 
229 in task t-2 on thread 34 
230 in task t-2 on thread 34 
231 in task t-2 on thread 34 
232 in task t-2 on thread 34 
233 in task t-2 on thread 34 
234 in task t-2 on thread 34 
235 in task t-2 on thread 34 
236 in task t-2 on thread 34 
237 in task t-2 on thread 34 
238 in task t-2 on thread 34 
239 in task t-2 on thread 34 
240 in task t-2 on thread 34 
241 in task t-2 on thread 34 
242 in task t-2 on thread 34 
243 in task t-2 on thread 34 
244 in task t-2 on thread 34 
245 in task t-2 on thread 34 
246 in task t-2 on thread 34 
247 in task t-2 on thread 34 
248 in task t-2 on thread 34 
249 in task t-2 on thread 34 
250 in task t-2 on thread 34 
251 in task t-2 on thread 34 
252 in task t-2 on thread 34 
253 in task t-2 on thread 34 
254 in task t-2 on thread 34 
255 in task t-2 on thread 34 
256 in task t-2 on thread 34 
257 in task t-2 on thread 34 
258 in task t-2 on thread 34 
259 in task t-2 on thread 34 
260 in task t-2 on thread 34 
261 in task t-2 on thread 34 
262 in task t-2 on thread 34 
263 in task t-2 on thread 34 
264 in task t-2 on thread 34 
265 in task t-2 on thread 34 
266 in task t-2 on thread 34 
267 in task t-2 on thread 34 
268 in task t-2 on thread 34 
269 in task t-2 on thread 34 
270 in task t-2 on thread 34 
271 in task t-2 on thread 34 
272 in task t-2 on thread 34 
273 in task t-2 on thread 34 
274 in task t-2 on thread 34 
275 in task t-2 on thread 34 
276 in task t-2 on thread 34 
277 in task t-2 on thread 34 
278 in task t-2 on thread 34 
279 in task t-2 on thread 34 
280 in task t-2 on thread 34 
281 in task t-2 on thread 34 
282 in task t-2 on thread 34 
283 in task t-2 on thread 34 
284 in task t-2 on thread 34 
285 in task t-2 on thread 34 
286 in task t-2 on thread 34 
287 in task t-2 on thread 34 
288 in task t-2 on thread 34 
289 in task t-2 on thread 34 
290 in task t-2 on thread 34 
291 in task t-2 on thread 34 
292 in task t-2 on thread 34 
293 in task t-2 on thread 34 
294 in task t-2 on thread 34 
295 in task t-2 on thread 34 
296 in task t-2 on thread 34 
297 in task t-2 on thread 34 
298 in task t-2 on thread 34 
299 in task t-2 on thread 34 
300 in task t-2 on thread 34 
301 in task t-2 on thread 34 
302 in task t-2 on thread 34 
303 in task t-2 on thread 34 
304 in task t-2 on thread 34 
305 in task t-2 on thread 34 
306 in task t-2 on thread 34 
307 in task t-2 on thread 34 
308 in task t-2 on thread 34 
309 in task t-2 on thread 34 
310 in task t-2 on thread 34 
311 in task t-2 on thread 34 
312 in task t-2 on thread 34 
313 in task t-2 on thread 34 
314 in task t-2 on thread 34 
315 in task t-2 on thread 34 
316 in task t-2 on thread 34 
317 in task t-2 on thread 34 
318 in task t-2 on thread 34 
319 in task t-2 on thread 34 
320 in task t-2 on thread 34 
321 in task t-2 on thread 34 
322 in task t-2 on thread 34 
323 in task t-2 on thread 34 
324 in task t-2 on thread 34 
325 in task t-2 on thread 34 
326 in task t-2 on thread 34 
327 in task t-2 on thread 34 
328 in task t-2 on thread 34 
329 in task t-2 on thread 34 
330 in task t-2 on thread 34 
331 in task t-2 on thread 34 
332 in task t-2 on thread 34 
333 in task t-2 on thread 34 
334 in task t-2 on thread 34 
335 in task t-2 on thread 34 
336 in task t-2 on thread 34 
337 in task t-2 on thread 34 
338 in task t-2 on thread 34 
339 in task t-2 on thread 34 
340 in task t-2 on thread 34 
341 in task t-2 on thread 34 
342 in task t-2 on thread 34 
343 in task t-2 on thread 34 
344 in task t-2 on thread 34 
345 in task t-2 on thread 34 
346 in task t-2 on thread 34 
347 in task t-2 on thread 34 
348 in task t-2 on thread 34 
349 in task t-2 on thread 34 
350 in task t-2 on thread 34 
351 in task t-2 on thread 34 
352 in task t-2 on thread 34 
353 in task t-2 on thread 34 
354 in task t-2 on thread 34 
355 in task t-2 on thread 34 
356 in task t-2 on thread 34 
357 in task t-2 on thread 34 
358 in task t-2 on thread 34 
359 in task t-2 on thread 34 
360 in task t-2 on thread 34 
361 in task t-2 on thread 34 
362 in task t-2 on thread 34 
363 in task t-2 on thread 34 
364 in task t-2 on thread 34 
365 in task t-2 on thread 34 
366 in task t-2 on thread 34 
367 in task t-2 on thread 34 
368 in task t-2 on thread 34 
369 in task t-2 on thread 34 
370 in task t-2 on thread 34 
371 in task t-2 on thread 34 
372 in task t-2 on thread 34 
373 in task t-2 on thread 34 
374 in task t-2 on thread 34 
375 in task t-2 on thread 34 
376 in task t-2 on thread 34 
377 in task t-2 on thread 34 
378 in task t-2 on thread 34 
379 in task t-2 on thread 34 
380 in task t-2 on thread 34 
381 in task t-2 on thread 34 
382 in task t-2 on thread 34 
383 in task t-2 on thread 34 
384 in task t-2 on thread 34 
385 in task t-2 on thread 34 
386 in task t-2 on thread 34 
387 in task t-2 on thread 34 
388 in task t-2 on thread 34 
389 in task t-2 on thread 34 
390 in task t-2 on thread 34 
391 in task t-2 on thread 34 
392 in task t-2 on thread 34 
393 in task t-2 on thread 34 
394 in task t-2 on thread 34 
395 in task t-2 on thread 34 
396 in task t-2 on thread 34 
397 in task t-2 on thread 34 
398 in task t-2 on thread 34 
399 in task t-2 on thread 34 
400 in task t-2 on thread 34 
401 in task t-2 on thread 34 
402 in task t-2 on thread 34 
403 in task t-2 on thread 34 
404 in task t-2 on thread 34 
405 in task t-2 on thread 34 
406 in task t-2 on thread 34 
407 in task t-2 on thread 34 
408 in task t-2 on thread 34 
409 in task t-2 on thread 34 
410 in task t-2 on thread 34 
411 in task t-2 on thread 34 
412 in task t-2 on thread 34 
413 in task t-2 on thread 34 
414 in task t-2 on thread 34 
415 in task t-2 on thread 34 
416 in task t-2 on thread 34 
417 in task t-2 on thread 34 
418 in task t-2 on thread 34 
419 in task t-2 on thread 34 
420 in task t-2 on thread 34 
421 in task t-2 on thread 34 
422 in task t-2 on thread 34 
423 in task t-2 on thread 34 
424 in task t-2 on thread 34 
425 in task t-2 on thread 34 
426 in task t-2 on thread 34 
427 in task t-2 on thread 34 
428 in task t-2 on thread 34 
429 in task t-2 on thread 34 
430 in task t-2 on thread 34 
431 in task t-2 on thread 34 
432 in task t-2 on thread 34 
433 in task t-2 on thread 34 
434 in task t-2 on thread 34 
435 in task t-2 on thread 34 
436 in task t-2 on thread 34 
437 in task t-2 on thread 34 
438 in task t-2 on thread 34 
439 in task t-2 on thread 34 
440 in task t-2 on thread 34 
441 in task t-2 on thread 34 
442 in task t-2 on thread 34 
443 in task t-2 on thread 34 
444 in task t-2 on thread 34 
445 in task t-2 on thread 34 
446 in task t-2 on thread 34 
447 in task t-2 on thread 34 
448 in task t-2 on thread 34 
449 in task t-2 on thread 34 
450 in task t-2 on thread 34 
451 in task t-2 on thread 34 
452 in task t-2 on thread 34 
453 in task t-2 on thread 34 
454 in task t-2 on thread 34 
455 in task t-2 on thread 34 
456 in task t-2 on thread 34 
457 in task t-2 on thread 34 
458 in task t-2 on thread 34 
459 in task t-2 on thread 34 
460 in task t-2 on thread 34 
461 in task t-2 on thread 34 
462 in task t-2 on thread 34 
463 in task t-2 on thread 34 
464 in task t-2 on thread 34 
465 in task t-2 on thread 34 
466 in task t-2 on thread 34 
467 in task t-2 on thread 34 
468 in task t-2 on thread 34 
469 in task t-2 on thread 34 
470 in task t-2 on thread 34 
471 in task t-2 on thread 34 
472 in task t-2 on thread 34 
473 in task t-2 on thread 34 
474 in task t-2 on thread 34 
475 in task t-2 on thread 34 
476 in task t-2 on thread 34 
477 in task t-2 on thread 34 
478 in task t-2 on thread 34 
479 in task t-2 on thread 34 
480 in task t-2 on thread 34 
481 in task t-2 on thread 34 
482 in task t-2 on thread 34 
483 in task t-2 on thread 34 
484 in task t-2 on thread 34 
485 in task t-2 on thread 34 
486 in task t-2 on thread 34 
487 in task t-2 on thread 34 
488 in task t-2 on thread 34 
489 in task t-2 on thread 34 
490 in task t-2 on thread 34 
491 in task t-2 on thread 34 
492 in task t-2 on thread 34 
493 in task t-2 on thread 34 
494 in task t-2 on thread 34 
495 in task t-2 on thread 34 
496 in task t-2 on thread 34 
497 in task t-2 on thread 34 
498 in task t-2 on thread 34 
499 in task t-2 on thread 34 
500 in task t-2 on thread 34 
501 in task t-2 on thread 34 
502 in task t-2 on thread 34 
503 in task t-2 on thread 34 
504 in task t-2 on thread 34 
505 in task t-2 on thread 34 
506 in task t-2 on thread 34 
507 in task t-2 on thread 34 
508 in task t-2 on thread 34 
509 in task t-2 on thread 34 
510 in task t-2 on thread 34 
511 in task t-2 on thread 34 
512 in task t-2 on thread 34 
513 in task t-2 on thread 34 
514 in task t-2 on thread 34 
515 in task t-2 on thread 34 
516 in task t-2 on thread 34 
517 in task t-2 on thread 34 
518 in task t-2 on thread 34 
519 in task t-2 on thread 34 
520 in task t-2 on thread 34 
521 in task t-2 on thread 34 
522 in task t-2 on thread 34 
523 in task t-2 on thread 34 
524 in task t-2 on thread 34 
525 in task t-2 on thread 34 
526 in task t-2 on thread 34 
527 in task t-2 on thread 34 
528 in task t-2 on thread 34 
529 in task t-2 on thread 34 
530 in task t-2 on thread 34 
531 in task t-2 on thread 34 
532 in task t-2 on thread 34 
533 in task t-2 on thread 34 
534 in task t-2 on thread 34 
535 in task t-2 on thread 34 
536 in task t-2 on thread 34 
537 in task t-2 on thread 34 
538 in task t-2 on thread 34 
539 in task t-2 on thread 34 
540 in task t-2 on thread 34 
541 in task t-2 on thread 34 
542 in task t-2 on thread 34 
543 in task t-2 on thread 34 
544 in task t-2 on thread 34 
545 in task t-2 on thread 34 
546 in task t-2 on thread 34 
547 in task t-2 on thread 34 
548 in task t-2 on thread 34 
549 in task t-2 on thread 34 
550 in task t-2 on thread 34 
551 in task t-2 on thread 34 
552 in task t-2 on thread 34 
553 in task t-2 on thread 34 
554 in task t-2 on thread 34 
555 in task t-2 on thread 34 
556 in task t-2 on thread 34 
557 in task t-2 on thread 34 
558 in task t-2 on thread 34 
559 in task t-2 on thread 34 
560 in task t-2 on thread 34 
561 in task t-2 on thread 34 
562 in task t-2 on thread 34 
563 in task t-2 on thread 34 
564 in task t-2 on thread 34 
565 in task t-2 on thread 34 
566 in task t-2 on thread 34 
567 in task t-2 on thread 34 
568 in task t-2 on thread 34 
569 in task t-2 on thread 34 
570 in task t-2 on thread 34 
571 in task t-2 on thread 34 
572 in task t-2 on thread 34 
573 in task t-2 on thread 34 
574 in task t-2 on thread 34 
575 in task t-2 on thread 34 
576 in task t-2 on thread 34 
577 in task t-2 on thread 34 
578 in task t-2 on thread 34 
579 in task t-2 on thread 34 
580 in task t-2 on thread 34 
581 in task t-2 on thread 34 
582 in task t-2 on thread 34 
583 in task t-2 on thread 34 
584 in task t-2 on thread 34 
585 in task t-2 on thread 34 
586 in task t-2 on thread 34 
587 in task t-2 on thread 34 
588 in task t-2 on thread 34 
589 in task t-2 on thread 34 
590 in task t-2 on thread 34 
591 in task t-2 on thread 34 
592 in task t-2 on thread 34 
593 in task t-2 on thread 34 
594 in task t-2 on thread 34 
595 in task t-2 on thread 34 
596 in task t-2 on thread 34 
597 in task t-2 on thread 34 
598 in task t-2 on thread 34 
599 in task t-2 on thread 34 
600 in task t-2 on thread 34 
601 in task t-2 on thread 34 
602 in task t-2 on thread 34 
603 in task t-2 on thread 34 
604 in task t-2 on thread 34 
605 in task t-2 on thread 34 
606 in task t-2 on thread 34 
607 in task t-2 on thread 34 
608 in task t-2 on thread 34 
609 in task t-2 on thread 34 
610 in task t-2 on thread 34 
611 in task t-2 on thread 34 
612 in task t-2 on thread 34 
613 in task t-2 on thread 34 
614 in task t-2 on thread 34 
615 in task t-2 on thread 34 
616 in task t-2 on thread 34 
617 in task t-2 on thread 34 
618 in task t-2 on thread 34 
619 in task t-2 on thread 34 
620 in task t-2 on thread 34 
621 in task t-2 on thread 34 
622 in task t-2 on thread 34 
623 in task t-2 on thread 34 
624 in task t-2 on thread 34 
625 in task t-2 on thread 34 
626 in task t-2 on thread 34 
627 in task t-2 on thread 34 
628 in task t-2 on thread 34 
629 in task t-2 on thread 34 
630 in task t-2 on thread 34 
631 in task t-2 on thread 34 
632 in task t-2 on thread 34 
633 in task t-2 on thread 34 
634 in task t-2 on thread 34 
635 in task t-2 on thread 34 
636 in task t-2 on thread 34 
637 in task t-2 on thread 34 
638 in task t-2 on thread 34 
639 in task t-2 on thread 34 
640 in task t-2 on thread 34 
641 in task t-2 on thread 34 
642 in task t-2 on thread 34 
643 in task t-2 on thread 34 
644 in task t-2 on thread 34 
645 in task t-2 on thread 34 
646 in task t-2 on thread 34 
647 in task t-2 on thread 34 
648 in task t-2 on thread 34 
649 in task t-2 on thread 34 
650 in task t-2 on thread 34 
651 in task t-2 on thread 34 
652 in task t-2 on thread 34 
653 in task t-2 on thread 34 
654 in task t-2 on thread 34 
655 in task t-2 on thread 34 
656 in task t-2 on thread 34 
657 in task t-2 on thread 34 
658 in task t-2 on thread 34 
659 in task t-2 on thread 34 
660 in task t-2 on thread 34 
661 in task t-2 on thread 34 
662 in task t-2 on thread 34 
663 in task t-2 on thread 34 
664 in task t-2 on thread 34 
665 in task t-2 on thread 34 
666 in task t-2 on thread 34 
667 in task t-2 on thread 34 
668 in task t-2 on thread 34 
669 in task t-2 on thread 34 
670 in task t-2 on thread 34 
671 in task t-2 on thread 34 
672 in task t-2 on thread 34 
673 in task t-2 on thread 34 
674 in task t-2 on thread 34 
675 in task t-2 on thread 34 
676 in task t-2 on thread 34 
677 in task t-2 on thread 34 
678 in task t-2 on thread 34 
679 in task t-2 on thread 34 
680 in task t-2 on thread 34 
681 in task t-2 on thread 34 
682 in task t-2 on thread 34 
683 in task t-2 on thread 34 
684 in task t-2 on thread 34 
685 in task t-2 on thread 34 
686 in task t-2 on thread 34 
687 in task t-2 on thread 34 
688 in task t-2 on thread 34 
689 in task t-2 on thread 34 
690 in task t-2 on thread 34 
691 in task t-2 on thread 34 
692 in task t-2 on thread 34 
693 in task t-2 on thread 34 
694 in task t-2 on thread 34 
695 in task t-2 on thread 34 
696 in task t-2 on thread 34 
697 in task t-2 on thread 34 
698 in task t-2 on thread 34 
699 in task t-2 on thread 34 
700 in task t-2 on thread 34 
701 in task t-2 on thread 34 
702 in task t-2 on thread 34 
703 in task t-2 on thread 34 
704 in task t-2 on thread 34 
705 in task t-2 on thread 34 
706 in task t-2 on thread 34 
707 in task t-2 on thread 34 
708 in task t-2 on thread 34 
709 in task t-2 on thread 34 
710 in task t-2 on thread 34 
711 in task t-2 on thread 34 
712 in task t-2 on thread 34 
713 in task t-2 on thread 34 
714 in task t-2 on thread 34 
715 in task t-2 on thread 34 
716 in task t-2 on thread 34 
717 in task t-2 on thread 34 
718 in task t-2 on thread 34 
719 in task t-2 on thread 34 
720 in task t-2 on thread 34 
721 in task t-2 on thread 34 
722 in task t-2 on thread 34 
723 in task t-2 on thread 34 
724 in task t-2 on thread 34 
725 in task t-2 on thread 34 
726 in task t-2 on thread 34 
727 in task t-2 on thread 34 
728 in task t-2 on thread 34 
729 in task t-2 on thread 34 
730 in task t-2 on thread 34 
731 in task t-2 on thread 34 
732 in task t-2 on thread 34 
733 in task t-2 on thread 34 
734 in task t-2 on thread 34 
735 in task t-2 on thread 34 
736 in task t-2 on thread 34 
737 in task t-2 on thread 34 
738 in task t-2 on thread 34 
739 in task t-2 on thread 34 
740 in task t-2 on thread 34 
741 in task t-2 on thread 34 
742 in task t-2 on thread 34 
743 in task t-2 on thread 34 
744 in task t-2 on thread 34 
745 in task t-2 on thread 34 
746 in task t-2 on thread 34 
747 in task t-2 on thread 34 
748 in task t-2 on thread 34 
749 in task t-2 on thread 34 
750 in task t-2 on thread 34 
751 in task t-2 on thread 34 
752 in task t-2 on thread 34 
753 in task t-2 on thread 34 
754 in task t-2 on thread 34 
755 in task t-2 on thread 34 
756 in task t-2 on thread 34 
757 in task t-2 on thread 34 
758 in task t-2 on thread 34 
759 in task t-2 on thread 34 
760 in task t-2 on thread 34 
761 in task t-2 on thread 34 
762 in task t-2 on thread 34 
763 in task t-2 on thread 34 
764 in task t-2 on thread 34 
765 in task t-2 on thread 34 
766 in task t-2 on thread 34 
767 in task t-2 on thread 34 
768 in task t-2 on thread 34 
769 in task t-2 on thread 34 
770 in task t-2 on thread 34 
771 in task t-2 on thread 34 
772 in task t-2 on thread 34 
773 in task t-2 on thread 34 
774 in task t-2 on thread 34 
775 in task t-2 on thread 34 
776 in task t-2 on thread 34 
777 in task t-2 on thread 34 
778 in task t-2 on thread 34 
779 in task t-2 on thread 34 
780 in task t-2 on thread 34 
781 in task t-2 on thread 34 
782 in task t-2 on thread 34 
783 in task t-2 on thread 34 
784 in task t-2 on thread 34 
785 in task t-2 on thread 34 
786 in task t-2 on thread 34 
787 in task t-2 on thread 34 
788 in task t-2 on thread 34 
789 in task t-2 on thread 34 
790 in task t-2 on thread 34 
791 in task t-2 on thread 34 
792 in task t-2 on thread 34 
793 in task t-2 on thread 34 
794 in task t-2 on thread 34 
795 in task t-2 on thread 34 
796 in task t-2 on thread 34 
797 in task t-2 on thread 34 
798 in task t-2 on thread 34 
799 in task t-2 on thread 34 
800 in task t-2 on thread 34 
801 in task t-2 on thread 34 
802 in task t-2 on thread 34 
803 in task t-2 on thread 34 
804 in task t-2 on thread 34 
805 in task t-2 on thread 34 
806 in task t-2 on thread 34 
807 in task t-2 on thread 34 
808 in task t-2 on thread 34 
809 in task t-2 on thread 34 
810 in task t-2 on thread 34 
811 in task t-2 on thread 34 
812 in task t-2 on thread 34 
813 in task t-2 on thread 34 
814 in task t-2 on thread 34 
815 in task t-2 on thread 34 
816 in task t-2 on thread 34 
817 in task t-2 on thread 34 
818 in task t-2 on thread 34 
819 in task t-2 on thread 34 
820 in task t-2 on thread 34 
821 in task t-2 on thread 34 
822 in task t-2 on thread 34 
823 in task t-2 on thread 34 
824 in task t-2 on thread 34 
825 in task t-2 on thread 34 
826 in task t-2 on thread 34 
827 in task t-2 on thread 34 
828 in task t-2 on thread 34 
829 in task t-2 on thread 34 
830 in task t-2 on thread 34 
831 in task t-2 on thread 34 
832 in task t-2 on thread 34 
833 in task t-2 on thread 34 
834 in task t-2 on thread 34 
835 in task t-2 on thread 34 
836 in task t-2 on thread 34 
837 in task t-2 on thread 34 
838 in task t-2 on thread 34 
839 in task t-2 on thread 34 
840 in task t-2 on thread 34 
841 in task t-2 on thread 34 
842 in task t-2 on thread 34 
843 in task t-2 on thread 34 
844 in task t-2 on thread 34 
845 in task t-2 on thread 34 
846 in task t-2 on thread 34 
847 in task t-2 on thread 34 
848 in task t-2 on thread 34 
849 in task t-2 on thread 34 
850 in task t-2 on thread 34 
851 in task t-2 on thread 34 
852 in task t-2 on thread 34 
853 in task t-2 on thread 34 
854 in task t-2 on thread 34 
855 in task t-2 on thread 34 
856 in task t-2 on thread 34 
857 in task t-2 on thread 34 
858 in task t-2 on thread 34 
859 in task t-2 on thread 34 
860 in task t-2 on thread 34 
861 in task t-2 on thread 34 
862 in task t-2 on thread 34 
863 in task t-2 on thread 34 
864 in task t-2 on thread 34 
865 in task t-2 on thread 34 
866 in task t-2 on thread 34 
867 in task t-2 on thread 34 
868 in task t-2 on thread 34 
869 in task t-2 on thread 34 
870 in task t-2 on thread 34 
871 in task t-2 on thread 34 
872 in task t-2 on thread 34 
873 in task t-2 on thread 34 
874 in task t-2 on thread 34 
875 in task t-2 on thread 34 
876 in task t-2 on thread 34 
877 in task t-2 on thread 34 
878 in task t-2 on thread 34 
879 in task t-2 on thread 34 
880 in task t-2 on thread 34 
881 in task t-2 on thread 34 
882 in task t-2 on thread 34 
883 in task t-2 on thread 34 
884 in task t-2 on thread 34 
885 in task t-2 on thread 34 
886 in task t-2 on thread 34 
887 in task t-2 on thread 34 
888 in task t-2 on thread 34 
889 in task t-2 on thread 34 
890 in task t-2 on thread 34 
891 in task t-2 on thread 34 
892 in task t-2 on thread 34 
893 in task t-2 on thread 34 
894 in task t-2 on thread 34 
895 in task t-2 on thread 34 
896 in task t-2 on thread 34 
897 in task t-2 on thread 34 
898 in task t-2 on thread 34 
899 in task t-2 on thread 34 
900 in task t-2 on thread 34 
901 in task t-2 on thread 34 
902 in task t-2 on thread 34 
903 in task t-2 on thread 34 
904 in task t-2 on thread 34 
905 in task t-2 on thread 34 
906 in task t-2 on thread 34 
907 in task t-2 on thread 34 
908 in task t-2 on thread 34 
909 in task t-2 on thread 34 
910 in task t-2 on thread 34 
911 in task t-2 on thread 34 
912 in task t-2 on thread 34 
913 in task t-2 on thread 34 
914 in task t-2 on thread 34 
915 in task t-2 on thread 34 
916 in task t-2 on thread 34 
917 in task t-2 on thread 34 
918 in task t-2 on thread 34 
919 in task t-2 on thread 34 
920 in task t-2 on thread 34 
921 in task t-2 on thread 34 
922 in task t-2 on thread 34 
923 in task t-2 on thread 34 
924 in task t-2 on thread 34 
925 in task t-2 on thread 34 
926 in task t-2 on thread 34 
927 in task t-2 on thread 34 
928 in task t-2 on thread 34 
929 in task t-2 on thread 34 
930 in task t-2 on thread 34 
931 in task t-2 on thread 34 
932 in task t-2 on thread 34 
933 in task t-2 on thread 34 
934 in task t-2 on thread 34 
935 in task t-2 on thread 34 
936 in task t-2 on thread 34 
937 in task t-2 on thread 34 
938 in task t-2 on thread 34 
939 in task t-2 on thread 34 
940 in task t-2 on thread 34 
941 in task t-2 on thread 34 
942 in task t-2 on thread 34 
943 in task t-2 on thread 34 
944 in task t-2 on thread 34 
945 in task t-2 on thread 34 
946 in task t-2 on thread 34 
947 in task t-2 on thread 34 
948 in task t-2 on thread 34 
949 in task t-2 on thread 34 
950 in task t-2 on thread 34 
951 in task t-2 on thread 34 
952 in task t-2 on thread 34 
953 in task t-2 on thread 34 
954 in task t-2 on thread 34 
955 in task t-2 on thread 34 
956 in task t-2 on thread 34 
957 in task t-2 on thread 34 
958 in task t-2 on thread 34 
959 in task t-2 on thread 34 
960 in task t-2 on thread 34 
961 in task t-2 on thread 34 
962 in task t-2 on thread 34 
963 in task t-2 on thread 34 
964 in task t-2 on thread 34 
965 in task t-2 on thread 34 
966 in task t-2 on thread 34 
967 in task t-2 on thread 34 
968 in task t-2 on thread 34 
969 in task t-2 on thread 34 
970 in task t-2 on thread 34 
971 in task t-2 on thread 34 
972 in task t-2 on thread 34 
973 in task t-2 on thread 34 
974 in task t-2 on thread 34 
975 in task t-2 on thread 34 
976 in task t-2 on thread 34 
977 in task t-2 on thread 34 
978 in task t-2 on thread 34 
979 in task t-2 on thread 34 
980 in task t-2 on thread 34 
981 in task t-2 on thread 34 
982 in task t-2 on thread 34 
983 in task t-2 on thread 34 
984 in task t-2 on thread 34 
985 in task t-2 on thread 34 
986 in task t-2 on thread 34 
987 in task t-2 on thread 34 
988 in task t-2 on thread 34 
989 in task t-2 on thread 34 
990 in task t-2 on thread 34 
991 in task t-2 on thread 34 
992 in task t-2 on thread 34 
993 in task t-2 on thread 34 
994 in task t-2 on thread 34 
995 in task t-2 on thread 34 
996 in task t-2 on thread 34 
997 in task t-2 on thread 34 
998 in task t-2 on thread 34 
999 in task t-2 on thread 34 
0 in task t-3 on thread 34 
1 in task t-3 on thread 34 
2 in task t-3 on thread 34 
3 in task t-3 on thread 34 
4 in task t-3 on thread 34 
5 in task t-3 on thread 34 
6 in task t-3 on thread 34 
7 in task t-3 on thread 34 
8 in task t-3 on thread 34 
9 in task t-3 on thread 34 
10 in task t-3 on thread 34 
11 in task t-3 on thread 34 
12 in task t-3 on thread 34 
13 in task t-3 on thread 34 
14 in task t-3 on thread 34 
15 in task t-3 on thread 34 
16 in task t-3 on thread 34 
17 in task t-3 on thread 34 
18 in task t-3 on thread 34 
19 in task t-3 on thread 34 
20 in task t-3 on thread 34 
21 in task t-3 on thread 34 
22 in task t-3 on thread 34 
23 in task t-3 on thread 34 
24 in task t-3 on thread 34 
25 in task t-3 on thread 34 
26 in task t-3 on thread 34 
27 in task t-3 on thread 34 
28 in task t-3 on thread 34 
29 in task t-3 on thread 34 
30 in task t-3 on thread 34 
31 in task t-3 on thread 34 
32 in task t-3 on thread 34 
33 in task t-3 on thread 34 
34 in task t-3 on thread 34 
35 in task t-3 on thread 34 
36 in task t-3 on thread 34 
37 in task t-3 on thread 34 
38 in task t-3 on thread 34 
39 in task t-3 on thread 34 
40 in task t-3 on thread 34 
41 in task t-3 on thread 34 
42 in task t-3 on thread 34 
43 in task t-3 on thread 34 
44 in task t-3 on thread 34 
45 in task t-3 on thread 34 
46 in task t-3 on thread 34 
47 in task t-3 on thread 34 
48 in task t-3 on thread 34 
49 in task t-3 on thread 34 
50 in task t-3 on thread 34 
51 in task t-3 on thread 34 
52 in task t-3 on thread 34 
53 in task t-3 on thread 34 
54 in task t-3 on thread 34 
55 in task t-3 on thread 34 
56 in task t-3 on thread 34 
57 in task t-3 on thread 34 
58 in task t-3 on thread 34 
59 in task t-3 on thread 34 
60 in task t-3 on thread 34 
61 in task t-3 on thread 34 
62 in task t-3 on thread 34 
63 in task t-3 on thread 34 
64 in task t-3 on thread 34 
65 in task t-3 on thread 34 
66 in task t-3 on thread 34 
67 in task t-3 on thread 34 
68 in task t-3 on thread 34 
69 in task t-3 on thread 34 
70 in task t-3 on thread 34 
71 in task t-3 on thread 34 
72 in task t-3 on thread 34 
73 in task t-3 on thread 34 
74 in task t-3 on thread 34 
75 in task t-3 on thread 34 
76 in task t-3 on thread 34 
77 in task t-3 on thread 34 
78 in task t-3 on thread 34 
79 in task t-3 on thread 34 
80 in task t-3 on thread 34 
81 in task t-3 on thread 34 
82 in task t-3 on thread 34 
83 in task t-3 on thread 34 
84 in task t-3 on thread 34 
85 in task t-3 on thread 34 
86 in task t-3 on thread 34 
87 in task t-3 on thread 34 
88 in task t-3 on thread 34 
89 in task t-3 on thread 34 
90 in task t-3 on thread 34 
91 in task t-3 on thread 34 
92 in task t-3 on thread 34 
93 in task t-3 on thread 34 
94 in task t-3 on thread 34 
95 in task t-3 on thread 34 
96 in task t-3 on thread 34 
97 in task t-3 on thread 34 
98 in task t-3 on thread 34 
99 in task t-3 on thread 34 
100 in task t-3 on thread 34 
101 in task t-3 on thread 34 
102 in task t-3 on thread 34 
103 in task t-3 on thread 34 
104 in task t-3 on thread 34 
105 in task t-3 on thread 34 
106 in task t-3 on thread 34 
107 in task t-3 on thread 34 
108 in task t-3 on thread 34 
109 in task t-3 on thread 34 
110 in task t-3 on thread 34 
111 in task t-3 on thread 34 
112 in task t-3 on thread 34 
113 in task t-3 on thread 34 
114 in task t-3 on thread 34 
115 in task t-3 on thread 34 
116 in task t-3 on thread 34 
117 in task t-3 on thread 34 
118 in task t-3 on thread 34 
119 in task t-3 on thread 34 
120 in task t-3 on thread 34 
121 in task t-3 on thread 34 
122 in task t-3 on thread 34 
123 in task t-3 on thread 34 
124 in task t-3 on thread 34 
125 in task t-3 on thread 34 
126 in task t-3 on thread 34 
127 in task t-3 on thread 34 
128 in task t-3 on thread 34 
129 in task t-3 on thread 34 
130 in task t-3 on thread 34 
131 in task t-3 on thread 34 
132 in task t-3 on thread 34 
133 in task t-3 on thread 34 
134 in task t-3 on thread 34 
135 in task t-3 on thread 34 
136 in task t-3 on thread 34 
137 in task t-3 on thread 34 
138 in task t-3 on thread 34 
139 in task t-3 on thread 34 
140 in task t-3 on thread 34 
141 in task t-3 on thread 34 
142 in task t-3 on thread 34 
143 in task t-3 on thread 34 
144 in task t-3 on thread 34 
145 in task t-3 on thread 34 
146 in task t-3 on thread 34 
147 in task t-3 on thread 34 
148 in task t-3 on thread 34 
149 in task t-3 on thread 34 
150 in task t-3 on thread 34 
151 in task t-3 on thread 34 
152 in task t-3 on thread 34 
153 in task t-3 on thread 34 
154 in task t-3 on thread 34 
155 in task t-3 on thread 34 
156 in task t-3 on thread 34 
157 in task t-3 on thread 34 
158 in task t-3 on thread 34 
159 in task t-3 on thread 34 
160 in task t-3 on thread 34 
161 in task t-3 on thread 34 
162 in task t-3 on thread 34 
163 in task t-3 on thread 34 
164 in task t-3 on thread 34 
165 in task t-3 on thread 34 
166 in task t-3 on thread 34 
167 in task t-3 on thread 34 
168 in task t-3 on thread 34 
169 in task t-3 on thread 34 
170 in task t-3 on thread 34 
171 in task t-3 on thread 34 
172 in task t-3 on thread 34 
173 in task t-3 on thread 34 
174 in task t-3 on thread 34 
175 in task t-3 on thread 34 
176 in task t-3 on thread 34 
177 in task t-3 on thread 34 
178 in task t-3 on thread 34 
179 in task t-3 on thread 34 
180 in task t-3 on thread 34 
181 in task t-3 on thread 34 
182 in task t-3 on thread 34 
183 in task t-3 on thread 34 
184 in task t-3 on thread 34 
185 in task t-3 on thread 34 
186 in task t-3 on thread 34 
187 in task t-3 on thread 34 
188 in task t-3 on thread 34 
189 in task t-3 on thread 34 
190 in task t-3 on thread 34 
191 in task t-3 on thread 34 
192 in task t-3 on thread 34 
193 in task t-3 on thread 34 
194 in task t-3 on thread 34 
195 in task t-3 on thread 34 
196 in task t-3 on thread 34 
197 in task t-3 on thread 34 
198 in task t-3 on thread 34 
199 in task t-3 on thread 34 
200 in task t-3 on thread 34 
201 in task t-3 on thread 34 
202 in task t-3 on thread 34 
203 in task t-3 on thread 34 
204 in task t-3 on thread 34 
205 in task t-3 on thread 34 
206 in task t-3 on thread 34 
207 in task t-3 on thread 34 
208 in task t-3 on thread 34 
209 in task t-3 on thread 34 
210 in task t-3 on thread 34 
211 in task t-3 on thread 34 
212 in task t-3 on thread 34 
213 in task t-3 on thread 34 
214 in task t-3 on thread 34 
215 in task t-3 on thread 34 
216 in task t-3 on thread 34 
217 in task t-3 on thread 34 
218 in task t-3 on thread 34 
219 in task t-3 on thread 34 
220 in task t-3 on thread 34 
221 in task t-3 on thread 34 
222 in task t-3 on thread 34 
223 in task t-3 on thread 34 
224 in task t-3 on thread 34 
225 in task t-3 on thread 34 
226 in task t-3 on thread 34 
227 in task t-3 on thread 34 
228 in task t-3 on thread 34 
229 in task t-3 on thread 34 
230 in task t-3 on thread 34 
231 in task t-3 on thread 34 
232 in task t-3 on thread 34 
233 in task t-3 on thread 34 
234 in task t-3 on thread 34 
235 in task t-3 on thread 34 
236 in task t-3 on thread 34 
237 in task t-3 on thread 34 
238 in task t-3 on thread 34 
239 in task t-3 on thread 34 
240 in task t-3 on thread 34 
241 in task t-3 on thread 34 
242 in task t-3 on thread 34 
243 in task t-3 on thread 34 
244 in task t-3 on thread 34 
245 in task t-3 on thread 34 
246 in task t-3 on thread 34 
247 in task t-3 on thread 34 
248 in task t-3 on thread 34 
249 in task t-3 on thread 34 
250 in task t-3 on thread 34 
251 in task t-3 on thread 34 
252 in task t-3 on thread 34 
253 in task t-3 on thread 34 
254 in task t-3 on thread 34 
255 in task t-3 on thread 34 
256 in task t-3 on thread 34 
257 in task t-3 on thread 34 
258 in task t-3 on thread 34 
259 in task t-3 on thread 34 
260 in task t-3 on thread 34 
261 in task t-3 on thread 34 
262 in task t-3 on thread 34 
263 in task t-3 on thread 34 
264 in task t-3 on thread 34 
265 in task t-3 on thread 34 
266 in task t-3 on thread 34 
267 in task t-3 on thread 34 
268 in task t-3 on thread 34 
269 in task t-3 on thread 34 
270 in task t-3 on thread 34 
271 in task t-3 on thread 34 
272 in task t-3 on thread 34 
273 in task t-3 on thread 34 
274 in task t-3 on thread 34 
275 in task t-3 on thread 34 
276 in task t-3 on thread 34 
277 in task t-3 on thread 34 
278 in task t-3 on thread 34 
279 in task t-3 on thread 34 
280 in task t-3 on thread 34 
281 in task t-3 on thread 34 
282 in task t-3 on thread 34 
283 in task t-3 on thread 34 
284 in task t-3 on thread 34 
285 in task t-3 on thread 34 
286 in task t-3 on thread 34 
287 in task t-3 on thread 34 
288 in task t-3 on thread 34 
289 in task t-3 on thread 34 
290 in task t-3 on thread 34 
291 in task t-3 on thread 34 
292 in task t-3 on thread 34 
293 in task t-3 on thread 34 
294 in task t-3 on thread 34 
295 in task t-3 on thread 34 
296 in task t-3 on thread 34 
297 in task t-3 on thread 34 
298 in task t-3 on thread 34 
299 in task t-3 on thread 34 
300 in task t-3 on thread 34 
301 in task t-3 on thread 34 
302 in task t-3 on thread 34 
303 in task t-3 on thread 34 
304 in task t-3 on thread 34 
305 in task t-3 on thread 34 
306 in task t-3 on thread 34 
307 in task t-3 on thread 34 
308 in task t-3 on thread 34 
309 in task t-3 on thread 34 
310 in task t-3 on thread 34 
311 in task t-3 on thread 34 
312 in task t-3 on thread 34 
313 in task t-3 on thread 34 
314 in task t-3 on thread 34 
315 in task t-3 on thread 34 
316 in task t-3 on thread 34 
317 in task t-3 on thread 34 
318 in task t-3 on thread 34 
319 in task t-3 on thread 34 
320 in task t-3 on thread 34 
321 in task t-3 on thread 34 
322 in task t-3 on thread 34 
323 in task t-3 on thread 34 
324 in task t-3 on thread 34 
325 in task t-3 on thread 34 
326 in task t-3 on thread 34 
327 in task t-3 on thread 34 
328 in task t-3 on thread 34 
329 in task t-3 on thread 34 
330 in task t-3 on thread 34 
331 in task t-3 on thread 34 
332 in task t-3 on thread 34 
333 in task t-3 on thread 34 
334 in task t-3 on thread 34 
335 in task t-3 on thread 34 
336 in task t-3 on thread 34 
337 in task t-3 on thread 34 
338 in task t-3 on thread 34 
339 in task t-3 on thread 34 
340 in task t-3 on thread 34 
341 in task t-3 on thread 34 
342 in task t-3 on thread 34 
343 in task t-3 on thread 34 
344 in task t-3 on thread 34 
345 in task t-3 on thread 34 
346 in task t-3 on thread 34 
347 in task t-3 on thread 34 
348 in task t-3 on thread 34 
349 in task t-3 on thread 34 
350 in task t-3 on thread 34 
351 in task t-3 on thread 34 
352 in task t-3 on thread 34 
353 in task t-3 on thread 34 
354 in task t-3 on thread 34 
355 in task t-3 on thread 34 
356 in task t-3 on thread 34 
357 in task t-3 on thread 34 
358 in task t-3 on thread 34 
359 in task t-3 on thread 34 
360 in task t-3 on thread 34 
361 in task t-3 on thread 34 
362 in task t-3 on thread 34 
363 in task t-3 on thread 34 
364 in task t-3 on thread 34 
365 in task t-3 on thread 34 
366 in task t-3 on thread 34 
367 in task t-3 on thread 34 
368 in task t-3 on thread 34 
369 in task t-3 on thread 34 
370 in task t-3 on thread 34 
371 in task t-3 on thread 34 
372 in task t-3 on thread 34 
373 in task t-3 on thread 34 
374 in task t-3 on thread 34 
375 in task t-3 on thread 34 
376 in task t-3 on thread 34 
377 in task t-3 on thread 34 
378 in task t-3 on thread 34 
379 in task t-3 on thread 34 
380 in task t-3 on thread 34 
381 in task t-3 on thread 34 
382 in task t-3 on thread 34 
383 in task t-3 on thread 34 
384 in task t-3 on thread 34 
385 in task t-3 on thread 34 
386 in task t-3 on thread 34 
387 in task t-3 on thread 34 
388 in task t-3 on thread 34 
389 in task t-3 on thread 34 
390 in task t-3 on thread 34 
391 in task t-3 on thread 34 
392 in task t-3 on thread 34 
393 in task t-3 on thread 34 
394 in task t-3 on thread 34 
395 in task t-3 on thread 34 
396 in task t-3 on thread 34 
397 in task t-3 on thread 34 
398 in task t-3 on thread 34 
399 in task t-3 on thread 34 
400 in task t-3 on thread 34 
401 in task t-3 on thread 34 
402 in task t-3 on thread 34 
403 in task t-3 on thread 34 
404 in task t-3 on thread 34 
405 in task t-3 on thread 34 
406 in task t-3 on thread 34 
407 in task t-3 on thread 34 
408 in task t-3 on thread 34 
409 in task t-3 on thread 34 
410 in task t-3 on thread 34 
411 in task t-3 on thread 34 
412 in task t-3 on thread 34 
413 in task t-3 on thread 34 
414 in task t-3 on thread 34 
415 in task t-3 on thread 34 
416 in task t-3 on thread 34 
417 in task t-3 on thread 34 
418 in task t-3 on thread 34 
419 in task t-3 on thread 34 
420 in task t-3 on thread 34 
421 in task t-3 on thread 34 
422 in task t-3 on thread 34 
423 in task t-3 on thread 34 
424 in task t-3 on thread 34 
425 in task t-3 on thread 34 
426 in task t-3 on thread 34 
427 in task t-3 on thread 34 
428 in task t-3 on thread 34 
429 in task t-3 on thread 34 
430 in task t-3 on thread 34 
431 in task t-3 on thread 34 
432 in task t-3 on thread 34 
433 in task t-3 on thread 34 
434 in task t-3 on thread 34 
435 in task t-3 on thread 34 
436 in task t-3 on thread 34 
437 in task t-3 on thread 34 
438 in task t-3 on thread 34 
439 in task t-3 on thread 34 
440 in task t-3 on thread 34 
441 in task t-3 on thread 34 
442 in task t-3 on thread 34 
443 in task t-3 on thread 34 
444 in task t-3 on thread 34 
445 in task t-3 on thread 34 
446 in task t-3 on thread 34 
447 in task t-3 on thread 34 
448 in task t-3 on thread 34 
449 in task t-3 on thread 34 
450 in task t-3 on thread 34 
451 in task t-3 on thread 34 
452 in task t-3 on thread 34 
453 in task t-3 on thread 34 
454 in task t-3 on thread 34 
455 in task t-3 on thread 34 
456 in task t-3 on thread 34 
457 in task t-3 on thread 34 
458 in task t-3 on thread 34 
459 in task t-3 on thread 34 
460 in task t-3 on thread 34 
461 in task t-3 on thread 34 
462 in task t-3 on thread 34 
463 in task t-3 on thread 34 
464 in task t-3 on thread 34 
465 in task t-3 on thread 34 
466 in task t-3 on thread 34 
467 in task t-3 on thread 34 
468 in task t-3 on thread 34 
469 in task t-3 on thread 34 
470 in task t-3 on thread 34 
471 in task t-3 on thread 34 
472 in task t-3 on thread 34 
473 in task t-3 on thread 34 
474 in task t-3 on thread 34 
475 in task t-3 on thread 34 
476 in task t-3 on thread 34 
477 in task t-3 on thread 34 
478 in task t-3 on thread 34 
479 in task t-3 on thread 34 
480 in task t-3 on thread 34 
481 in task t-3 on thread 34 
482 in task t-3 on thread 34 
483 in task t-3 on thread 34 
484 in task t-3 on thread 34 
485 in task t-3 on thread 34 
486 in task t-3 on thread 34 
487 in task t-3 on thread 34 
488 in task t-3 on thread 34 
489 in task t-3 on thread 34 
490 in task t-3 on thread 34 
491 in task t-3 on thread 34 
492 in task t-3 on thread 34 
493 in task t-3 on thread 34 
494 in task t-3 on thread 34 
495 in task t-3 on thread 34 
496 in task t-3 on thread 34 
497 in task t-3 on thread 34 
498 in task t-3 on thread 34 
499 in task t-3 on thread 34 
500 in task t-3 on thread 34 
501 in task t-3 on thread 34 
502 in task t-3 on thread 34 
503 in task t-3 on thread 34 
504 in task t-3 on thread 34 
505 in task t-3 on thread 34 
506 in task t-3 on thread 34 
507 in task t-3 on thread 34 
508 in task t-3 on thread 34 
509 in task t-3 on thread 34 
510 in task t-3 on thread 34 
511 in task t-3 on thread 34 
512 in task t-3 on thread 34 
513 in task t-3 on thread 34 
514 in task t-3 on thread 34 
515 in task t-3 on thread 34 
516 in task t-3 on thread 34 
517 in task t-3 on thread 34 
518 in task t-3 on thread 34 
519 in task t-3 on thread 34 
520 in task t-3 on thread 34 
521 in task t-3 on thread 34 
522 in task t-3 on thread 34 
523 in task t-3 on thread 34 
524 in task t-3 on thread 34 
525 in task t-3 on thread 34 
526 in task t-3 on thread 34 
527 in task t-3 on thread 34 
528 in task t-3 on thread 34 
529 in task t-3 on thread 34 
530 in task t-3 on thread 34 
531 in task t-3 on thread 34 
532 in task t-3 on thread 34 
533 in task t-3 on thread 34 
534 in task t-3 on thread 34 
535 in task t-3 on thread 34 
536 in task t-3 on thread 34 
537 in task t-3 on thread 34 
538 in task t-3 on thread 34 
539 in task t-3 on thread 34 
540 in task t-3 on thread 34 
541 in task t-3 on thread 34 
542 in task t-3 on thread 34 
543 in task t-3 on thread 34 
544 in task t-3 on thread 34 
545 in task t-3 on thread 34 
546 in task t-3 on thread 34 
547 in task t-3 on thread 34 
548 in task t-3 on thread 34 
549 in task t-3 on thread 34 
550 in task t-3 on thread 34 
551 in task t-3 on thread 34 
552 in task t-3 on thread 34 
553 in task t-3 on thread 34 
554 in task t-3 on thread 34 
555 in task t-3 on thread 34 
556 in task t-3 on thread 34 
557 in task t-3 on thread 34 
558 in task t-3 on thread 34 
559 in task t-3 on thread 34 
560 in task t-3 on thread 34 
561 in task t-3 on thread 34 
562 in task t-3 on thread 34 
[...]
'7' in task t1-2 on thread 41 


'8' in task t1-2 on thread 41 
'9' in task t1-2 on thread 41 
':' in task t1-2 on thread 41 


';' in task t1-2 on thread 41 
'&lt;' in task t1-2 on thread 41 
'=' in task t1-2 on thread 41 


'&gt;' in task t1-2 on thread 41 
'?' in task t1-2 on thread 41 
'@' in task t1-2 on thread 41 


'A' in task t1-2 on thread 41 
'B' in task t1-2 on thread 41 
'C' in task t1-2 on thread 41 


'D' in task t1-2 on thread 41 
'E' in task t1-2 on thread 41 
'F' in task t1-2 on thread 41 


'G' in task t1-2 on thread 41 
'H' in task t1-2 on thread 41 
'I' in task t1-2 on thread 41 


'J' in task t1-2 on thread 41 
'K' in task t1-2 on thread 41 
'L' in task t1-2 on thread 41 


'M' in task t1-2 on thread 41 
'N' in task t1-2 on thread 41 
'O' in task t1-2 on thread 41 


'P' in task t1-2 on thread 41 
'Q' in task t1-2 on thread 41 
'R' in task t1-2 on thread 41 


'S' in task t1-2 on thread 41 
'T' in task t1-2 on thread 41 
'U' in task t1-2 on thread 41 


'V' in task t1-2 on thread 41 
'W' in task t1-2 on thread 41 
'X' in task t1-2 on thread 41 


'Y' in task t1-2 on thread 41 
'Z' in task t1-2 on thread 41 
'[' in task t1-2 on thread 41 


'\' in task t1-2 on thread 41 
']' in task t1-2 on thread 41 
'^' in task t1-2 on thread 41 


'_' in task t1-2 on thread 41 
'`' in task t1-2 on thread 41 
'a' in task t1-2 on thread 41 


'b' in task t1-2 on thread 41 
'c' in task t1-2 on thread 41 
'd' in task t1-2 on thread 41 


'+' in task t1-3 on thread 34 
',' in task t1-3 on thread 34 
'-' in task t1-3 on thread 34 


'.' in task t1-3 on thread 34 
'/' in task t1-3 on thread 34 
'0' in task t1-3 on thread 34 


'1' in task t1-3 on thread 34 
'2' in task t1-3 on thread 34 
'3' in task t1-3 on thread 34 


'4' in task t1-3 on thread 34 
'5' in task t1-3 on thread 34 
'6' in task t1-3 on thread 34 


'7' in task t1-3 on thread 34 
'8' in task t1-3 on thread 34 
'9' in task t1-3 on thread 34 


':' in task t1-3 on thread 34 
';' in task t1-3 on thread 34 
'&lt;' in task t1-3 on thread 34 


'=' in task t1-3 on thread 34 
'&gt;' in task t1-3 on thread 34 
'?' in task t1-3 on thread 34 


'@' in task t1-3 on thread 34 
'A' in task t1-3 on thread 34 
'B' in task t1-3 on thread 34 


'C' in task t1-3 on thread 34 
'D' in task t1-3 on thread 34 
'E' in task t1-3 on thread 34 


'F' in task t1-3 on thread 34 
'G' in task t1-3 on thread 34 
'H' in task t1-3 on thread 34 


'I' in task t1-3 on thread 34 
'J' in task t1-3 on thread 34 
'K' in task t1-3 on thread 34 


'L' in task t1-3 on thread 34 
'M' in task t1-3 on thread 34 
'N' in task t1-3 on thread 34 


'O' in task t1-3 on thread 34 
'P' in task t1-3 on thread 34 
'Q' in task t1-3 on thread 34 


'R' in task t1-3 on thread 34 
'S' in task t1-3 on thread 34 
'T' in task t1-3 on thread 34 


'U' in task t1-3 on thread 34 
'V' in task t1-3 on thread 34 
'W' in task t1-3 on thread 34 


'X' in task t1-3 on thread 34 
'Y' in task t1-3 on thread 34 
'Z' in task t1-3 on thread 34 


'[' in task t1-3 on thread 34 
'\' in task t1-3 on thread 34 
']' in task t1-3 on thread 34 


'^' in task t1-3 on thread 34 
'_' in task t1-3 on thread 34 
'`' in task t1-3 on thread 34 


'a' in task t1-3 on thread 34 
'b' in task t1-3 on thread 34 
'c' in task t1-3 on thread 34 


'd' in task t1-3 on thread 34 
'e' in task t1-3 on thread 34 
'f' in task t1-3 on thread 34 


'g' in task t1-3 on thread 34 
'h' in task t1-3 on thread 34 
'i' in task t1-3 on thread 34 


'j' in task t1-3 on thread 34 
'k' in task t1-3 on thread 34 
'l' in task t1-3 on thread 34 


'm' in task t1-3 on thread 34 
'n' in task t1-3 on thread 34 
'e' in task t1-2 on thread 41 


'f' in task t1-2 on thread 41 
'g' in task t1-2 on thread 41 
'h' in task t1-2 on thread 41 


'i' in task t1-2 on thread 41 
'j' in task t1-2 on thread 41 
'k' in task t1-2 on thread 41 


'l' in task t1-2 on thread 41 
'm' in task t1-2 on thread 41 
'n' in task t1-2 on thread 41 


'o' in task t1-2 on thread 41 
'p' in task t1-2 on thread 41 
'q' in task t1-2 on thread 41 


'r' in task t1-2 on thread 41 
's' in task t1-2 on thread 41 
't' in task t1-2 on thread 41 


'u' in task t1-2 on thread 41 
'v' in task t1-2 on thread 41 
'w' in task t1-2 on thread 41 


'x' in task t1-2 on thread 41 
'y' in task t1-2 on thread 41 
'z' in task t1-2 on thread 41 


'{' in task t1-2 on thread 41 
'|' in task t1-2 on thread 41 
'}' in task t1-2 on thread 41 


'~' in task t1-2 on thread 41 
'!' in task t1-2 on thread 41 
'"' in task t1-2 on thread 41 


'#' in task t1-2 on thread 41 
'$' in task t1-2 on thread 41 
'%' in task t1-2 on thread 41 


'&amp;' in task t1-2 on thread 41 
''' in task t1-2 on thread 41 
'(' in task t1-2 on thread 41 


')' in task t1-2 on thread 41 
'*' in task t1-2 on thread 41 
'+' in task t1-2 on thread 41 


'o' in task t1-3 on thread 34 
'p' in task t1-3 on thread 34 
'q' in task t1-3 on thread 34 


'r' in task t1-3 on thread 34 
's' in task t1-3 on thread 34 
't' in task t1-3 on thread 34 


'u' in task t1-3 on thread 34 
'v' in task t1-3 on thread 34 
'w' in task t1-3 on thread 34 


'x' in task t1-3 on thread 34 
'y' in task t1-3 on thread 34 
'z' in task t1-3 on thread 34 


'{' in task t1-3 on thread 34 
'|' in task t1-3 on thread 34 
'}' in task t1-3 on thread 34 


'~' in task t1-3 on thread 34 
'!' in task t1-3 on thread 34 
'"' in task t1-3 on thread 34 


'#' in task t1-3 on thread 34 
'$' in task t1-3 on thread 34 
'%' in task t1-3 on thread 34 


'&amp;' in task t1-3 on thread 34 
''' in task t1-3 on thread 34 
'(' in task t1-3 on thread 34 


')' in task t1-3 on thread 34 
'*' in task t1-3 on thread 34 
'+' in task t1-3 on thread 34 


',' in task t1-3 on thread 34 
'-' in task t1-3 on thread 34 
'.' in task t1-3 on thread 34 


'/' in task t1-3 on thread 34 
'0' in task t1-3 on thread 34 
'1' in task t1-3 on thread 34 


'2' in task t1-3 on thread 34 
'3' in task t1-3 on thread 34 
'4' in task t1-3 on thread 34 


'5' in task t1-3 on thread 34 
'6' in task t1-3 on thread 34 
'7' in task t1-3 on thread 34 


'8' in task t1-3 on thread 34 
'9' in task t1-3 on thread 34 
':' in task t1-3 on thread 34 


';' in task t1-3 on thread 34 
'&lt;' in task t1-3 on thread 34 
'=' in task t1-3 on thread 34 


'&gt;' in task t1-3 on thread 34 
'?' in task t1-3 on thread 34 
'@' in task t1-3 on thread 34 


'A' in task t1-3 on thread 34 
'B' in task t1-3 on thread 34 
'C' in task t1-3 on thread 34 


'D' in task t1-3 on thread 34 
'E' in task t1-3 on thread 34 
'F' in task t1-3 on thread 34 


'G' in task t1-3 on thread 34 
'H' in task t1-3 on thread 34 
'I' in task t1-3 on thread 34 


'J' in task t1-3 on thread 34 
'K' in task t1-3 on thread 34 
'L' in task t1-3 on thread 34 


'M' in task t1-3 on thread 34 
'N' in task t1-3 on thread 34 
'O' in task t1-3 on thread 34 


'P' in task t1-3 on thread 34 
'Q' in task t1-3 on thread 34 
'R' in task t1-3 on thread 34 


'S' in task t1-3 on thread 34 
'T' in task t1-3 on thread 34 
'U' in task t1-3 on thread 34 


'V' in task t1-3 on thread 34 
'W' in task t1-3 on thread 34 
'X' in task t1-3 on thread 34 


'Y' in task t1-3 on thread 34 
'Z' in task t1-3 on thread 34 
'[' in task t1-3 on thread 34 


'\' in task t1-3 on thread 34 
']' in task t1-3 on thread 34 
'^' in task t1-3 on thread 34 


'_' in task t1-3 on thread 34 
'`' in task t1-3 on thread 34 
'a' in task t1-3 on thread 34 


'b' in task t1-3 on thread 34 
'c' in task t1-3 on thread 34 
'd' in task t1-3 on thread 34 


'e' in task t1-3 on thread 34 
'f' in task t1-3 on thread 34 
'g' in task t1-3 on thread 34 


'h' in task t1-3 on thread 34 
'i' in task t1-3 on thread 34 
'j' in task t1-3 on thread 34 


'k' in task t1-3 on thread 34 
'l' in task t1-3 on thread 34 
'm' in task t1-3 on thread 34 


'n' in task t1-3 on thread 34 
'o' in task t1-3 on thread 34 
'p' in task t1-3 on thread 34 


'q' in task t1-3 on thread 34 
'r' in task t1-3 on thread 34 
's' in task t1-3 on thread 34 


't' in task t1-3 on thread 34 
'u' in task t1-3 on thread 34 
'v' in task t1-3 on thread 34 


'w' in task t1-3 on thread 34 
'x' in task t1-3 on thread 34 
'y' in task t1-3 on thread 34 


'z' in task t1-3 on thread 34 
'{' in task t1-3 on thread 34 
'|' in task t1-3 on thread 34 


'}' in task t1-3 on thread 34 
'~' in task t1-3 on thread 34 
'!' in task t1-3 on thread 34 


'"' in task t1-3 on thread 34 
'#' in task t1-3 on thread 34 
'$' in task t1-3 on thread 34 


'%' in task t1-3 on thread 34 
'&amp;' in task t1-3 on thread 34 
''' in task t1-3 on thread 34 


'(' in task t1-3 on thread 34 
')' in task t1-3 on thread 34 
'*' in task t1-3 on thread 34 


'+' in task t1-3 on thread 34 
',' in task t1-3 on thread 34 
'-' in task t1-3 on thread 34 


'.' in task t1-3 on thread 34 
'/' in task t1-3 on thread 34 
'0' in task t1-3 on thread 34 


'1' in task t1-3 on thread 34 
'2' in task t1-3 on thread 34 
'3' in task t1-3 on thread 34 


'4' in task t1-3 on thread 34 
'5' in task t1-3 on thread 34 
'6' in task t1-3 on thread 34 


'7' in task t1-3 on thread 34 
'8' in task t1-3 on thread 34 
'9' in task t1-3 on thread 34 


':' in task t1-3 on thread 34 
';' in task t1-3 on thread 34 
'&lt;' in task t1-3 on thread 34 


'=' in task t1-3 on thread 34 
'&gt;' in task t1-3 on thread 34 
'?' in task t1-3 on thread 34 


'@' in task t1-3 on thread 34 
'A' in task t1-3 on thread 34 
'B' in task t1-3 on thread 34 


'C' in task t1-3 on thread 34 
'D' in task t1-3 on thread 34 
'E' in task t1-3 on thread 34 


'F' in task t1-3 on thread 34 
'G' in task t1-3 on thread 34 
'H' in task t1-3 on thread 34 


'I' in task t1-3 on thread 34 
'J' in task t1-3 on thread 34 
'K' in task t1-3 on thread 34 


'L' in task t1-3 on thread 34 
'M' in task t1-3 on thread 34 
'N' in task t1-3 on thread 34 


'O' in task t1-3 on thread 34 
'P' in task t1-3 on thread 34 
'Q' in task t1-3 on thread 34 


'R' in task t1-3 on thread 34 
'S' in task t1-3 on thread 34 
'T' in task t1-3 on thread 34 


'U' in task t1-3 on thread 34 
'V' in task t1-3 on thread 34 
'W' in task t1-3 on thread 34 


'X' in task t1-3 on thread 34 
'Y' in task t1-3 on thread 34 
'Z' in task t1-3 on thread 34 


'[' in task t1-3 on thread 34 
'\' in task t1-3 on thread 34 
']' in task t1-3 on thread 34 


'^' in task t1-3 on thread 34 
'_' in task t1-3 on thread 34 
'`' in task t1-3 on thread 34 


'a' in task t1-3 on thread 34 
'b' in task t1-3 on thread 34 
'c' in task t1-3 on thread 34 


'd' in task t1-3 on thread 34 
'e' in task t1-3 on thread 34 
'f' in task t1-3 on thread 34 


'g' in task t1-3 on thread 34 
'h' in task t1-3 on thread 34 
'i' in task t1-3 on thread 34 


'j' in task t1-3 on thread 34 
'k' in task t1-3 on thread 34 
'l' in task t1-3 on thread 34 


'm' in task t1-3 on thread 34 
'n' in task t1-3 on thread 34 
'o' in task t1-3 on thread 34 


'p' in task t1-3 on thread 34 
'q' in task t1-3 on thread 34 
'r' in task t1-3 on thread 34 


's' in task t1-3 on thread 34 
't' in task t1-3 on thread 34 
'u' in task t1-3 on thread 34 


'v' in task t1-3 on thread 34 
'w' in task t1-3 on thread 34 
'x' in task t1-3 on thread 34 


'y' in task t1-3 on thread 34 
'z' in task t1-3 on thread 34 
'{' in task t1-3 on thread 34 


'|' in task t1-3 on thread 34 
'}' in task t1-3 on thread 34 
'~' in task t1-3 on thread 34 


'!' in task t1-3 on thread 34 
'"' in task t1-3 on thread 34 
'#' in task t1-3 on thread 34 


'$' in task t1-3 on thread 34 
'%' in task t1-3 on thread 34 
'&amp;' in task t1-3 on thread 34 


''' in task t1-3 on thread 34 
'(' in task t1-3 on thread 34 
')' in task t1-3 on thread 34 


'*' in task t1-3 on thread 34 
'+' in task t1-3 on thread 34 
',' in task t1-3 on thread 34 


'-' in task t1-3 on thread 34 
'.' in task t1-3 on thread 34 
'/' in task t1-3 on thread 34 


'0' in task t1-3 on thread 34 
'1' in task t1-3 on thread 34 
'2' in task t1-3 on thread 34 


'3' in task t1-3 on thread 34 
'4' in task t1-3 on thread 34 
'5' in task t1-3 on thread 34 


'6' in task t1-3 on thread 34 
'7' in task t1-3 on thread 34 
'8' in task t1-3 on thread 34 


'9' in task t1-3 on thread 34 
':' in task t1-3 on thread 34 
';' in task t1-3 on thread 34 


'&lt;' in task t1-3 on thread 34 
'=' in task t1-3 on thread 34 
'&gt;' in task t1-3 on thread 34 


'?' in task t1-3 on thread 34 
'@' in task t1-3 on thread 34 
'A' in task t1-3 on thread 34 


'B' in task t1-3 on thread 34 
'C' in task t1-3 on thread 34 
'D' in task t1-3 on thread 34 


'E' in task t1-3 on thread 34 
'F' in task t1-3 on thread 34 
'G' in task t1-3 on thread 34 


'H' in task t1-3 on thread 34 
'I' in task t1-3 on thread 34 
'J' in task t1-3 on thread 34 


'K' in task t1-3 on thread 34 
'L' in task t1-3 on thread 34 
'M' in task t1-3 on thread 34 


'N' in task t1-3 on thread 34 
'O' in task t1-3 on thread 34 
'P' in task t1-3 on thread 34 


'Q' in task t1-3 on thread 34 
'R' in task t1-3 on thread 34 
'S' in task t1-3 on thread 34 


'T' in task t1-3 on thread 34 
'U' in task t1-3 on thread 34 
'V' in task t1-3 on thread 34 


'W' in task t1-3 on thread 34 
'X' in task t1-3 on thread 34 
'Y' in task t1-3 on thread 34 


'Z' in task t1-3 on thread 34 
'[' in task t1-3 on thread 34 
'\' in task t1-3 on thread 34 


']' in task t1-3 on thread 34 
'^' in task t1-3 on thread 34 
'_' in task t1-3 on thread 34 


'`' in task t1-3 on thread 34 
'a' in task t1-3 on thread 34 
'b' in task t1-3 on thread 34 


'c' in task t1-3 on thread 34 
'd' in task t1-3 on thread 34 
'e' in task t1-3 on thread 34 


'f' in task t1-3 on thread 34 
'g' in task t1-3 on thread 34 
'h' in task t1-3 on thread 34 


'i' in task t1-3 on thread 34 
'j' in task t1-3 on thread 34 
'k' in task t1-3 on thread 34 


'l' in task t1-3 on thread 34 
'm' in task t1-3 on thread 34 
'n' in task t1-3 on thread 34 


'o' in task t1-3 on thread 34 
'p' in task t1-3 on thread 34 
'q' in task t1-3 on thread 34 


'r' in task t1-3 on thread 34 
's' in task t1-3 on thread 34 
't' in task t1-3 on thread 34 


'u' in task t1-3 on thread 34 
'v' in task t1-3 on thread 34 
'w' in task t1-3 on thread 34 


'x' in task t1-3 on thread 34 
'y' in task t1-3 on thread 34 
'z' in task t1-3 on thread 34 


'{' in task t1-3 on thread 34 
'|' in task t1-3 on thread 34 
'}' in task t1-3 on thread 34 


'~' in task t1-3 on thread 34 
'!' in task t1-3 on thread 34 
'"' in task t1-3 on thread 34 


'#' in task t1-3 on thread 34 
'$' in task t1-3 on thread 34 
'%' in task t1-3 on thread 34 


'&amp;' in task t1-3 on thread 34 
''' in task t1-3 on thread 34 
'(' in task t1-3 on thread 34 


')' in task t1-3 on thread 34 
'*' in task t1-3 on thread 34 
'+' in task t1-3 on thread 34 


',' in task t1-3 on thread 34 
'-' in task t1-3 on thread 34 
'.' in task t1-3 on thread 34 


'/' in task t1-3 on thread 34 
'0' in task t1-3 on thread 34 
'1' in task t1-3 on thread 34 


'2' in task t1-3 on thread 34 
'3' in task t1-3 on thread 34 
'4' in task t1-3 on thread 34 


'5' in task t1-3 on thread 34 
'6' in task t1-3 on thread 34 
'7' in task t1-3 on thread 34 


'8' in task t1-3 on thread 34 
'9' in task t1-3 on thread 34 
':' in task t1-3 on thread 34 


';' in task t1-3 on thread 34 
'&lt;' in task t1-3 on thread 34 
'=' in task t1-3 on thread 34 


'&gt;' in task t1-3 on thread 34 
'?' in task t1-3 on thread 34 
'@' in task t1-3 on thread 34 


'A' in task t1-3 on thread 34 
'B' in task t1-3 on thread 34 
'C' in task t1-3 on thread 34 


'D' in task t1-3 on thread 34 
'E' in task t1-3 on thread 34 
'F' in task t1-3 on thread 34 


'G' in task t1-3 on thread 34 
'H' in task t1-3 on thread 34 
'I' in task t1-3 on thread 34 


'J' in task t1-3 on thread 34 
'K' in task t1-3 on thread 34 
'L' in task t1-3 on thread 34 


'M' in task t1-3 on thread 34 
'N' in task t1-3 on thread 34 
'O' in task t1-3 on thread 34 


'P' in task t1-3 on thread 34 
'Q' in task t1-3 on thread 34 
'R' in task t1-3 on thread 34 


'S' in task t1-3 on thread 34 
'T' in task t1-3 on thread 34 
'U' in task t1-3 on thread 34 


'V' in task t1-3 on thread 34 
'W' in task t1-3 on thread 34 
'X' in task t1-3 on thread 34 


'Y' in task t1-3 on thread 34 
'Z' in task t1-3 on thread 34 
'[' in task t1-3 on thread 34 


'\' in task t1-3 on thread 34 
']' in task t1-3 on thread 34 
'^' in task t1-3 on thread 34 


'_' in task t1-3 on thread 34 
'`' in task t1-3 on thread 34 
'a' in task t1-3 on thread 34 


'b' in task t1-3 on thread 34 
'c' in task t1-3 on thread 34 
'd' in task t1-3 on thread 34 


'e' in task t1-3 on thread 34 
'f' in task t1-3 on thread 34 
'g' in task t1-3 on thread 34 


'h' in task t1-3 on thread 34 
'i' in task t1-3 on thread 34 
'j' in task t1-3 on thread 34 


'k' in task t1-3 on thread 34 
'l' in task t1-3 on thread 34 
'm' in task t1-3 on thread 34 


'n' in task t1-3 on thread 34 
'o' in task t1-3 on thread 34 
'p' in task t1-3 on thread 34 


'q' in task t1-3 on thread 34 
'r' in task t1-3 on thread 34 
's' in task t1-3 on thread 34 


't' in task t1-3 on thread 34 
'u' in task t1-3 on thread 34 
'v' in task t1-3 on thread 34 


'w' in task t1-3 on thread 34 
'x' in task t1-3 on thread 34 
'y' in task t1-3 on thread 34 


'z' in task t1-3 on thread 34 
'{' in task t1-3 on thread 34 
'|' in task t1-3 on thread 34 


'}' in task t1-3 on thread 34 
'~' in task t1-3 on thread 34 
',' in task t1-2 on thread 41 


'-' in task t1-2 on thread 41 
'.' in task t1-2 on thread 41 
'/' in task t1-2 on thread 41 


'0' in task t1-2 on thread 41 
'1' in task t1-2 on thread 41 
'2' in task t1-2 on thread 41 


'3' in task t1-2 on thread 41 
'4' in task t1-2 on thread 41 
'5' in task t1-2 on thread 41 


'6' in task t1-2 on thread 41 
'7' in task t1-2 on thread 41 
'8' in task t1-2 on thread 41 


'9' in task t1-2 on thread 41 
':' in task t1-2 on thread 41 
';' in task t1-2 on thread 41 


'&lt;' in task t1-2 on thread 41 
'=' in task t1-2 on thread 41 
'&gt;' in task t1-2 on thread 41 


'?' in task t1-2 on thread 41 
'@' in task t1-2 on thread 41 
'A' in task t1-2 on thread 41 


'B' in task t1-2 on thread 41 
'C' in task t1-2 on thread 41 
'D' in task t1-2 on thread 41 


'E' in task t1-2 on thread 41 
'F' in task t1-2 on thread 41 
'G' in task t1-2 on thread 41 


'H' in task t1-2 on thread 41 
'I' in task t1-2 on thread 41 
'J' in task t1-2 on thread 41 


'K' in task t1-2 on thread 41 
'L' in task t1-2 on thread 41 
'M' in task t1-2 on thread 41 


'N' in task t1-2 on thread 41 
'O' in task t1-2 on thread 41 
'P' in task t1-2 on thread 41 


'Q' in task t1-2 on thread 41 
'R' in task t1-2 on thread 41 
'S' in task t1-2 on thread 41 


'T' in task t1-2 on thread 41 
'U' in task t1-2 on thread 41 
'V' in task t1-2 on thread 41 


'W' in task t1-2 on thread 41 
'X' in task t1-2 on thread 41 
'Y' in task t1-2 on thread 41 


'Z' in task t1-2 on thread 41 
'[' in task t1-2 on thread 41 
'\' in task t1-2 on thread 41 


']' in task t1-2 on thread 41 
'^' in task t1-2 on thread 41 
'_' in task t1-2 on thread 41 


'`' in task t1-2 on thread 41 
'a' in task t1-2 on thread 41 
'b' in task t1-2 on thread 41 


'c' in task t1-2 on thread 41 
'd' in task t1-2 on thread 41 
'e' in task t1-2 on thread 41 


'f' in task t1-2 on thread 41 
'g' in task t1-2 on thread 41 
'h' in task t1-2 on thread 41 


'i' in task t1-2 on thread 41 
'j' in task t1-2 on thread 41 
'k' in task t1-2 on thread 41 


'l' in task t1-2 on thread 41 
'm' in task t1-2 on thread 41 
'n' in task t1-2 on thread 41 


'o' in task t1-2 on thread 41 
'p' in task t1-2 on thread 41 
'q' in task t1-2 on thread 41 


'r' in task t1-2 on thread 41 
's' in task t1-2 on thread 41 
't' in task t1-2 on thread 41 


'u' in task t1-2 on thread 41 
'v' in task t1-2 on thread 41 
'w' in task t1-2 on thread 41 


'x' in task t1-2 on thread 41 
'y' in task t1-2 on thread 41 
'z' in task t1-2 on thread 41 


'{' in task t1-2 on thread 41 
'|' in task t1-2 on thread 41 
'}' in task t1-2 on thread 41 


'~' in task t1-2 on thread 41 


Successful completion.
</DebugTrace>
      </Output>
    </UnitTestResult>
  </Results>
</TestRun>